{"C:\\laragon\\www\\ODOB Mobile - Terbaru\\src\\api\\admin.ts": {"path":"C:\\laragon\\www\\ODOB Mobile - Terbaru\\src\\api\\admin.ts","statementMap":{"0":{"start":{"line":11,"column":21},"end":{"line":17,"column":1}},"1":{"start":{"line":12,"column":28},"end":{"line":12,"column":56}},"2":{"start":{"line":13,"column":2},"end":{"line":15,"column":3}},"3":{"start":{"line":14,"column":4},"end":{"line":14,"column":53}},"4":{"start":{"line":16,"column":2},"end":{"line":16,"column":34}},"5":{"start":{"line":19,"column":24},"end":{"line":145,"column":1}},"6":{"start":{"line":22,"column":4},"end":{"line":22,"column":90}},"7":{"start":{"line":25,"column":4},"end":{"line":25,"column":65}},"8":{"start":{"line":28,"column":4},"end":{"line":28,"column":65}},"9":{"start":{"line":31,"column":4},"end":{"line":31,"column":66}},"10":{"start":{"line":34,"column":4},"end":{"line":34,"column":63}},"11":{"start":{"line":38,"column":4},"end":{"line":38,"column":59}},"12":{"start":{"line":41,"column":4},"end":{"line":41,"column":65}},"13":{"start":{"line":44,"column":4},"end":{"line":44,"column":51}},"14":{"start":{"line":47,"column":4},"end":{"line":47,"column":61}},"15":{"start":{"line":50,"column":4},"end":{"line":50,"column":45}},"16":{"start":{"line":54,"column":4},"end":{"line":54,"column":100}},"17":{"start":{"line":57,"column":4},"end":{"line":57,"column":100}},"18":{"start":{"line":60,"column":4},"end":{"line":60,"column":59}},"19":{"start":{"line":63,"column":4},"end":{"line":63,"column":78}},"20":{"start":{"line":67,"column":4},"end":{"line":67,"column":54}},"21":{"start":{"line":70,"column":4},"end":{"line":70,"column":54}},"22":{"start":{"line":73,"column":4},"end":{"line":73,"column":54}},"23":{"start":{"line":76,"column":4},"end":{"line":76,"column":59}},"24":{"start":{"line":79,"column":4},"end":{"line":79,"column":47}},"25":{"start":{"line":83,"column":4},"end":{"line":83,"column":58}},"26":{"start":{"line":86,"column":4},"end":{"line":86,"column":67}},"27":{"start":{"line":89,"column":4},"end":{"line":89,"column":53}},"28":{"start":{"line":93,"column":30},"end":{"line":93,"column":58}},"29":{"start":{"line":94,"column":4},"end":{"line":96,"column":5}},"30":{"start":{"line":95,"column":6},"end":{"line":95,"column":55}},"31":{"start":{"line":98,"column":19},"end":{"line":98,"column":50}},"32":{"start":{"line":99,"column":20},"end":{"line":99,"column":34}},"33":{"start":{"line":100,"column":21},"end":{"line":100,"column":83}},"34":{"start":{"line":103,"column":24},"end":{"line":103,"column":45}},"35":{"start":{"line":104,"column":4},"end":{"line":104,"column":73}},"36":{"start":{"line":104,"column":23},"end":{"line":104,"column":73}},"37":{"start":{"line":105,"column":4},"end":{"line":105,"column":70}},"38":{"start":{"line":105,"column":22},"end":{"line":105,"column":70}},"39":{"start":{"line":107,"column":24},"end":{"line":107,"column":46}},"40":{"start":{"line":108,"column":4},"end":{"line":108,"column":74}},"41":{"start":{"line":113,"column":30},"end":{"line":113,"column":58}},"42":{"start":{"line":114,"column":4},"end":{"line":114,"column":36}},"43":{"start":{"line":114,"column":24},"end":{"line":114,"column":36}},"44":{"start":{"line":116,"column":21},"end":{"line":116,"column":45}},"45":{"start":{"line":117,"column":4},"end":{"line":117,"column":49}},"46":{"start":{"line":122,"column":30},"end":{"line":122,"column":58}},"47":{"start":{"line":123,"column":4},"end":{"line":123,"column":34}},"48":{"start":{"line":123,"column":24},"end":{"line":123,"column":34}},"49":{"start":{"line":125,"column":21},"end":{"line":125,"column":45}},"50":{"start":{"line":126,"column":18},"end":{"line":126,"column":55}},"51":{"start":{"line":128,"column":44},"end":{"line":130,"column":5}},"52":{"start":{"line":132,"column":4},"end":{"line":134,"column":5}},"53":{"start":{"line":133,"column":6},"end":{"line":133,"column":51}},"54":{"start":{"line":137,"column":29},"end":{"line":137,"column":59}},"55":{"start":{"line":138,"column":45},"end":{"line":138,"column":83}},"56":{"start":{"line":139,"column":4},"end":{"line":141,"column":5}},"57":{"start":{"line":140,"column":6},"end":{"line":140,"column":50}},"58":{"start":{"line":143,"column":4},"end":{"line":143,"column":19}}},"fnMap":{"0":{"name":"(anonymous_0)","decl":{"start":{"line":11,"column":21},"end":{"line":11,"column":22}},"loc":{"start":{"line":11,"column":27},"end":{"line":17,"column":1}},"line":11},"1":{"name":"(anonymous_1)","decl":{"start":{"line":21,"column":12},"end":{"line":21,"column":13}},"loc":{"start":{"line":22,"column":4},"end":{"line":22,"column":90}},"line":22},"2":{"name":"(anonymous_2)","decl":{"start":{"line":24,"column":14},"end":{"line":24,"column":15}},"loc":{"start":{"line":25,"column":4},"end":{"line":25,"column":65}},"line":25},"3":{"name":"(anonymous_3)","decl":{"start":{"line":27,"column":13},"end":{"line":27,"column":14}},"loc":{"start":{"line":28,"column":4},"end":{"line":28,"column":65}},"line":28},"4":{"name":"(anonymous_4)","decl":{"start":{"line":30,"column":17},"end":{"line":30,"column":18}},"loc":{"start":{"line":31,"column":4},"end":{"line":31,"column":66}},"line":31},"5":{"name":"(anonymous_5)","decl":{"start":{"line":33,"column":16},"end":{"line":33,"column":17}},"loc":{"start":{"line":34,"column":4},"end":{"line":34,"column":63}},"line":34},"6":{"name":"(anonymous_6)","decl":{"start":{"line":37,"column":14},"end":{"line":37,"column":15}},"loc":{"start":{"line":38,"column":4},"end":{"line":38,"column":59}},"line":38},"7":{"name":"(anonymous_7)","decl":{"start":{"line":40,"column":19},"end":{"line":40,"column":20}},"loc":{"start":{"line":41,"column":4},"end":{"line":41,"column":65}},"line":41},"8":{"name":"(anonymous_8)","decl":{"start":{"line":43,"column":19},"end":{"line":43,"column":20}},"loc":{"start":{"line":44,"column":4},"end":{"line":44,"column":51}},"line":44},"9":{"name":"(anonymous_9)","decl":{"start":{"line":46,"column":16},"end":{"line":46,"column":17}},"loc":{"start":{"line":47,"column":4},"end":{"line":47,"column":61}},"line":47},"10":{"name":"(anonymous_10)","decl":{"start":{"line":49,"column":14},"end":{"line":49,"column":15}},"loc":{"start":{"line":50,"column":4},"end":{"line":50,"column":45}},"line":50},"11":{"name":"(anonymous_11)","decl":{"start":{"line":53,"column":21},"end":{"line":53,"column":22}},"loc":{"start":{"line":54,"column":4},"end":{"line":54,"column":100}},"line":54},"12":{"name":"(anonymous_12)","decl":{"start":{"line":56,"column":20},"end":{"line":56,"column":21}},"loc":{"start":{"line":57,"column":4},"end":{"line":57,"column":100}},"line":57},"13":{"name":"(anonymous_13)","decl":{"start":{"line":59,"column":20},"end":{"line":59,"column":21}},"loc":{"start":{"line":60,"column":4},"end":{"line":60,"column":59}},"line":60},"14":{"name":"(anonymous_14)","decl":{"start":{"line":62,"column":25},"end":{"line":62,"column":26}},"loc":{"start":{"line":63,"column":4},"end":{"line":63,"column":78}},"line":63},"15":{"name":"(anonymous_15)","decl":{"start":{"line":66,"column":14},"end":{"line":66,"column":15}},"loc":{"start":{"line":67,"column":4},"end":{"line":67,"column":54}},"line":67},"16":{"name":"(anonymous_16)","decl":{"start":{"line":69,"column":19},"end":{"line":69,"column":20}},"loc":{"start":{"line":70,"column":4},"end":{"line":70,"column":54}},"line":70},"17":{"name":"(anonymous_17)","decl":{"start":{"line":72,"column":15},"end":{"line":72,"column":16}},"loc":{"start":{"line":73,"column":4},"end":{"line":73,"column":54}},"line":73},"18":{"name":"(anonymous_18)","decl":{"start":{"line":75,"column":14},"end":{"line":75,"column":15}},"loc":{"start":{"line":76,"column":4},"end":{"line":76,"column":59}},"line":76},"19":{"name":"(anonymous_19)","decl":{"start":{"line":78,"column":14},"end":{"line":78,"column":15}},"loc":{"start":{"line":79,"column":4},"end":{"line":79,"column":47}},"line":79},"20":{"name":"(anonymous_20)","decl":{"start":{"line":82,"column":18},"end":{"line":82,"column":19}},"loc":{"start":{"line":83,"column":4},"end":{"line":83,"column":58}},"line":83},"21":{"name":"(anonymous_21)","decl":{"start":{"line":85,"column":20},"end":{"line":85,"column":21}},"loc":{"start":{"line":86,"column":4},"end":{"line":86,"column":67}},"line":86},"22":{"name":"(anonymous_22)","decl":{"start":{"line":88,"column":20},"end":{"line":88,"column":21}},"loc":{"start":{"line":89,"column":4},"end":{"line":89,"column":53}},"line":89},"23":{"name":"(anonymous_23)","decl":{"start":{"line":92,"column":16},"end":{"line":92,"column":17}},"loc":{"start":{"line":92,"column":95},"end":{"line":109,"column":3}},"line":92},"24":{"name":"(anonymous_24)","decl":{"start":{"line":112,"column":16},"end":{"line":112,"column":17}},"loc":{"start":{"line":112,"column":52},"end":{"line":118,"column":3}},"line":112},"25":{"name":"(anonymous_25)","decl":{"start":{"line":121,"column":22},"end":{"line":121,"column":23}},"loc":{"start":{"line":121,"column":67},"end":{"line":144,"column":3}},"line":121}},"branchMap":{"0":{"loc":{"start":{"line":13,"column":2},"end":{"line":15,"column":3}},"type":"if","locations":[{"start":{"line":13,"column":2},"end":{"line":15,"column":3}},{"start":{},"end":{}}],"line":13},"1":{"loc":{"start":{"line":21,"column":13},"end":{"line":21,"column":21}},"type":"default-arg","locations":[{"start":{"line":21,"column":20},"end":{"line":21,"column":21}}],"line":21},"2":{"loc":{"start":{"line":53,"column":22},"end":{"line":53,"column":30}},"type":"default-arg","locations":[{"start":{"line":53,"column":29},"end":{"line":53,"column":30}}],"line":53},"3":{"loc":{"start":{"line":56,"column":21},"end":{"line":56,"column":29}},"type":"default-arg","locations":[{"start":{"line":56,"column":28},"end":{"line":56,"column":29}}],"line":56},"4":{"loc":{"start":{"line":94,"column":4},"end":{"line":96,"column":5}},"type":"if","locations":[{"start":{"line":94,"column":4},"end":{"line":96,"column":5}},{"start":{},"end":{}}],"line":94},"5":{"loc":{"start":{"line":100,"column":21},"end":{"line":100,"column":83}},"type":"cond-expr","locations":[{"start":{"line":100,"column":40},"end":{"line":100,"column":61}},{"start":{"line":100,"column":64},"end":{"line":100,"column":83}}],"line":100},"6":{"loc":{"start":{"line":104,"column":4},"end":{"line":104,"column":73}},"type":"if","locations":[{"start":{"line":104,"column":4},"end":{"line":104,"column":73}},{"start":{},"end":{}}],"line":104},"7":{"loc":{"start":{"line":105,"column":4},"end":{"line":105,"column":70}},"type":"if","locations":[{"start":{"line":105,"column":4},"end":{"line":105,"column":70}},{"start":{},"end":{}}],"line":105},"8":{"loc":{"start":{"line":108,"column":35},"end":{"line":108,"column":71}},"type":"cond-expr","locations":[{"start":{"line":108,"column":49},"end":{"line":108,"column":66}},{"start":{"line":108,"column":69},"end":{"line":108,"column":71}}],"line":108},"9":{"loc":{"start":{"line":114,"column":4},"end":{"line":114,"column":36}},"type":"if","locations":[{"start":{"line":114,"column":4},"end":{"line":114,"column":36}},{"start":{},"end":{}}],"line":114},"10":{"loc":{"start":{"line":123,"column":4},"end":{"line":123,"column":34}},"type":"if","locations":[{"start":{"line":123,"column":4},"end":{"line":123,"column":34}},{"start":{},"end":{}}],"line":123},"11":{"loc":{"start":{"line":132,"column":4},"end":{"line":134,"column":5}},"type":"if","locations":[{"start":{"line":132,"column":4},"end":{"line":134,"column":5}},{"start":{},"end":{}}],"line":132},"12":{"loc":{"start":{"line":139,"column":4},"end":{"line":141,"column":5}},"type":"if","locations":[{"start":{"line":139,"column":4},"end":{"line":141,"column":5}},{"start":{},"end":{}}],"line":139}},"s":{"0":0,"1":0,"2":0,"3":0,"4":0,"5":0,"6":0,"7":0,"8":0,"9":0,"10":0,"11":0,"12":0,"13":0,"14":0,"15":0,"16":0,"17":0,"18":0,"19":0,"20":0,"21":0,"22":0,"23":0,"24":0,"25":0,"26":0,"27":0,"28":0,"29":0,"30":0,"31":0,"32":0,"33":0,"34":0,"35":0,"36":0,"37":0,"38":0,"39":0,"40":0,"41":0,"42":0,"43":0,"44":0,"45":0,"46":0,"47":0,"48":0,"49":0,"50":0,"51":0,"52":0,"53":0,"54":0,"55":0,"56":0,"57":0,"58":0},"f":{"0":0,"1":0,"2":0,"3":0,"4":0,"5":0,"6":0,"7":0,"8":0,"9":0,"10":0,"11":0,"12":0,"13":0,"14":0,"15":0,"16":0,"17":0,"18":0,"19":0,"20":0,"21":0,"22":0,"23":0,"24":0,"25":0},"b":{"0":[0,0],"1":[0],"2":[0],"3":[0],"4":[0,0],"5":[0,0],"6":[0,0],"7":[0,0],"8":[0,0],"9":[0,0],"10":[0,0],"11":[0,0],"12":[0,0]}}
,"C:\\laragon\\www\\ODOB Mobile - Terbaru\\src\\api\\auth.ts": {"path":"C:\\laragon\\www\\ODOB Mobile - Terbaru\\src\\api\\auth.ts","statementMap":{"0":{"start":{"line":4,"column":23},"end":{"line":16,"column":1}},"1":{"start":{"line":6,"column":4},"end":{"line":6,"column":56}},"2":{"start":{"line":9,"column":4},"end":{"line":9,"column":59}},"3":{"start":{"line":11,"column":16},"end":{"line":11,"column":46}},"4":{"start":{"line":13,"column":12},"end":{"line":13,"column":47}},"5":{"start":{"line":15,"column":17},"end":{"line":15,"column":67}}},"fnMap":{"0":{"name":"(anonymous_0)","decl":{"start":{"line":5,"column":9},"end":{"line":5,"column":10}},"loc":{"start":{"line":6,"column":4},"end":{"line":6,"column":56}},"line":6},"1":{"name":"(anonymous_1)","decl":{"start":{"line":8,"column":12},"end":{"line":8,"column":13}},"loc":{"start":{"line":9,"column":4},"end":{"line":9,"column":59}},"line":9},"2":{"name":"(anonymous_2)","decl":{"start":{"line":11,"column":10},"end":{"line":11,"column":11}},"loc":{"start":{"line":11,"column":16},"end":{"line":11,"column":46}},"line":11},"3":{"name":"(anonymous_3)","decl":{"start":{"line":13,"column":6},"end":{"line":13,"column":7}},"loc":{"start":{"line":13,"column":12},"end":{"line":13,"column":47}},"line":13},"4":{"name":"(anonymous_4)","decl":{"start":{"line":15,"column":11},"end":{"line":15,"column":12}},"loc":{"start":{"line":15,"column":17},"end":{"line":15,"column":67}},"line":15}},"branchMap":{},"s":{"0":0,"1":0,"2":0,"3":0,"4":0,"5":0},"f":{"0":0,"1":0,"2":0,"3":0,"4":0},"b":{}}
,"C:\\laragon\\www\\ODOB Mobile - Terbaru\\src\\api\\client.ts": {"path":"C:\\laragon\\www\\ODOB Mobile - Terbaru\\src\\api\\client.ts","statementMap":{"0":{"start":{"line":24,"column":17},"end":{"line":24,"column":70}},"1":{"start":{"line":26,"column":0},"end":{"line":28,"column":1}},"2":{"start":{"line":27,"column":2},"end":{"line":27,"column":43}},"3":{"start":{"line":30,"column":43},"end":{"line":30,"column":47}},"4":{"start":{"line":31,"column":33},"end":{"line":33,"column":1}},"5":{"start":{"line":32,"column":2},"end":{"line":32,"column":23}},"6":{"start":{"line":36,"column":35},"end":{"line":36,"column":39}},"7":{"start":{"line":37,"column":31},"end":{"line":39,"column":1}},"8":{"start":{"line":38,"column":2},"end":{"line":38,"column":21}},"9":{"start":{"line":41,"column":18},"end":{"line":45,"column":2}},"10":{"start":{"line":48,"column":0},"end":{"line":62,"column":3}},"11":{"start":{"line":49,"column":16},"end":{"line":49,"column":46}},"12":{"start":{"line":50,"column":2},"end":{"line":52,"column":3}},"13":{"start":{"line":51,"column":4},"end":{"line":51,"column":53}},"14":{"start":{"line":53,"column":2},"end":{"line":55,"column":3}},"15":{"start":{"line":54,"column":4},"end":{"line":54,"column":56}},"16":{"start":{"line":56,"column":2},"end":{"line":60,"column":3}},"17":{"start":{"line":57,"column":4},"end":{"line":57,"column":59}},"18":{"start":{"line":58,"column":9},"end":{"line":60,"column":3}},"19":{"start":{"line":59,"column":4},"end":{"line":59,"column":56}},"20":{"start":{"line":61,"column":2},"end":{"line":61,"column":16}},"21":{"start":{"line":65,"column":0},"end":{"line":102,"column":2}},"22":{"start":{"line":66,"column":16},"end":{"line":66,"column":24}},"23":{"start":{"line":68,"column":19},"end":{"line":68,"column":41}},"24":{"start":{"line":69,"column":28},"end":{"line":71,"column":5}},"25":{"start":{"line":73,"column":4},"end":{"line":98,"column":5}},"26":{"start":{"line":74,"column":6},"end":{"line":74,"column":36}},"27":{"start":{"line":75,"column":6},"end":{"line":97,"column":7}},"28":{"start":{"line":76,"column":25},"end":{"line":85,"column":9}},"29":{"start":{"line":86,"column":8},"end":{"line":86,"column":50}},"30":{"start":{"line":87,"column":8},"end":{"line":87,"column":71}},"31":{"start":{"line":88,"column":8},"end":{"line":88,"column":42}},"32":{"start":{"line":90,"column":8},"end":{"line":90,"column":42}},"33":{"start":{"line":91,"column":8},"end":{"line":91,"column":28}},"34":{"start":{"line":94,"column":8},"end":{"line":96,"column":9}},"35":{"start":{"line":95,"column":10},"end":{"line":95,"column":109}},"36":{"start":{"line":100,"column":4},"end":{"line":100,"column":33}}},"fnMap":{"0":{"name":"(anonymous_0)","decl":{"start":{"line":31,"column":33},"end":{"line":31,"column":34}},"loc":{"start":{"line":31,"column":53},"end":{"line":33,"column":1}},"line":31},"1":{"name":"(anonymous_1)","decl":{"start":{"line":37,"column":31},"end":{"line":37,"column":32}},"loc":{"start":{"line":37,"column":54},"end":{"line":39,"column":1}},"line":37},"2":{"name":"(anonymous_2)","decl":{"start":{"line":48,"column":35},"end":{"line":48,"column":36}},"loc":{"start":{"line":48,"column":53},"end":{"line":62,"column":1}},"line":48},"3":{"name":"(anonymous_3)","decl":{"start":{"line":66,"column":2},"end":{"line":66,"column":3}},"loc":{"start":{"line":66,"column":16},"end":{"line":66,"column":24}},"line":66},"4":{"name":"(anonymous_4)","decl":{"start":{"line":67,"column":2},"end":{"line":67,"column":3}},"loc":{"start":{"line":67,"column":31},"end":{"line":101,"column":3}},"line":67}},"branchMap":{"0":{"loc":{"start":{"line":24,"column":17},"end":{"line":24,"column":70}},"type":"binary-expr","locations":[{"start":{"line":24,"column":17},"end":{"line":24,"column":36}},{"start":{"line":24,"column":40},"end":{"line":24,"column":70}}],"line":24},"1":{"loc":{"start":{"line":26,"column":0},"end":{"line":28,"column":1}},"type":"if","locations":[{"start":{"line":26,"column":0},"end":{"line":28,"column":1}},{"start":{},"end":{}}],"line":26},"2":{"loc":{"start":{"line":50,"column":2},"end":{"line":52,"column":3}},"type":"if","locations":[{"start":{"line":50,"column":2},"end":{"line":52,"column":3}},{"start":{},"end":{}}],"line":50},"3":{"loc":{"start":{"line":53,"column":2},"end":{"line":55,"column":3}},"type":"if","locations":[{"start":{"line":53,"column":2},"end":{"line":55,"column":3}},{"start":{},"end":{}}],"line":53},"4":{"loc":{"start":{"line":56,"column":2},"end":{"line":60,"column":3}},"type":"if","locations":[{"start":{"line":56,"column":2},"end":{"line":60,"column":3}},{"start":{"line":58,"column":9},"end":{"line":60,"column":3}}],"line":56},"5":{"loc":{"start":{"line":58,"column":9},"end":{"line":60,"column":3}},"type":"if","locations":[{"start":{"line":58,"column":9},"end":{"line":60,"column":3}},{"start":{},"end":{}}],"line":58},"6":{"loc":{"start":{"line":73,"column":4},"end":{"line":98,"column":5}},"type":"if","locations":[{"start":{"line":73,"column":4},"end":{"line":98,"column":5}},{"start":{},"end":{}}],"line":73},"7":{"loc":{"start":{"line":73,"column":8},"end":{"line":73,"column":49}},"type":"binary-expr","locations":[{"start":{"line":73,"column":8},"end":{"line":73,"column":22}},{"start":{"line":73,"column":26},"end":{"line":73,"column":49}}],"line":73},"8":{"loc":{"start":{"line":94,"column":8},"end":{"line":96,"column":9}},"type":"if","locations":[{"start":{"line":94,"column":8},"end":{"line":96,"column":9}},{"start":{},"end":{}}],"line":94}},"s":{"0":0,"1":0,"2":0,"3":0,"4":0,"5":0,"6":0,"7":0,"8":0,"9":0,"10":0,"11":0,"12":0,"13":0,"14":0,"15":0,"16":0,"17":0,"18":0,"19":0,"20":0,"21":0,"22":0,"23":0,"24":0,"25":0,"26":0,"27":0,"28":0,"29":0,"30":0,"31":0,"32":0,"33":0,"34":0,"35":0,"36":0},"f":{"0":0,"1":0,"2":0,"3":0,"4":0},"b":{"0":[0,0],"1":[0,0],"2":[0,0],"3":[0,0],"4":[0,0],"5":[0,0],"6":[0,0],"7":[0,0],"8":[0,0]}}
,"C:\\laragon\\www\\ODOB Mobile - Terbaru\\src\\api\\dashboard.ts": {"path":"C:\\laragon\\www\\ODOB Mobile - Terbaru\\src\\api\\dashboard.ts","statementMap":{"0":{"start":{"line":5,"column":21},"end":{"line":11,"column":1}},"1":{"start":{"line":6,"column":28},"end":{"line":6,"column":56}},"2":{"start":{"line":7,"column":2},"end":{"line":9,"column":3}},"3":{"start":{"line":8,"column":4},"end":{"line":8,"column":53}},"4":{"start":{"line":10,"column":2},"end":{"line":10,"column":34}},"5":{"start":{"line":13,"column":28},"end":{"line":26,"column":1}},"6":{"start":{"line":14,"column":15},"end":{"line":14,"column":69}},"7":{"start":{"line":25,"column":4},"end":{"line":25,"column":102}}},"fnMap":{"0":{"name":"(anonymous_0)","decl":{"start":{"line":5,"column":21},"end":{"line":5,"column":22}},"loc":{"start":{"line":5,"column":27},"end":{"line":11,"column":1}},"line":5},"1":{"name":"(anonymous_1)","decl":{"start":{"line":14,"column":9},"end":{"line":14,"column":10}},"loc":{"start":{"line":14,"column":15},"end":{"line":14,"column":69}},"line":14},"2":{"name":"(anonymous_2)","decl":{"start":{"line":16,"column":15},"end":{"line":16,"column":16}},"loc":{"start":{"line":25,"column":4},"end":{"line":25,"column":102}},"line":25}},"branchMap":{"0":{"loc":{"start":{"line":7,"column":2},"end":{"line":9,"column":3}},"type":"if","locations":[{"start":{"line":7,"column":2},"end":{"line":9,"column":3}},{"start":{},"end":{}}],"line":7}},"s":{"0":0,"1":0,"2":0,"3":0,"4":0,"5":0,"6":0,"7":0},"f":{"0":0,"1":0,"2":0},"b":{"0":[0,0]}}
,"C:\\laragon\\www\\ODOB Mobile - Terbaru\\src\\api\\index.ts": {"path":"C:\\laragon\\www\\ODOB Mobile - Terbaru\\src\\api\\index.ts","statementMap":{},"fnMap":{},"branchMap":{},"s":{},"f":{},"b":{}}
,"C:\\laragon\\www\\ODOB Mobile - Terbaru\\src\\api\\profile.ts": {"path":"C:\\laragon\\www\\ODOB Mobile - Terbaru\\src\\api\\profile.ts","statementMap":{"0":{"start":{"line":6,"column":21},"end":{"line":12,"column":1}},"1":{"start":{"line":7,"column":28},"end":{"line":7,"column":56}},"2":{"start":{"line":8,"column":2},"end":{"line":10,"column":3}},"3":{"start":{"line":9,"column":4},"end":{"line":9,"column":53}},"4":{"start":{"line":11,"column":2},"end":{"line":11,"column":34}},"5":{"start":{"line":14,"column":26},"end":{"line":26,"column":1}},"6":{"start":{"line":15,"column":13},"end":{"line":15,"column":56}},"7":{"start":{"line":18,"column":4},"end":{"line":18,"column":56}},"8":{"start":{"line":21,"column":4},"end":{"line":21,"column":64}},"9":{"start":{"line":23,"column":21},"end":{"line":23,"column":60}},"10":{"start":{"line":25,"column":24},"end":{"line":25,"column":72}}},"fnMap":{"0":{"name":"(anonymous_0)","decl":{"start":{"line":6,"column":21},"end":{"line":6,"column":22}},"loc":{"start":{"line":6,"column":27},"end":{"line":12,"column":1}},"line":6},"1":{"name":"(anonymous_1)","decl":{"start":{"line":15,"column":7},"end":{"line":15,"column":8}},"loc":{"start":{"line":15,"column":13},"end":{"line":15,"column":56}},"line":15},"2":{"name":"(anonymous_2)","decl":{"start":{"line":17,"column":10},"end":{"line":17,"column":11}},"loc":{"start":{"line":18,"column":4},"end":{"line":18,"column":56}},"line":18},"3":{"name":"(anonymous_3)","decl":{"start":{"line":20,"column":15},"end":{"line":20,"column":16}},"loc":{"start":{"line":21,"column":4},"end":{"line":21,"column":64}},"line":21},"4":{"name":"(anonymous_4)","decl":{"start":{"line":23,"column":15},"end":{"line":23,"column":16}},"loc":{"start":{"line":23,"column":21},"end":{"line":23,"column":60}},"line":23},"5":{"name":"(anonymous_5)","decl":{"start":{"line":25,"column":18},"end":{"line":25,"column":19}},"loc":{"start":{"line":25,"column":24},"end":{"line":25,"column":72}},"line":25}},"branchMap":{"0":{"loc":{"start":{"line":8,"column":2},"end":{"line":10,"column":3}},"type":"if","locations":[{"start":{"line":8,"column":2},"end":{"line":10,"column":3}},{"start":{},"end":{}}],"line":8}},"s":{"0":0,"1":0,"2":0,"3":0,"4":0,"5":0,"6":0,"7":0,"8":0,"9":0,"10":0},"f":{"0":0,"1":0,"2":0,"3":0,"4":0,"5":0},"b":{"0":[0,0]}}
,"C:\\laragon\\www\\ODOB Mobile - Terbaru\\src\\api\\rules.ts": {"path":"C:\\laragon\\www\\ODOB Mobile - Terbaru\\src\\api\\rules.ts","statementMap":{"0":{"start":{"line":5,"column":21},"end":{"line":11,"column":1}},"1":{"start":{"line":6,"column":28},"end":{"line":6,"column":56}},"2":{"start":{"line":7,"column":2},"end":{"line":9,"column":3}},"3":{"start":{"line":8,"column":4},"end":{"line":8,"column":53}},"4":{"start":{"line":10,"column":2},"end":{"line":10,"column":34}},"5":{"start":{"line":13,"column":24},"end":{"line":24,"column":1}},"6":{"start":{"line":15,"column":4},"end":{"line":15,"column":52}},"7":{"start":{"line":18,"column":4},"end":{"line":18,"column":54}},"8":{"start":{"line":21,"column":4},"end":{"line":21,"column":59}},"9":{"start":{"line":23,"column":26},"end":{"line":23,"column":69}}},"fnMap":{"0":{"name":"(anonymous_0)","decl":{"start":{"line":5,"column":21},"end":{"line":5,"column":22}},"loc":{"start":{"line":5,"column":27},"end":{"line":11,"column":1}},"line":5},"1":{"name":"(anonymous_1)","decl":{"start":{"line":14,"column":8},"end":{"line":14,"column":9}},"loc":{"start":{"line":15,"column":4},"end":{"line":15,"column":52}},"line":15},"2":{"name":"(anonymous_2)","decl":{"start":{"line":17,"column":10},"end":{"line":17,"column":11}},"loc":{"start":{"line":18,"column":4},"end":{"line":18,"column":54}},"line":18},"3":{"name":"(anonymous_3)","decl":{"start":{"line":20,"column":10},"end":{"line":20,"column":11}},"loc":{"start":{"line":21,"column":4},"end":{"line":21,"column":59}},"line":21},"4":{"name":"(anonymous_4)","decl":{"start":{"line":23,"column":10},"end":{"line":23,"column":11}},"loc":{"start":{"line":23,"column":26},"end":{"line":23,"column":69}},"line":23}},"branchMap":{"0":{"loc":{"start":{"line":7,"column":2},"end":{"line":9,"column":3}},"type":"if","locations":[{"start":{"line":7,"column":2},"end":{"line":9,"column":3}},{"start":{},"end":{}}],"line":7}},"s":{"0":0,"1":0,"2":0,"3":0,"4":0,"5":0,"6":0,"7":0,"8":0,"9":0},"f":{"0":0,"1":0,"2":0,"3":0,"4":0},"b":{"0":[0,0]}}
,"C:\\laragon\\www\\ODOB Mobile - Terbaru\\src\\api\\violations.ts": {"path":"C:\\laragon\\www\\ODOB Mobile - Terbaru\\src\\api\\violations.ts","statementMap":{"0":{"start":{"line":9,"column":21},"end":{"line":15,"column":1}},"1":{"start":{"line":10,"column":28},"end":{"line":10,"column":56}},"2":{"start":{"line":11,"column":2},"end":{"line":13,"column":3}},"3":{"start":{"line":12,"column":4},"end":{"line":12,"column":53}},"4":{"start":{"line":14,"column":2},"end":{"line":14,"column":34}},"5":{"start":{"line":17,"column":29},"end":{"line":35,"column":1}},"6":{"start":{"line":19,"column":4},"end":{"line":21,"column":6}},"7":{"start":{"line":24,"column":4},"end":{"line":26,"column":6}},"8":{"start":{"line":29,"column":4},"end":{"line":29,"column":59}},"9":{"start":{"line":31,"column":26},"end":{"line":31,"column":76}},"10":{"start":{"line":34,"column":4},"end":{"line":34,"column":72}}},"fnMap":{"0":{"name":"(anonymous_0)","decl":{"start":{"line":9,"column":21},"end":{"line":9,"column":22}},"loc":{"start":{"line":9,"column":27},"end":{"line":15,"column":1}},"line":9},"1":{"name":"(anonymous_1)","decl":{"start":{"line":18,"column":8},"end":{"line":18,"column":9}},"loc":{"start":{"line":19,"column":4},"end":{"line":21,"column":6}},"line":19},"2":{"name":"(anonymous_2)","decl":{"start":{"line":23,"column":6},"end":{"line":23,"column":7}},"loc":{"start":{"line":24,"column":4},"end":{"line":26,"column":6}},"line":24},"3":{"name":"(anonymous_3)","decl":{"start":{"line":28,"column":10},"end":{"line":28,"column":11}},"loc":{"start":{"line":29,"column":4},"end":{"line":29,"column":59}},"line":29},"4":{"name":"(anonymous_4)","decl":{"start":{"line":31,"column":10},"end":{"line":31,"column":11}},"loc":{"start":{"line":31,"column":26},"end":{"line":31,"column":76}},"line":31},"5":{"name":"(anonymous_5)","decl":{"start":{"line":33,"column":16},"end":{"line":33,"column":17}},"loc":{"start":{"line":34,"column":4},"end":{"line":34,"column":72}},"line":34}},"branchMap":{"0":{"loc":{"start":{"line":11,"column":2},"end":{"line":13,"column":3}},"type":"if","locations":[{"start":{"line":11,"column":2},"end":{"line":13,"column":3}},{"start":{},"end":{}}],"line":11},"1":{"loc":{"start":{"line":18,"column":9},"end":{"line":18,"column":17}},"type":"default-arg","locations":[{"start":{"line":18,"column":16},"end":{"line":18,"column":17}}],"line":18},"2":{"loc":{"start":{"line":23,"column":7},"end":{"line":23,"column":15}},"type":"default-arg","locations":[{"start":{"line":23,"column":14},"end":{"line":23,"column":15}}],"line":23}},"s":{"0":0,"1":0,"2":0,"3":0,"4":0,"5":0,"6":0,"7":0,"8":0,"9":0,"10":0},"f":{"0":0,"1":0,"2":0,"3":0,"4":0,"5":0},"b":{"0":[0,0],"1":[0],"2":[0]}}
,"C:\\laragon\\www\\ODOB Mobile - Terbaru\\src\\api\\clients\\baseClient.ts": {"path":"C:\\laragon\\www\\ODOB Mobile - Terbaru\\src\\api\\clients\\baseClient.ts","statementMap":{"0":{"start":{"line":19,"column":18},"end":{"line":19,"column":23}},"1":{"start":{"line":26,"column":28},"end":{"line":28,"column":1}},"2":{"start":{"line":27,"column":2},"end":{"line":27,"column":26}},"3":{"start":{"line":30,"column":31},"end":{"line":142,"column":1}},"4":{"start":{"line":31,"column":17},"end":{"line":31,"column":50}},"5":{"start":{"line":33,"column":17},"end":{"line":39,"column":4}},"6":{"start":{"line":42,"column":2},"end":{"line":70,"column":4}},"7":{"start":{"line":45,"column":23},"end":{"line":45,"column":49}},"8":{"start":{"line":46,"column":20},"end":{"line":46,"column":57}},"9":{"start":{"line":48,"column":6},"end":{"line":50,"column":7}},"10":{"start":{"line":49,"column":8},"end":{"line":49,"column":64}},"11":{"start":{"line":53,"column":6},"end":{"line":58,"column":7}},"12":{"start":{"line":54,"column":23},"end":{"line":54,"column":54}},"13":{"start":{"line":55,"column":8},"end":{"line":57,"column":9}},"14":{"start":{"line":56,"column":10},"end":{"line":56,"column":62}},"15":{"start":{"line":61,"column":6},"end":{"line":65,"column":7}},"16":{"start":{"line":62,"column":8},"end":{"line":62,"column":70}},"17":{"start":{"line":63,"column":13},"end":{"line":65,"column":7}},"18":{"start":{"line":64,"column":8},"end":{"line":64,"column":67}},"19":{"start":{"line":67,"column":6},"end":{"line":67,"column":27}},"20":{"start":{"line":69,"column":15},"end":{"line":69,"column":36}},"21":{"start":{"line":73,"column":2},"end":{"line":139,"column":4}},"22":{"start":{"line":74,"column":18},"end":{"line":74,"column":26}},"23":{"start":{"line":82,"column":6},"end":{"line":89,"column":7}},"24":{"start":{"line":83,"column":8},"end":{"line":88,"column":9}},"25":{"start":{"line":84,"column":23},"end":{"line":84,"column":55}},"26":{"start":{"line":85,"column":10},"end":{"line":85,"column":49}},"27":{"start":{"line":91,"column":21},"end":{"line":91,"column":43}},"28":{"start":{"line":92,"column":30},"end":{"line":94,"column":7}},"29":{"start":{"line":97,"column":6},"end":{"line":135,"column":7}},"30":{"start":{"line":98,"column":8},"end":{"line":98,"column":38}},"31":{"start":{"line":100,"column":8},"end":{"line":134,"column":9}},"32":{"start":{"line":102,"column":27},"end":{"line":102,"column":53}},"33":{"start":{"line":103,"column":27},"end":{"line":103,"column":64}},"34":{"start":{"line":105,"column":27},"end":{"line":114,"column":11}},"35":{"start":{"line":117,"column":10},"end":{"line":117,"column":60}},"36":{"start":{"line":120,"column":10},"end":{"line":120,"column":73}},"37":{"start":{"line":121,"column":10},"end":{"line":121,"column":41}},"38":{"start":{"line":124,"column":27},"end":{"line":124,"column":53}},"39":{"start":{"line":125,"column":10},"end":{"line":125,"column":51}},"40":{"start":{"line":129,"column":10},"end":{"line":131,"column":11}},"41":{"start":{"line":130,"column":12},"end":{"line":130,"column":37}},"42":{"start":{"line":133,"column":10},"end":{"line":133,"column":46}},"43":{"start":{"line":137,"column":6},"end":{"line":137,"column":35}},"44":{"start":{"line":141,"column":2},"end":{"line":141,"column":16}}},"fnMap":{"0":{"name":"(anonymous_0)","decl":{"start":{"line":26,"column":28},"end":{"line":26,"column":29}},"loc":{"start":{"line":26,"column":52},"end":{"line":28,"column":1}},"line":26},"1":{"name":"(anonymous_1)","decl":{"start":{"line":30,"column":31},"end":{"line":30,"column":32}},"loc":{"start":{"line":30,"column":74},"end":{"line":142,"column":1}},"line":30},"2":{"name":"(anonymous_2)","decl":{"start":{"line":43,"column":4},"end":{"line":43,"column":5}},"loc":{"start":{"line":43,"column":29},"end":{"line":68,"column":5}},"line":43},"3":{"name":"(anonymous_3)","decl":{"start":{"line":69,"column":4},"end":{"line":69,"column":5}},"loc":{"start":{"line":69,"column":15},"end":{"line":69,"column":36}},"line":69},"4":{"name":"(anonymous_4)","decl":{"start":{"line":74,"column":4},"end":{"line":74,"column":5}},"loc":{"start":{"line":74,"column":18},"end":{"line":74,"column":26}},"line":74},"5":{"name":"(anonymous_5)","decl":{"start":{"line":75,"column":4},"end":{"line":75,"column":5}},"loc":{"start":{"line":75,"column":33},"end":{"line":138,"column":5}},"line":75}},"branchMap":{"0":{"loc":{"start":{"line":48,"column":6},"end":{"line":50,"column":7}},"type":"if","locations":[{"start":{"line":48,"column":6},"end":{"line":50,"column":7}},{"start":{},"end":{}}],"line":48},"1":{"loc":{"start":{"line":53,"column":6},"end":{"line":58,"column":7}},"type":"if","locations":[{"start":{"line":53,"column":6},"end":{"line":58,"column":7}},{"start":{},"end":{}}],"line":53},"2":{"loc":{"start":{"line":55,"column":8},"end":{"line":57,"column":9}},"type":"if","locations":[{"start":{"line":55,"column":8},"end":{"line":57,"column":9}},{"start":{},"end":{}}],"line":55},"3":{"loc":{"start":{"line":61,"column":6},"end":{"line":65,"column":7}},"type":"if","locations":[{"start":{"line":61,"column":6},"end":{"line":65,"column":7}},{"start":{"line":63,"column":13},"end":{"line":65,"column":7}}],"line":61},"4":{"loc":{"start":{"line":63,"column":13},"end":{"line":65,"column":7}},"type":"if","locations":[{"start":{"line":63,"column":13},"end":{"line":65,"column":7}},{"start":{},"end":{}}],"line":63},"5":{"loc":{"start":{"line":82,"column":6},"end":{"line":89,"column":7}},"type":"if","locations":[{"start":{"line":82,"column":6},"end":{"line":89,"column":7}},{"start":{},"end":{}}],"line":82},"6":{"loc":{"start":{"line":97,"column":6},"end":{"line":135,"column":7}},"type":"if","locations":[{"start":{"line":97,"column":6},"end":{"line":135,"column":7}},{"start":{},"end":{}}],"line":97},"7":{"loc":{"start":{"line":97,"column":10},"end":{"line":97,"column":51}},"type":"binary-expr","locations":[{"start":{"line":97,"column":10},"end":{"line":97,"column":24}},{"start":{"line":97,"column":28},"end":{"line":97,"column":51}}],"line":97},"8":{"loc":{"start":{"line":129,"column":10},"end":{"line":131,"column":11}},"type":"if","locations":[{"start":{"line":129,"column":10},"end":{"line":131,"column":11}},{"start":{},"end":{}}],"line":129},"9":{"loc":{"start":{"line":129,"column":14},"end":{"line":129,"column":52}},"type":"binary-expr","locations":[{"start":{"line":129,"column":14},"end":{"line":129,"column":36}},{"start":{"line":129,"column":40},"end":{"line":129,"column":52}}],"line":129}},"s":{"0":2,"1":2,"2":0,"3":2,"4":0,"5":0,"6":0,"7":0,"8":0,"9":0,"10":0,"11":0,"12":0,"13":0,"14":0,"15":0,"16":0,"17":0,"18":0,"19":0,"20":0,"21":0,"22":0,"23":0,"24":0,"25":0,"26":0,"27":0,"28":0,"29":0,"30":0,"31":0,"32":0,"33":0,"34":0,"35":0,"36":0,"37":0,"38":0,"39":0,"40":0,"41":0,"42":0,"43":0,"44":0},"f":{"0":0,"1":0,"2":0,"3":0,"4":0,"5":0},"b":{"0":[0,0],"1":[0,0],"2":[0,0],"3":[0,0],"4":[0,0],"5":[0,0],"6":[0,0],"7":[0,0],"8":[0,0],"9":[0,0]},"_coverageSchema":"1a1c01bbd47fc00a2c39e90264f33305004495a9","hash":"85e57fedeb29eaab94d2d5a23a6a000dd4f63874"}
,"C:\\laragon\\www\\ODOB Mobile - Terbaru\\src\\api\\clients\\index.ts": {"path":"C:\\laragon\\www\\ODOB Mobile - Terbaru\\src\\api\\clients\\index.ts","statementMap":{"0":{"start":{"line":12,"column":61},"end":{"line":12,"column":63}},"1":{"start":{"line":15,"column":70},"end":{"line":15,"column":74}},"2":{"start":{"line":16,"column":69},"end":{"line":16,"column":73}},"3":{"start":{"line":22,"column":28},"end":{"line":22,"column":50}},"4":{"start":{"line":27,"column":34},"end":{"line":33,"column":1}},"5":{"start":{"line":31,"column":2},"end":{"line":31,"column":52}},"6":{"start":{"line":32,"column":2},"end":{"line":32,"column":54}},"7":{"start":{"line":38,"column":25},"end":{"line":62,"column":1}},"8":{"start":{"line":40,"column":2},"end":{"line":42,"column":3}},"9":{"start":{"line":41,"column":4},"end":{"line":41,"column":29}},"10":{"start":{"line":52,"column":17},"end":{"line":56,"column":4}},"11":{"start":{"line":54,"column":26},"end":{"line":54,"column":59}},"12":{"start":{"line":55,"column":27},"end":{"line":55,"column":79}},"13":{"start":{"line":59,"column":2},"end":{"line":59,"column":28}},"14":{"start":{"line":61,"column":2},"end":{"line":61,"column":16}},"15":{"start":{"line":67,"column":26},"end":{"line":67,"column":49}},"16":{"start":{"line":67,"column":32},"end":{"line":67,"column":49}},"17":{"start":{"line":68,"column":26},"end":{"line":68,"column":49}},"18":{"start":{"line":68,"column":32},"end":{"line":68,"column":49}},"19":{"start":{"line":73,"column":28},"end":{"line":77,"column":1}},"20":{"start":{"line":74,"column":2},"end":{"line":76,"column":5}},"21":{"start":{"line":75,"column":4},"end":{"line":75,"column":39}}},"fnMap":{"0":{"name":"(anonymous_0)","decl":{"start":{"line":27,"column":34},"end":{"line":27,"column":35}},"loc":{"start":{"line":30,"column":6},"end":{"line":33,"column":1}},"line":30},"1":{"name":"(anonymous_1)","decl":{"start":{"line":38,"column":25},"end":{"line":38,"column":26}},"loc":{"start":{"line":38,"column":66},"end":{"line":62,"column":1}},"line":38},"2":{"name":"(anonymous_2)","decl":{"start":{"line":54,"column":20},"end":{"line":54,"column":21}},"loc":{"start":{"line":54,"column":26},"end":{"line":54,"column":59}},"line":54},"3":{"name":"(anonymous_3)","decl":{"start":{"line":55,"column":21},"end":{"line":55,"column":22}},"loc":{"start":{"line":55,"column":27},"end":{"line":55,"column":79}},"line":55},"4":{"name":"(anonymous_4)","decl":{"start":{"line":67,"column":26},"end":{"line":67,"column":27}},"loc":{"start":{"line":67,"column":32},"end":{"line":67,"column":49}},"line":67},"5":{"name":"(anonymous_5)","decl":{"start":{"line":68,"column":26},"end":{"line":68,"column":27}},"loc":{"start":{"line":68,"column":32},"end":{"line":68,"column":49}},"line":68},"6":{"name":"(anonymous_6)","decl":{"start":{"line":73,"column":28},"end":{"line":73,"column":29}},"loc":{"start":{"line":73,"column":34},"end":{"line":77,"column":1}},"line":73},"7":{"name":"(anonymous_7)","decl":{"start":{"line":74,"column":31},"end":{"line":74,"column":32}},"loc":{"start":{"line":74,"column":40},"end":{"line":76,"column":3}},"line":74}},"branchMap":{"0":{"loc":{"start":{"line":40,"column":2},"end":{"line":42,"column":3}},"type":"if","locations":[{"start":{"line":40,"column":2},"end":{"line":42,"column":3}},{"start":{},"end":{}}],"line":40},"1":{"loc":{"start":{"line":55,"column":27},"end":{"line":55,"column":79}},"type":"binary-expr","locations":[{"start":{"line":55,"column":27},"end":{"line":55,"column":54}},{"start":{"line":55,"column":58},"end":{"line":55,"column":79}}],"line":55}},"s":{"0":2,"1":2,"2":2,"3":2,"4":2,"5":0,"6":0,"7":2,"8":0,"9":0,"10":0,"11":0,"12":0,"13":0,"14":0,"15":2,"16":0,"17":2,"18":0,"19":2,"20":0,"21":0},"f":{"0":0,"1":0,"2":0,"3":0,"4":0,"5":0,"6":0,"7":0},"b":{"0":[0,0],"1":[0,0]},"_coverageSchema":"1a1c01bbd47fc00a2c39e90264f33305004495a9","hash":"d06d65f38fb94f934dc74f463940ac4dd882f8ab"}
,"C:\\laragon\\www\\ODOB Mobile - Terbaru\\src\\components\\AppNavbar.tsx": {"path":"C:\\laragon\\www\\ODOB Mobile - Terbaru\\src\\components\\AppNavbar.tsx","statementMap":{"0":{"start":{"line":12,"column":2},"end":{"line":12,"column":24}},"1":{"start":{"line":12,"column":13},"end":{"line":12,"column":24}},"2":{"start":{"line":13,"column":16},"end":{"line":13,"column":56}},"3":{"start":{"line":14,"column":2},"end":{"line":14,"column":32}},"4":{"start":{"line":14,"column":21},"end":{"line":14,"column":32}},"5":{"start":{"line":15,"column":2},"end":{"line":15,"column":100}},"6":{"start":{"line":25,"column":21},"end":{"line":25,"column":36}},"7":{"start":{"line":26,"column":34},"end":{"line":26,"column":49}},"8":{"start":{"line":27,"column":53},"end":{"line":27,"column":72}},"9":{"start":{"line":28,"column":42},"end":{"line":28,"column":56}},"10":{"start":{"line":29,"column":22},"end":{"line":29,"column":31}},"11":{"start":{"line":31,"column":30},"end":{"line":35,"column":3}},"12":{"start":{"line":32,"column":4},"end":{"line":32,"column":23}},"13":{"start":{"line":33,"column":4},"end":{"line":33,"column":22}},"14":{"start":{"line":34,"column":4},"end":{"line":34,"column":24}},"15":{"start":{"line":37,"column":23},"end":{"line":42,"column":3}},"16":{"start":{"line":38,"column":4},"end":{"line":38,"column":23}},"17":{"start":{"line":39,"column":4},"end":{"line":41,"column":5}},"18":{"start":{"line":40,"column":6},"end":{"line":40,"column":45}},"19":{"start":{"line":44,"column":2},"end":{"line":75,"column":4}},"20":{"start":{"line":48,"column":41},"end":{"line":48,"column":58}},"21":{"start":{"line":55,"column":87},"end":{"line":55,"column":105}},"22":{"start":{"line":56,"column":87},"end":{"line":56,"column":105}},"23":{"start":{"line":78,"column":15},"end":{"line":159,"column":2}}},"fnMap":{"0":{"name":"getInitials","decl":{"start":{"line":11,"column":9},"end":{"line":11,"column":20}},"loc":{"start":{"line":11,"column":44},"end":{"line":16,"column":1}},"line":11},"1":{"name":"AppNavbar","decl":{"start":{"line":24,"column":24},"end":{"line":24,"column":33}},"loc":{"start":{"line":24,"column":61},"end":{"line":76,"column":1}},"line":24},"2":{"name":"(anonymous_2)","decl":{"start":{"line":31,"column":30},"end":{"line":31,"column":31}},"loc":{"start":{"line":31,"column":36},"end":{"line":35,"column":3}},"line":31},"3":{"name":"(anonymous_3)","decl":{"start":{"line":37,"column":23},"end":{"line":37,"column":24}},"loc":{"start":{"line":37,"column":35},"end":{"line":42,"column":3}},"line":37},"4":{"name":"(anonymous_4)","decl":{"start":{"line":48,"column":35},"end":{"line":48,"column":36}},"loc":{"start":{"line":48,"column":41},"end":{"line":48,"column":58}},"line":48},"5":{"name":"(anonymous_5)","decl":{"start":{"line":55,"column":81},"end":{"line":55,"column":82}},"loc":{"start":{"line":55,"column":87},"end":{"line":55,"column":105}},"line":55},"6":{"name":"(anonymous_6)","decl":{"start":{"line":56,"column":81},"end":{"line":56,"column":82}},"loc":{"start":{"line":56,"column":87},"end":{"line":56,"column":105}},"line":56}},"branchMap":{"0":{"loc":{"start":{"line":12,"column":2},"end":{"line":12,"column":24}},"type":"if","locations":[{"start":{"line":12,"column":2},"end":{"line":12,"column":24}},{"start":{},"end":{}}],"line":12},"1":{"loc":{"start":{"line":14,"column":2},"end":{"line":14,"column":32}},"type":"if","locations":[{"start":{"line":14,"column":2},"end":{"line":14,"column":32}},{"start":{},"end":{}}],"line":14},"2":{"loc":{"start":{"line":15,"column":9},"end":{"line":15,"column":99}},"type":"cond-expr","locations":[{"start":{"line":15,"column":30},"end":{"line":15,"column":55}},{"start":{"line":15,"column":58},"end":{"line":15,"column":99}}],"line":15},"3":{"loc":{"start":{"line":39,"column":4},"end":{"line":41,"column":5}},"type":"if","locations":[{"start":{"line":39,"column":4},"end":{"line":41,"column":5}},{"start":{},"end":{}}],"line":39},"4":{"loc":{"start":{"line":58,"column":13},"end":{"line":66,"column":13}},"type":"binary-expr","locations":[{"start":{"line":58,"column":13},"end":{"line":58,"column":23}},{"start":{"line":59,"column":14},"end":{"line":65,"column":17}}],"line":58}},"s":{"0":14,"1":0,"2":14,"3":14,"4":0,"5":14,"6":14,"7":14,"8":14,"9":14,"10":14,"11":14,"12":1,"13":1,"14":1,"15":14,"16":1,"17":1,"18":1,"19":14,"20":5,"21":0,"22":0,"23":1},"f":{"0":14,"1":14,"2":1,"3":1,"4":5,"5":0,"6":0},"b":{"0":[0,14],"1":[0,14],"2":[0,14],"3":[1,0],"4":[14,5]},"_coverageSchema":"1a1c01bbd47fc00a2c39e90264f33305004495a9","hash":"820e944f0c2e61a89229e35d2af73dd411bd7152"}
,"C:\\laragon\\www\\ODOB Mobile - Terbaru\\src\\components\\ImageViewerModal.tsx": {"path":"C:\\laragon\\www\\ODOB Mobile - Terbaru\\src\\components\\ImageViewerModal.tsx","statementMap":{"0":{"start":{"line":13,"column":17},"end":{"line":13,"column":36}},"1":{"start":{"line":15,"column":2},"end":{"line":30,"column":4}},"2":{"start":{"line":33,"column":15},"end":{"line":60,"column":2}}},"fnMap":{"0":{"name":"ImageViewerModal","decl":{"start":{"line":12,"column":24},"end":{"line":12,"column":40}},"loc":{"start":{"line":12,"column":91},"end":{"line":31,"column":1}},"line":12}},"branchMap":{"0":{"loc":{"start":{"line":25,"column":9},"end":{"line":27,"column":16}},"type":"cond-expr","locations":[{"start":{"line":26,"column":10},"end":{"line":26,"column":78}},{"start":{"line":27,"column":12},"end":{"line":27,"column":16}}],"line":25}},"s":{"0":0,"1":0,"2":0},"f":{"0":0},"b":{"0":[0,0]}}
,"C:\\laragon\\www\\ODOB Mobile - Terbaru\\src\\components\\PromptModal.tsx": {"path":"C:\\laragon\\www\\ODOB Mobile - Terbaru\\src\\components\\PromptModal.tsx","statementMap":{"0":{"start":{"line":41,"column":28},"end":{"line":41,"column":40}},"1":{"start":{"line":43,"column":2},"end":{"line":45,"column":16}},"2":{"start":{"line":44,"column":4},"end":{"line":44,"column":30}},"3":{"start":{"line":44,"column":17},"end":{"line":44,"column":30}},"4":{"start":{"line":47,"column":23},"end":{"line":50,"column":3}},"5":{"start":{"line":48,"column":4},"end":{"line":48,"column":30}},"6":{"start":{"line":48,"column":23},"end":{"line":48,"column":30}},"7":{"start":{"line":49,"column":4},"end":{"line":49,"column":27}},"8":{"start":{"line":52,"column":2},"end":{"line":86,"column":4}},"9":{"start":{"line":89,"column":15},"end":{"line":166,"column":2}}},"fnMap":{"0":{"name":"PromptModal","decl":{"start":{"line":30,"column":24},"end":{"line":30,"column":35}},"loc":{"start":{"line":40,"column":21},"end":{"line":87,"column":1}},"line":40},"1":{"name":"(anonymous_1)","decl":{"start":{"line":43,"column":12},"end":{"line":43,"column":13}},"loc":{"start":{"line":43,"column":18},"end":{"line":45,"column":3}},"line":43},"2":{"name":"(anonymous_2)","decl":{"start":{"line":47,"column":23},"end":{"line":47,"column":24}},"loc":{"start":{"line":47,"column":29},"end":{"line":50,"column":3}},"line":47}},"branchMap":{"0":{"loc":{"start":{"line":35,"column":2},"end":{"line":35,"column":24}},"type":"default-arg","locations":[{"start":{"line":35,"column":17},"end":{"line":35,"column":24}}],"line":35},"1":{"loc":{"start":{"line":36,"column":2},"end":{"line":36,"column":23}},"type":"default-arg","locations":[{"start":{"line":36,"column":16},"end":{"line":36,"column":23}}],"line":36},"2":{"loc":{"start":{"line":37,"column":2},"end":{"line":37,"column":21}},"type":"default-arg","locations":[{"start":{"line":37,"column":16},"end":{"line":37,"column":21}}],"line":37},"3":{"loc":{"start":{"line":44,"column":4},"end":{"line":44,"column":30}},"type":"if","locations":[{"start":{"line":44,"column":4},"end":{"line":44,"column":30}},{"start":{},"end":{}}],"line":44},"4":{"loc":{"start":{"line":48,"column":4},"end":{"line":48,"column":30}},"type":"if","locations":[{"start":{"line":48,"column":4},"end":{"line":48,"column":30}},{"start":{},"end":{}}],"line":48},"5":{"loc":{"start":{"line":56,"column":18},"end":{"line":56,"column":63}},"type":"cond-expr","locations":[{"start":{"line":56,"column":42},"end":{"line":56,"column":51}},{"start":{"line":56,"column":54},"end":{"line":56,"column":63}}],"line":56},"6":{"loc":{"start":{"line":60,"column":11},"end":{"line":60,"column":73}},"type":"cond-expr","locations":[{"start":{"line":60,"column":21},"end":{"line":60,"column":66}},{"start":{"line":60,"column":69},"end":{"line":60,"column":73}}],"line":60},"7":{"loc":{"start":{"line":76,"column":40},"end":{"line":76,"column":82}},"type":"binary-expr","locations":[{"start":{"line":76,"column":40},"end":{"line":76,"column":51}},{"start":{"line":76,"column":55},"end":{"line":76,"column":82}}],"line":76},"8":{"loc":{"start":{"line":76,"column":84},"end":{"line":76,"column":116}},"type":"binary-expr","locations":[{"start":{"line":76,"column":84},"end":{"line":76,"column":97}},{"start":{"line":76,"column":101},"end":{"line":76,"column":116}}],"line":76}},"s":{"0":0,"1":0,"2":0,"3":0,"4":0,"5":0,"6":0,"7":0,"8":0,"9":0},"f":{"0":0,"1":0,"2":0},"b":{"0":[0],"1":[0],"2":[0],"3":[0,0],"4":[0,0],"5":[0,0],"6":[0,0],"7":[0,0],"8":[0,0]}}
,"C:\\laragon\\www\\ODOB Mobile - Terbaru\\src\\components\\ScreenHeader.tsx": {"path":"C:\\laragon\\www\\ODOB Mobile - Terbaru\\src\\components\\ScreenHeader.tsx","statementMap":{"0":{"start":{"line":19,"column":21},"end":{"line":19,"column":36}},"1":{"start":{"line":20,"column":20},"end":{"line":20,"column":42}},"2":{"start":{"line":22,"column":2},"end":{"line":42,"column":4}},"3":{"start":{"line":28,"column":38},"end":{"line":28,"column":57}},"4":{"start":{"line":45,"column":15},"end":{"line":87,"column":2}}},"fnMap":{"0":{"name":"ScreenHeader","decl":{"start":{"line":18,"column":24},"end":{"line":18,"column":36}},"loc":{"start":{"line":18,"column":99},"end":{"line":43,"column":1}},"line":18},"1":{"name":"(anonymous_1)","decl":{"start":{"line":28,"column":32},"end":{"line":28,"column":33}},"loc":{"start":{"line":28,"column":38},"end":{"line":28,"column":57}},"line":28}},"branchMap":{"0":{"loc":{"start":{"line":25,"column":9},"end":{"line":34,"column":9}},"type":"binary-expr","locations":[{"start":{"line":25,"column":9},"end":{"line":25,"column":18}},{"start":{"line":26,"column":10},"end":{"line":33,"column":29}}],"line":25},"1":{"loc":{"start":{"line":28,"column":21},"end":{"line":28,"column":58}},"type":"binary-expr","locations":[{"start":{"line":28,"column":21},"end":{"line":28,"column":27}},{"start":{"line":28,"column":32},"end":{"line":28,"column":57}}],"line":28},"2":{"loc":{"start":{"line":37,"column":11},"end":{"line":37,"column":94}},"type":"cond-expr","locations":[{"start":{"line":37,"column":22},"end":{"line":37,"column":87}},{"start":{"line":37,"column":90},"end":{"line":37,"column":94}}],"line":37},"3":{"loc":{"start":{"line":39,"column":9},"end":{"line":39,"column":65}},"type":"cond-expr","locations":[{"start":{"line":39,"column":17},"end":{"line":39,"column":58}},{"start":{"line":39,"column":61},"end":{"line":39,"column":65}}],"line":39}},"s":{"0":0,"1":0,"2":0,"3":0,"4":0},"f":{"0":0,"1":0},"b":{"0":[0,0],"1":[0,0],"2":[0,0],"3":[0,0]}}
,"C:\\laragon\\www\\ODOB Mobile - Terbaru\\src\\config\\backends.ts": {"path":"C:\\laragon\\www\\ODOB Mobile - Terbaru\\src\\config\\backends.ts","statementMap":{"0":{"start":{"line":22,"column":60},"end":{"line":45,"column":1}},"1":{"start":{"line":50,"column":32},"end":{"line":52,"column":1}},"2":{"start":{"line":51,"column":2},"end":{"line":51,"column":24}},"3":{"start":{"line":57,"column":39},"end":{"line":68,"column":1}},"4":{"start":{"line":61,"column":17},"end":{"line":61,"column":34}},"5":{"start":{"line":63,"column":2},"end":{"line":65,"column":3}},"6":{"start":{"line":64,"column":4},"end":{"line":64,"column":16}},"7":{"start":{"line":67,"column":2},"end":{"line":67,"column":58}}},"fnMap":{"0":{"name":"(anonymous_0)","decl":{"start":{"line":50,"column":32},"end":{"line":50,"column":33}},"loc":{"start":{"line":50,"column":70},"end":{"line":52,"column":1}},"line":50},"1":{"name":"(anonymous_1)","decl":{"start":{"line":57,"column":39},"end":{"line":57,"column":40}},"loc":{"start":{"line":60,"column":14},"end":{"line":68,"column":1}},"line":60}},"branchMap":{"0":{"loc":{"start":{"line":63,"column":2},"end":{"line":65,"column":3}},"type":"if","locations":[{"start":{"line":63,"column":2},"end":{"line":65,"column":3}},{"start":{},"end":{}}],"line":63}},"s":{"0":2,"1":2,"2":0,"3":2,"4":0,"5":0,"6":0,"7":0},"f":{"0":0,"1":0},"b":{"0":[0,0]},"_coverageSchema":"1a1c01bbd47fc00a2c39e90264f33305004495a9","hash":"07da10b1683f7971621a11af6c60169b96d3189d"}
,"C:\\laragon\\www\\ODOB Mobile - Terbaru\\src\\navigation\\AdminTabNavigator.tsx": {"path":"C:\\laragon\\www\\ODOB Mobile - Terbaru\\src\\navigation\\AdminTabNavigator.tsx","statementMap":{"0":{"start":{"line":18,"column":14},"end":{"line":18,"column":63}},"1":{"start":{"line":21,"column":2},"end":{"line":35,"column":4}}},"fnMap":{"0":{"name":"AdminTabNavigator","decl":{"start":{"line":20,"column":24},"end":{"line":20,"column":41}},"loc":{"start":{"line":20,"column":44},"end":{"line":36,"column":1}},"line":20}},"branchMap":{},"s":{"0":0,"1":0},"f":{"0":0},"b":{}}
,"C:\\laragon\\www\\ODOB Mobile - Terbaru\\src\\navigation\\AppStack.tsx": {"path":"C:\\laragon\\www\\ODOB Mobile - Terbaru\\src\\navigation\\AppStack.tsx","statementMap":{"0":{"start":{"line":10,"column":14},"end":{"line":10,"column":61}},"1":{"start":{"line":13,"column":2},"end":{"line":26,"column":4}}},"fnMap":{"0":{"name":"AppStack","decl":{"start":{"line":12,"column":24},"end":{"line":12,"column":32}},"loc":{"start":{"line":12,"column":35},"end":{"line":27,"column":1}},"line":12}},"branchMap":{},"s":{"0":0,"1":0},"f":{"0":0},"b":{}}
,"C:\\laragon\\www\\ODOB Mobile - Terbaru\\src\\navigation\\AuthStack.tsx": {"path":"C:\\laragon\\www\\ODOB Mobile - Terbaru\\src\\navigation\\AuthStack.tsx","statementMap":{"0":{"start":{"line":7,"column":14},"end":{"line":7,"column":62}},"1":{"start":{"line":10,"column":2},"end":{"line":18,"column":4}}},"fnMap":{"0":{"name":"AuthStack","decl":{"start":{"line":9,"column":24},"end":{"line":9,"column":33}},"loc":{"start":{"line":9,"column":36},"end":{"line":19,"column":1}},"line":9}},"branchMap":{},"s":{"0":0,"1":0},"f":{"0":0},"b":{}}
,"C:\\laragon\\www\\ODOB Mobile - Terbaru\\src\\navigation\\RoomTabsFixed.tsx": {"path":"C:\\laragon\\www\\ODOB Mobile - Terbaru\\src\\navigation\\RoomTabsFixed.tsx","statementMap":{"0":{"start":{"line":14,"column":12},"end":{"line":14,"column":57}},"1":{"start":{"line":16,"column":42},"end":{"line":22,"column":1}},"2":{"start":{"line":25,"column":2},"end":{"line":29,"column":4}},"3":{"start":{"line":33,"column":41},"end":{"line":33,"column":55}},"4":{"start":{"line":34,"column":18},"end":{"line":34,"column":44}},"5":{"start":{"line":35,"column":17},"end":{"line":35,"column":36}},"6":{"start":{"line":37,"column":2},"end":{"line":41,"column":23}},"7":{"start":{"line":38,"column":4},"end":{"line":40,"column":5}},"8":{"start":{"line":39,"column":6},"end":{"line":39,"column":37}},"9":{"start":{"line":43,"column":2},"end":{"line":91,"column":4}},"10":{"start":{"line":45,"column":37},"end":{"line":60,"column":7}},"11":{"start":{"line":49,"column":10},"end":{"line":49,"column":86}},"12":{"start":{"line":94,"column":15},"end":{"line":129,"column":1}}},"fnMap":{"0":{"name":"Icon","decl":{"start":{"line":24,"column":9},"end":{"line":24,"column":13}},"loc":{"start":{"line":24,"column":87},"end":{"line":30,"column":1}},"line":24},"1":{"name":"RoomTabsFixed","decl":{"start":{"line":32,"column":24},"end":{"line":32,"column":37}},"loc":{"start":{"line":32,"column":40},"end":{"line":92,"column":1}},"line":32},"2":{"name":"(anonymous_2)","decl":{"start":{"line":37,"column":12},"end":{"line":37,"column":13}},"loc":{"start":{"line":37,"column":18},"end":{"line":41,"column":3}},"line":37},"3":{"name":"(anonymous_3)","decl":{"start":{"line":45,"column":21},"end":{"line":45,"column":22}},"loc":{"start":{"line":45,"column":37},"end":{"line":60,"column":7}},"line":45},"4":{"name":"(anonymous_4)","decl":{"start":{"line":48,"column":20},"end":{"line":48,"column":21}},"loc":{"start":{"line":49,"column":10},"end":{"line":49,"column":86}},"line":49}},"branchMap":{"0":{"loc":{"start":{"line":38,"column":4},"end":{"line":40,"column":5}},"type":"if","locations":[{"start":{"line":38,"column":4},"end":{"line":40,"column":5}},{"start":{},"end":{}}],"line":38},"1":{"loc":{"start":{"line":76,"column":7},"end":{"line":82,"column":7}},"type":"binary-expr","locations":[{"start":{"line":76,"column":7},"end":{"line":76,"column":14}},{"start":{"line":77,"column":8},"end":{"line":81,"column":10}}],"line":76},"2":{"loc":{"start":{"line":83,"column":7},"end":{"line":89,"column":7}},"type":"binary-expr","locations":[{"start":{"line":83,"column":7},"end":{"line":83,"column":14}},{"start":{"line":84,"column":8},"end":{"line":88,"column":10}}],"line":83}},"s":{"0":0,"1":0,"2":0,"3":0,"4":0,"5":0,"6":0,"7":0,"8":0,"9":0,"10":0,"11":0,"12":0},"f":{"0":0,"1":0,"2":0,"3":0,"4":0},"b":{"0":[0,0],"1":[0,0],"2":[0,0]}}
,"C:\\laragon\\www\\ODOB Mobile - Terbaru\\src\\navigation\\RootNavigator.tsx": {"path":"C:\\laragon\\www\\ODOB Mobile - Terbaru\\src\\navigation\\RootNavigator.tsx","statementMap":{"0":{"start":{"line":14,"column":0},"end":{"line":14,"column":16}},"1":{"start":{"line":16,"column":14},"end":{"line":16,"column":62}},"2":{"start":{"line":20,"column":4},"end":{"line":20,"column":23}},"3":{"start":{"line":21,"column":25},"end":{"line":21,"column":39}},"4":{"start":{"line":22,"column":40},"end":{"line":22,"column":54}},"5":{"start":{"line":25,"column":2},"end":{"line":39,"column":42}},"6":{"start":{"line":26,"column":4},"end":{"line":38,"column":7}},"7":{"start":{"line":30,"column":8},"end":{"line":32,"column":9}},"8":{"start":{"line":31,"column":10},"end":{"line":31,"column":76}},"9":{"start":{"line":33,"column":8},"end":{"line":33,"column":41}},"10":{"start":{"line":36,"column":8},"end":{"line":36,"column":38}},"11":{"start":{"line":42,"column":2},"end":{"line":45,"column":9}},"12":{"start":{"line":43,"column":4},"end":{"line":43,"column":54}},"13":{"start":{"line":43,"column":31},"end":{"line":43,"column":52}},"14":{"start":{"line":47,"column":2},"end":{"line":60,"column":3}},"15":{"start":{"line":48,"column":4},"end":{"line":59,"column":6}},"16":{"start":{"line":62,"column":26},"end":{"line":62,"column":48}},"17":{"start":{"line":64,"column":2},"end":{"line":74,"column":4}}},"fnMap":{"0":{"name":"RootNavigator","decl":{"start":{"line":18,"column":24},"end":{"line":18,"column":37}},"loc":{"start":{"line":18,"column":40},"end":{"line":75,"column":1}},"line":18},"1":{"name":"(anonymous_1)","decl":{"start":{"line":25,"column":12},"end":{"line":25,"column":13}},"loc":{"start":{"line":25,"column":18},"end":{"line":39,"column":3}},"line":25},"2":{"name":"(anonymous_2)","decl":{"start":{"line":27,"column":22},"end":{"line":27,"column":23}},"loc":{"start":{"line":27,"column":35},"end":{"line":34,"column":7}},"line":27},"3":{"name":"(anonymous_3)","decl":{"start":{"line":35,"column":23},"end":{"line":35,"column":24}},"loc":{"start":{"line":35,"column":35},"end":{"line":37,"column":7}},"line":35},"4":{"name":"(anonymous_4)","decl":{"start":{"line":42,"column":12},"end":{"line":42,"column":13}},"loc":{"start":{"line":42,"column":18},"end":{"line":45,"column":3}},"line":42},"5":{"name":"(anonymous_5)","decl":{"start":{"line":43,"column":25},"end":{"line":43,"column":26}},"loc":{"start":{"line":43,"column":31},"end":{"line":43,"column":52}},"line":43}},"branchMap":{"0":{"loc":{"start":{"line":30,"column":8},"end":{"line":32,"column":9}},"type":"if","locations":[{"start":{"line":30,"column":8},"end":{"line":32,"column":9}},{"start":{},"end":{}}],"line":30},"1":{"loc":{"start":{"line":36,"column":15},"end":{"line":36,"column":37}},"type":"binary-expr","locations":[{"start":{"line":36,"column":15},"end":{"line":36,"column":29}},{"start":{"line":36,"column":33},"end":{"line":36,"column":37}}],"line":36},"2":{"loc":{"start":{"line":47,"column":2},"end":{"line":60,"column":3}},"type":"if","locations":[{"start":{"line":47,"column":2},"end":{"line":60,"column":3}},{"start":{},"end":{}}],"line":47},"3":{"loc":{"start":{"line":67,"column":9},"end":{"line":71,"column":9}},"type":"cond-expr","locations":[{"start":{"line":68,"column":10},"end":{"line":68,"column":63}},{"start":{"line":70,"column":10},"end":{"line":70,"column":65}}],"line":67}},"s":{"0":0,"1":0,"2":0,"3":0,"4":0,"5":0,"6":0,"7":0,"8":0,"9":0,"10":0,"11":0,"12":0,"13":0,"14":0,"15":0,"16":0,"17":0},"f":{"0":0,"1":0,"2":0,"3":0,"4":0,"5":0},"b":{"0":[0,0],"1":[0,0],"2":[0,0],"3":[0,0]}}
,"C:\\laragon\\www\\ODOB Mobile - Terbaru\\src\\navigation\\navigationRef.ts": {"path":"C:\\laragon\\www\\ODOB Mobile - Terbaru\\src\\navigation\\navigationRef.ts","statementMap":{"0":{"start":{"line":2,"column":29},"end":{"line":2,"column":59}}},"fnMap":{},"branchMap":{},"s":{"0":0},"f":{},"b":{}}
,"C:\\laragon\\www\\ODOB Mobile - Terbaru\\src\\screens\\admin\\AdminHomeScreen.tsx": {"path":"C:\\laragon\\www\\ODOB Mobile - Terbaru\\src\\screens\\admin\\AdminHomeScreen.tsx","statementMap":{"0":{"start":{"line":18,"column":5},"end":{"line":27,"column":1}},"1":{"start":{"line":30,"column":21},"end":{"line":30,"column":41}},"2":{"start":{"line":31,"column":25},"end":{"line":31,"column":39}},"3":{"start":{"line":33,"column":2},"end":{"line":59,"column":4}},"4":{"start":{"line":44,"column":12},"end":{"line":54,"column":31}},"5":{"start":{"line":48,"column":29},"end":{"line":48,"column":69}},"6":{"start":{"line":62,"column":15},"end":{"line":80,"column":2}}},"fnMap":{"0":{"name":"AdminHomeScreen","decl":{"start":{"line":29,"column":24},"end":{"line":29,"column":39}},"loc":{"start":{"line":29,"column":42},"end":{"line":60,"column":1}},"line":29},"1":{"name":"(anonymous_1)","decl":{"start":{"line":43,"column":20},"end":{"line":43,"column":21}},"loc":{"start":{"line":44,"column":12},"end":{"line":54,"column":31}},"line":44},"2":{"name":"(anonymous_2)","decl":{"start":{"line":48,"column":23},"end":{"line":48,"column":24}},"loc":{"start":{"line":48,"column":29},"end":{"line":48,"column":69}},"line":48}},"branchMap":{"0":{"loc":{"start":{"line":35,"column":24},"end":{"line":35,"column":51}},"type":"binary-expr","locations":[{"start":{"line":35,"column":24},"end":{"line":35,"column":40}},{"start":{"line":35,"column":44},"end":{"line":35,"column":51}}],"line":35}},"s":{"0":0,"1":0,"2":0,"3":0,"4":0,"5":0,"6":0},"f":{"0":0,"1":0,"2":0},"b":{"0":[0,0]}}
,"C:\\laragon\\www\\ODOB Mobile - Terbaru\\src\\screens\\admin\\AdminUsersScreen.tsx": {"path":"C:\\laragon\\www\\ODOB Mobile - Terbaru\\src\\screens\\admin\\AdminUsersScreen.tsx","statementMap":{"0":{"start":{"line":16,"column":16},"end":{"line":16,"column":66}},"1":{"start":{"line":16,"column":53},"end":{"line":16,"column":65}},"2":{"start":{"line":17,"column":2},"end":{"line":17,"column":37}},"3":{"start":{"line":17,"column":26},"end":{"line":17,"column":37}},"4":{"start":{"line":18,"column":2},"end":{"line":18,"column":66}},"5":{"start":{"line":18,"column":26},"end":{"line":18,"column":66}},"6":{"start":{"line":19,"column":2},"end":{"line":19,"column":65}},"7":{"start":{"line":23,"column":21},"end":{"line":23,"column":41}},"8":{"start":{"line":24,"column":25},"end":{"line":24,"column":39}},"9":{"start":{"line":25,"column":28},"end":{"line":25,"column":53}},"10":{"start":{"line":26,"column":32},"end":{"line":26,"column":46}},"11":{"start":{"line":27,"column":38},"end":{"line":27,"column":67}},"12":{"start":{"line":29,"column":21},"end":{"line":38,"column":8}},"13":{"start":{"line":30,"column":4},"end":{"line":30,"column":21}},"14":{"start":{"line":31,"column":4},"end":{"line":37,"column":5}},"15":{"start":{"line":32,"column":23},"end":{"line":32,"column":48}},"16":{"start":{"line":33,"column":6},"end":{"line":33,"column":70}},"17":{"start":{"line":36,"column":6},"end":{"line":36,"column":24}},"18":{"start":{"line":40,"column":2},"end":{"line":40,"column":51}},"19":{"start":{"line":40,"column":20},"end":{"line":40,"column":33}},"20":{"start":{"line":42,"column":23},"end":{"line":66,"column":18}},"21":{"start":{"line":43,"column":4},"end":{"line":43,"column":28}},"22":{"start":{"line":43,"column":21},"end":{"line":43,"column":28}},"23":{"start":{"line":44,"column":4},"end":{"line":65,"column":6}},"24":{"start":{"line":53,"column":12},"end":{"line":53,"column":35}},"25":{"start":{"line":54,"column":12},"end":{"line":61,"column":13}},"26":{"start":{"line":55,"column":14},"end":{"line":55,"column":66}},"27":{"start":{"line":56,"column":14},"end":{"line":56,"column":77}},"28":{"start":{"line":56,"column":33},"end":{"line":56,"column":75}},"29":{"start":{"line":56,"column":55},"end":{"line":56,"column":74}},"30":{"start":{"line":58,"column":14},"end":{"line":58,"column":56}},"31":{"start":{"line":60,"column":14},"end":{"line":60,"column":34}},"32":{"start":{"line":68,"column":2},"end":{"line":113,"column":4}},"33":{"start":{"line":77,"column":32},"end":{"line":77,"column":47}},"34":{"start":{"line":83,"column":12},"end":{"line":108,"column":19}},"35":{"start":{"line":96,"column":33},"end":{"line":96,"column":116}},"36":{"start":{"line":102,"column":33},"end":{"line":102,"column":51}},"37":{"start":{"line":116,"column":15},"end":{"line":136,"column":2}}},"fnMap":{"0":{"name":"getInitials","decl":{"start":{"line":15,"column":9},"end":{"line":15,"column":20}},"loc":{"start":{"line":15,"column":43},"end":{"line":20,"column":1}},"line":15},"1":{"name":"(anonymous_1)","decl":{"start":{"line":16,"column":48},"end":{"line":16,"column":49}},"loc":{"start":{"line":16,"column":53},"end":{"line":16,"column":65}},"line":16},"2":{"name":"AdminUsersScreen","decl":{"start":{"line":22,"column":24},"end":{"line":22,"column":40}},"loc":{"start":{"line":22,"column":43},"end":{"line":114,"column":1}},"line":22},"3":{"name":"(anonymous_3)","decl":{"start":{"line":29,"column":33},"end":{"line":29,"column":34}},"loc":{"start":{"line":29,"column":45},"end":{"line":38,"column":3}},"line":29},"4":{"name":"(anonymous_4)","decl":{"start":{"line":40,"column":12},"end":{"line":40,"column":13}},"loc":{"start":{"line":40,"column":18},"end":{"line":40,"column":35}},"line":40},"5":{"name":"(anonymous_5)","decl":{"start":{"line":42,"column":35},"end":{"line":42,"column":36}},"loc":{"start":{"line":42,"column":56},"end":{"line":66,"column":3}},"line":42},"6":{"name":"(anonymous_6)","decl":{"start":{"line":52,"column":19},"end":{"line":52,"column":20}},"loc":{"start":{"line":52,"column":31},"end":{"line":62,"column":11}},"line":52},"7":{"name":"(anonymous_7)","decl":{"start":{"line":56,"column":23},"end":{"line":56,"column":24}},"loc":{"start":{"line":56,"column":33},"end":{"line":56,"column":75}},"line":56},"8":{"name":"(anonymous_8)","decl":{"start":{"line":56,"column":45},"end":{"line":56,"column":46}},"loc":{"start":{"line":56,"column":55},"end":{"line":56,"column":74}},"line":56},"9":{"name":"(anonymous_9)","decl":{"start":{"line":77,"column":24},"end":{"line":77,"column":25}},"loc":{"start":{"line":77,"column":32},"end":{"line":77,"column":47}},"line":77},"10":{"name":"(anonymous_10)","decl":{"start":{"line":82,"column":22},"end":{"line":82,"column":23}},"loc":{"start":{"line":83,"column":12},"end":{"line":108,"column":19}},"line":83},"11":{"name":"(anonymous_11)","decl":{"start":{"line":96,"column":27},"end":{"line":96,"column":28}},"loc":{"start":{"line":96,"column":33},"end":{"line":96,"column":116}},"line":96},"12":{"name":"(anonymous_12)","decl":{"start":{"line":102,"column":27},"end":{"line":102,"column":28}},"loc":{"start":{"line":102,"column":33},"end":{"line":102,"column":51}},"line":102}},"branchMap":{"0":{"loc":{"start":{"line":17,"column":2},"end":{"line":17,"column":37}},"type":"if","locations":[{"start":{"line":17,"column":2},"end":{"line":17,"column":37}},{"start":{},"end":{}}],"line":17},"1":{"loc":{"start":{"line":18,"column":2},"end":{"line":18,"column":66}},"type":"if","locations":[{"start":{"line":18,"column":2},"end":{"line":18,"column":66}},{"start":{},"end":{}}],"line":18},"2":{"loc":{"start":{"line":33,"column":15},"end":{"line":33,"column":68}},"type":"cond-expr","locations":[{"start":{"line":33,"column":37},"end":{"line":33,"column":41}},{"start":{"line":33,"column":44},"end":{"line":33,"column":68}}],"line":33},"3":{"loc":{"start":{"line":33,"column":44},"end":{"line":33,"column":68}},"type":"binary-expr","locations":[{"start":{"line":33,"column":44},"end":{"line":33,"column":62}},{"start":{"line":33,"column":66},"end":{"line":33,"column":68}}],"line":33},"4":{"loc":{"start":{"line":43,"column":4},"end":{"line":43,"column":28}},"type":"if","locations":[{"start":{"line":43,"column":4},"end":{"line":43,"column":28}},{"start":{},"end":{}}],"line":43},"5":{"loc":{"start":{"line":71,"column":7},"end":{"line":111,"column":7}},"type":"cond-expr","locations":[{"start":{"line":72,"column":8},"end":{"line":72,"column":95}},{"start":{"line":74,"column":8},"end":{"line":110,"column":10}}],"line":71},"6":{"loc":{"start":{"line":84,"column":15},"end":{"line":86,"column":124}},"type":"cond-expr","locations":[{"start":{"line":85,"column":18},"end":{"line":85,"column":78}},{"start":{"line":86,"column":18},"end":{"line":86,"column":124}}],"line":84},"7":{"loc":{"start":{"line":90,"column":17},"end":{"line":90,"column":92}},"type":"cond-expr","locations":[{"start":{"line":90,"column":35},"end":{"line":90,"column":85}},{"start":{"line":90,"column":88},"end":{"line":90,"column":92}}],"line":90},"8":{"loc":{"start":{"line":103,"column":19},"end":{"line":105,"column":69}},"type":"cond-expr","locations":[{"start":{"line":104,"column":22},"end":{"line":104,"column":72}},{"start":{"line":105,"column":22},"end":{"line":105,"column":69}}],"line":103}},"s":{"0":0,"1":0,"2":0,"3":0,"4":0,"5":0,"6":0,"7":0,"8":0,"9":0,"10":0,"11":0,"12":0,"13":0,"14":0,"15":0,"16":0,"17":0,"18":0,"19":0,"20":0,"21":0,"22":0,"23":0,"24":0,"25":0,"26":0,"27":0,"28":0,"29":0,"30":0,"31":0,"32":0,"33":0,"34":0,"35":0,"36":0,"37":0},"f":{"0":0,"1":0,"2":0,"3":0,"4":0,"5":0,"6":0,"7":0,"8":0,"9":0,"10":0,"11":0,"12":0},"b":{"0":[0,0],"1":[0,0],"2":[0,0],"3":[0,0],"4":[0,0],"5":[0,0],"6":[0,0],"7":[0,0],"8":[0,0]}}
,"C:\\laragon\\www\\ODOB Mobile - Terbaru\\src\\screens\\admin\\DepartmentManagementScreen.tsx": {"path":"C:\\laragon\\www\\ODOB Mobile - Terbaru\\src\\screens\\admin\\DepartmentManagementScreen.tsx","statementMap":{"0":{"start":{"line":9,"column":17},"end":{"line":9,"column":36}},"1":{"start":{"line":10,"column":40},"end":{"line":10,"column":66}},"2":{"start":{"line":11,"column":32},"end":{"line":11,"column":46}},"3":{"start":{"line":12,"column":42},"end":{"line":12,"column":57}},"4":{"start":{"line":13,"column":32},"end":{"line":13,"column":44}},"5":{"start":{"line":14,"column":30},"end":{"line":14,"column":45}},"6":{"start":{"line":16,"column":27},"end":{"line":25,"column":8}},"7":{"start":{"line":17,"column":4},"end":{"line":17,"column":21}},"8":{"start":{"line":18,"column":4},"end":{"line":24,"column":5}},"9":{"start":{"line":19,"column":23},"end":{"line":19,"column":54}},"10":{"start":{"line":20,"column":6},"end":{"line":20,"column":54}},"11":{"start":{"line":23,"column":6},"end":{"line":23,"column":24}},"12":{"start":{"line":27,"column":2},"end":{"line":27,"column":63}},"13":{"start":{"line":27,"column":20},"end":{"line":27,"column":39}},"14":{"start":{"line":29,"column":20},"end":{"line":42,"column":3}},"15":{"start":{"line":30,"column":4},"end":{"line":30,"column":32}},"16":{"start":{"line":30,"column":25},"end":{"line":30,"column":32}},"17":{"start":{"line":31,"column":4},"end":{"line":31,"column":20}},"18":{"start":{"line":32,"column":4},"end":{"line":41,"column":5}},"19":{"start":{"line":33,"column":23},"end":{"line":33,"column":70}},"20":{"start":{"line":34,"column":6},"end":{"line":34,"column":46}},"21":{"start":{"line":34,"column":29},"end":{"line":34,"column":44}},"22":{"start":{"line":35,"column":6},"end":{"line":35,"column":21}},"23":{"start":{"line":36,"column":6},"end":{"line":36,"column":29}},"24":{"start":{"line":38,"column":6},"end":{"line":38,"column":66}},"25":{"start":{"line":40,"column":6},"end":{"line":40,"column":23}},"26":{"start":{"line":44,"column":23},"end":{"line":59,"column":3}},"27":{"start":{"line":45,"column":4},"end":{"line":58,"column":7}},"28":{"start":{"line":50,"column":10},"end":{"line":55,"column":11}},"29":{"start":{"line":51,"column":12},"end":{"line":51,"column":53}},"30":{"start":{"line":52,"column":12},"end":{"line":52,"column":71}},"31":{"start":{"line":52,"column":35},"end":{"line":52,"column":69}},"32":{"start":{"line":52,"column":52},"end":{"line":52,"column":68}},"33":{"start":{"line":54,"column":12},"end":{"line":54,"column":70}},"34":{"start":{"line":61,"column":2},"end":{"line":117,"column":4}},"35":{"start":{"line":67,"column":65},"end":{"line":67,"column":86}},"36":{"start":{"line":79,"column":32},"end":{"line":79,"column":47}},"37":{"start":{"line":83,"column":12},"end":{"line":93,"column":19}},"38":{"start":{"line":90,"column":47},"end":{"line":90,"column":65}},"39":{"start":{"line":98,"column":92},"end":{"line":98,"column":114}},"40":{"start":{"line":99,"column":82},"end":{"line":99,"column":104}},"41":{"start":{"line":120,"column":15},"end":{"line":138,"column":2}}},"fnMap":{"0":{"name":"DepartmentManagementScreen","decl":{"start":{"line":8,"column":24},"end":{"line":8,"column":50}},"loc":{"start":{"line":8,"column":53},"end":{"line":118,"column":1}},"line":8},"1":{"name":"(anonymous_1)","decl":{"start":{"line":16,"column":39},"end":{"line":16,"column":40}},"loc":{"start":{"line":16,"column":51},"end":{"line":25,"column":3}},"line":16},"2":{"name":"(anonymous_2)","decl":{"start":{"line":27,"column":12},"end":{"line":27,"column":13}},"loc":{"start":{"line":27,"column":18},"end":{"line":27,"column":41}},"line":27},"3":{"name":"(anonymous_3)","decl":{"start":{"line":29,"column":20},"end":{"line":29,"column":21}},"loc":{"start":{"line":29,"column":32},"end":{"line":42,"column":3}},"line":29},"4":{"name":"(anonymous_4)","decl":{"start":{"line":34,"column":21},"end":{"line":34,"column":22}},"loc":{"start":{"line":34,"column":29},"end":{"line":34,"column":44}},"line":34},"5":{"name":"(anonymous_5)","decl":{"start":{"line":44,"column":23},"end":{"line":44,"column":24}},"loc":{"start":{"line":44,"column":45},"end":{"line":59,"column":3}},"line":44},"6":{"name":"(anonymous_6)","decl":{"start":{"line":49,"column":17},"end":{"line":49,"column":18}},"loc":{"start":{"line":49,"column":29},"end":{"line":56,"column":9}},"line":49},"7":{"name":"(anonymous_7)","decl":{"start":{"line":52,"column":27},"end":{"line":52,"column":28}},"loc":{"start":{"line":52,"column":35},"end":{"line":52,"column":69}},"line":52},"8":{"name":"(anonymous_8)","decl":{"start":{"line":52,"column":47},"end":{"line":52,"column":48}},"loc":{"start":{"line":52,"column":52},"end":{"line":52,"column":68}},"line":52},"9":{"name":"(anonymous_9)","decl":{"start":{"line":67,"column":59},"end":{"line":67,"column":60}},"loc":{"start":{"line":67,"column":65},"end":{"line":67,"column":86}},"line":67},"10":{"name":"(anonymous_10)","decl":{"start":{"line":79,"column":24},"end":{"line":79,"column":25}},"loc":{"start":{"line":79,"column":32},"end":{"line":79,"column":47}},"line":79},"11":{"name":"(anonymous_11)","decl":{"start":{"line":82,"column":22},"end":{"line":82,"column":23}},"loc":{"start":{"line":83,"column":12},"end":{"line":93,"column":19}},"line":83},"12":{"name":"(anonymous_12)","decl":{"start":{"line":90,"column":41},"end":{"line":90,"column":42}},"loc":{"start":{"line":90,"column":47},"end":{"line":90,"column":65}},"line":90},"13":{"name":"(anonymous_13)","decl":{"start":{"line":98,"column":86},"end":{"line":98,"column":87}},"loc":{"start":{"line":98,"column":92},"end":{"line":98,"column":114}},"line":98},"14":{"name":"(anonymous_14)","decl":{"start":{"line":99,"column":76},"end":{"line":99,"column":77}},"loc":{"start":{"line":99,"column":82},"end":{"line":99,"column":104}},"line":99}},"branchMap":{"0":{"loc":{"start":{"line":20,"column":21},"end":{"line":20,"column":52}},"type":"cond-expr","locations":[{"start":{"line":20,"column":43},"end":{"line":20,"column":47}},{"start":{"line":20,"column":50},"end":{"line":20,"column":52}}],"line":20},"1":{"loc":{"start":{"line":30,"column":4},"end":{"line":30,"column":32}},"type":"if","locations":[{"start":{"line":30,"column":4},"end":{"line":30,"column":32}},{"start":{},"end":{}}],"line":30},"2":{"loc":{"start":{"line":73,"column":7},"end":{"line":96,"column":7}},"type":"cond-expr","locations":[{"start":{"line":74,"column":8},"end":{"line":74,"column":95}},{"start":{"line":76,"column":8},"end":{"line":95,"column":10}}],"line":73},"3":{"loc":{"start":{"line":86,"column":17},"end":{"line":88,"column":17}},"type":"binary-expr","locations":[{"start":{"line":86,"column":17},"end":{"line":86,"column":48}},{"start":{"line":87,"column":18},"end":{"line":87,"column":85}}],"line":86},"4":{"loc":{"start":{"line":110,"column":54},"end":{"line":110,"column":80}},"type":"binary-expr","locations":[{"start":{"line":110,"column":54},"end":{"line":110,"column":60}},{"start":{"line":110,"column":64},"end":{"line":110,"column":80}}],"line":110},"5":{"loc":{"start":{"line":111,"column":15},"end":{"line":111,"column":107}},"type":"cond-expr","locations":[{"start":{"line":111,"column":24},"end":{"line":111,"column":58}},{"start":{"line":111,"column":61},"end":{"line":111,"column":107}}],"line":111}},"s":{"0":0,"1":0,"2":0,"3":0,"4":0,"5":0,"6":0,"7":0,"8":0,"9":0,"10":0,"11":0,"12":0,"13":0,"14":0,"15":0,"16":0,"17":0,"18":0,"19":0,"20":0,"21":0,"22":0,"23":0,"24":0,"25":0,"26":0,"27":0,"28":0,"29":0,"30":0,"31":0,"32":0,"33":0,"34":0,"35":0,"36":0,"37":0,"38":0,"39":0,"40":0,"41":0},"f":{"0":0,"1":0,"2":0,"3":0,"4":0,"5":0,"6":0,"7":0,"8":0,"9":0,"10":0,"11":0,"12":0,"13":0,"14":0},"b":{"0":[0,0],"1":[0,0],"2":[0,0],"3":[0,0],"4":[0,0],"5":[0,0]}}
,"C:\\laragon\\www\\ODOB Mobile - Terbaru\\src\\screens\\admin\\ExportScreen.tsx": {"path":"C:\\laragon\\www\\ODOB Mobile - Terbaru\\src\\screens\\admin\\ExportScreen.tsx","statementMap":{"0":{"start":{"line":20,"column":35},"end":{"line":20,"column":66}},"1":{"start":{"line":23,"column":38},"end":{"line":23,"column":74}},"2":{"start":{"line":24,"column":38},"end":{"line":24,"column":74}},"3":{"start":{"line":26,"column":23},"end":{"line":84,"column":3}},"4":{"start":{"line":27,"column":21},"end":{"line":27,"column":67}},"5":{"start":{"line":28,"column":4},"end":{"line":28,"column":45}},"6":{"start":{"line":30,"column":4},"end":{"line":83,"column":5}},"7":{"start":{"line":31,"column":22},"end":{"line":31,"column":49}},"8":{"start":{"line":32,"column":22},"end":{"line":32,"column":57}},"9":{"start":{"line":34,"column":6},"end":{"line":37,"column":7}},"10":{"start":{"line":35,"column":8},"end":{"line":35,"column":88}},"11":{"start":{"line":36,"column":8},"end":{"line":36,"column":15}},"12":{"start":{"line":39,"column":24},"end":{"line":39,"column":55}},"13":{"start":{"line":40,"column":24},"end":{"line":40,"column":67}},"14":{"start":{"line":41,"column":24},"end":{"line":41,"column":100}},"15":{"start":{"line":43,"column":32},"end":{"line":52,"column":7}},"16":{"start":{"line":48,"column":10},"end":{"line":50,"column":11}},"17":{"start":{"line":49,"column":12},"end":{"line":49,"column":97}},"18":{"start":{"line":54,"column":21},"end":{"line":54,"column":60}},"19":{"start":{"line":56,"column":6},"end":{"line":59,"column":7}},"20":{"start":{"line":57,"column":8},"end":{"line":57,"column":64}},"21":{"start":{"line":58,"column":8},"end":{"line":58,"column":15}},"22":{"start":{"line":62,"column":6},"end":{"line":66,"column":7}},"23":{"start":{"line":63,"column":8},"end":{"line":63,"column":94}},"24":{"start":{"line":64,"column":8},"end":{"line":64,"column":71}},"25":{"start":{"line":65,"column":8},"end":{"line":65,"column":15}},"26":{"start":{"line":68,"column":31},"end":{"line":68,"column":63}},"27":{"start":{"line":69,"column":6},"end":{"line":77,"column":7}},"28":{"start":{"line":70,"column":8},"end":{"line":74,"column":11}},"29":{"start":{"line":76,"column":8},"end":{"line":76,"column":93}},"30":{"start":{"line":79,"column":6},"end":{"line":79,"column":44}},"31":{"start":{"line":80,"column":6},"end":{"line":80,"column":81}},"32":{"start":{"line":82,"column":6},"end":{"line":82,"column":30}},"33":{"start":{"line":86,"column":23},"end":{"line":86,"column":61}},"34":{"start":{"line":88,"column":2},"end":{"line":141,"column":4}},"35":{"start":{"line":106,"column":29},"end":{"line":106,"column":50}},"36":{"start":{"line":124,"column":29},"end":{"line":124,"column":48}},"37":{"start":{"line":14
[...]
,"C:\\laragon\\www\\ODOB Mobile - Terbaru\\src\\types\\auth.ts": {"path":"C:\\laragon\\www\\ODOB Mobile - Terbaru\\src\\types\\auth.ts","statementMap":{},"fnMap":{},"branchMap":{},"s":{},"f":{},"b":{}}
,"C:\\laragon\\www\\ODOB Mobile - Terbaru\\src\\types\\common.ts": {"path":"C:\\laragon\\www\\ODOB Mobile - Terbaru\\src\\types\\common.ts","statementMap":{},"fnMap":{},"branchMap":{},"s":{},"f":{},"b":{}}
,"C:\\laragon\\www\\ODOB Mobile - Terbaru\\src\\types\\dashboard.ts": {"path":"C:\\laragon\\www\\ODOB Mobile - Terbaru\\src\\types\\dashboard.ts","statementMap":{},"fnMap":{},"branchMap":{},"s":{},"f":{},"b":{}}
,"C:\\laragon\\www\\ODOB Mobile - Terbaru\\src\\types\\index.ts": {"path":"C:\\laragon\\www\\ODOB Mobile - Terbaru\\src\\types\\index.ts","statementMap":{},"fnMap":{},"branchMap":{},"s":{},"f":{},"b":{}}
,"C:\\laragon\\www\\ODOB Mobile - Terbaru\\src\\types\\profile.ts": {"path":"C:\\laragon\\www\\ODOB Mobile - Terbaru\\src\\types\\profile.ts","statementMap":{},"fnMap":{},"branchMap":{},"s":{},"f":{},"b":{}}
,"C:\\laragon\\www\\ODOB Mobile - Terbaru\\src\\types\\room.ts": {"path":"C:\\laragon\\www\\ODOB Mobile - Terbaru\\src\\types\\room.ts","statementMap":{},"fnMap":{},"branchMap":{},"s":{},"f":{},"b":{}}
,"C:\\laragon\\www\\ODOB Mobile - Terbaru\\src\\types\\rule.ts": {"path":"C:\\laragon\\www\\ODOB Mobile - Terbaru\\src\\types\\rule.ts","statementMap":{},"fnMap":{},"branchMap":{},"s":{},"f":{},"b":{}}
,"C:\\laragon\\www\\ODOB Mobile - Terbaru\\src\\types\\violation.ts": {"path":"C:\\laragon\\www\\ODOB Mobile - Terbaru\\src\\types\\violation.ts","statementMap":{},"fnMap":{},"branchMap":{},"s":{},"f":{},"b":{}}
,"C:\\laragon\\www\\ODOB Mobile - Terbaru\\src\\utils\\avatar.ts": {"path":"C:\\laragon\\www\\ODOB Mobile - Terbaru\\src\\utils\\avatar.ts","statementMap":{"0":{"start":{"line":8,"column":2},"end":{"line":10,"column":3}},"1":{"start":{"line":9,"column":4},"end":{"line":9,"column":26}},"2":{"start":{"line":11,"column":19},"end":{"line":11,"column":43}},"3":{"start":{"line":12,"column":2},"end":{"line":14,"column":4}},"4":{"start":{"line":18,"column":16},"end":{"line":18,"column":40}},"5":{"start":{"line":19,"column":2},"end":{"line":19,"column":66}},"6":{"start":{"line":19,"column":26},"end":{"line":19,"column":66}},"7":{"start":{"line":20,"column":2},"end":{"line":23,"column":4}}},"fnMap":{"0":{"name":"getAvatarUri","decl":{"start":{"line":4,"column":16},"end":{"line":4,"column":28}},"loc":{"start":{"line":7,"column":19},"end":{"line":15,"column":1}},"line":7},"1":{"name":"getInitials","decl":{"start":{"line":17,"column":16},"end":{"line":17,"column":27}},"loc":{"start":{"line":17,"column":50},"end":{"line":24,"column":1}},"line":17}},"branchMap":{"0":{"loc":{"start":{"line":8,"column":2},"end":{"line":10,"column":3}},"type":"if","locations":[{"start":{"line":8,"column":2},"end":{"line":10,"column":3}},{"start":{},"end":{}}],"line":8},"1":{"loc":{"start":{"line":11,"column":31},"end":{"line":11,"column":42}},"type":"binary-expr","locations":[{"start":{"line":11,"column":31},"end":{"line":11,"column":35}},{"start":{"line":11,"column":39},"end":{"line":11,"column":42}}],"line":11},"2":{"loc":{"start":{"line":19,"column":2},"end":{"line":19,"column":66}},"type":"if","locations":[{"start":{"line":19,"column":2},"end":{"line":19,"column":66}},{"start":{},"end":{}}],"line":19}},"s":{"0":0,"1":0,"2":0,"3":0,"4":0,"5":0,"6":0,"7":0},"f":{"0":0,"1":0},"b":{"0":[0,0],"1":[0,0],"2":[0,0]}}
,"C:\\laragon\\www\\ODOB Mobile - Terbaru\\src\\utils\\fileDownload.ts": {"path":"C:\\laragon\\www\\ODOB Mobile - Terbaru\\src\\utils\\fileDownload.ts","statementMap":{"0":{"start":{"line":24,"column":28},"end":{"line":74,"column":1}},"1":{"start":{"line":29,"column":2},"end":{"line":73,"column":3}},"2":{"start":{"line":31,"column":4},"end":{"line":36,"column":5}},"3":{"start":{"line":32,"column":6},"end":{"line":35,"column":8}},"4":{"start":{"line":39,"column":20},"end":{"line":39,"column":90}},"5":{"start":{"line":42,"column":30},"end":{"line":53,"column":5}},"6":{"start":{"line":47,"column":8},"end":{"line":51,"column":9}},"7":{"start":{"line":49,"column":12},"end":{"line":49,"column":91}},"8":{"start":{"line":50,"column":10},"end":{"line":50,"column":31}},"9":{"start":{"line":55,"column":19},"end":{"line":55,"column":58}},"10":{"start":{"line":57,"column":4},"end":{"line":62,"column":5}},"11":{"start":{"line":58,"column":6},"end":{"line":61,"column":8}},"12":{"start":{"line":64,"column":4},"end":{"line":67,"column":6}},"13":{"start":{"line":69,"column":4},"end":{"line":72,"column":6}},"14":{"start":{"line":82,"column":25},"end":{"line":103,"column":1}},"15":{"start":{"line":86,"column":2},"end":{"line":102,"column":3}},"16":{"start":{"line":87,"column":24},"end":{"line":87,"column":56}},"17":{"start":{"line":89,"column":4},"end":{"line":91,"column":5}},"18":{"start":{"line":90,"column":6},"end":{"line":90,"column":19}},"19":{"start":{"line":93,"column":4},"end":{"line":96,"column":7}},"20":{"start":{"line":98,"column":4},"end":{"line":98,"column":16}},"21":{"start":{"line":100,"column":4},"end":{"line":100,"column":48}},"22":{"start":{"line":101,"column":4},"end":{"line":101,"column":17}},"23":{"start":{"line":112,"column":32},"end":{"line":129,"column":1}},"24":{"start":{"line":117,"column":25},"end":{"line":117,"column":58}},"25":{"start":{"line":119,"column":2},"end":{"line":121,"column":3}},"26":{"start":{"line":120,"column":4},"end":{"line":120,"column":26}},"27":{"start":{"line":123,"column":17},"end":{"line":123,"column":65}},"28":{"start":{"line":125,"column":2},"end":{"line":128,"column":4}},"29":{"start":{"line":134,"column":40},"end":{"line":145,"column":1}},"30":{"start":{"line":135,"column":42},"end":{"line":142,"column":3}},"31":{"start":{"line":144,"column":2},"end":{"line":144,"column":36}},"32":{"start":{"line":150,"column":32},"end":{"line":153,"column":1}},"33":{"start":{"line":151,"column":20},"end":{"line":151,"column":79}},"34":{"start":{"line":152,"column":2},"end":{"line":152,"column":47}}},"fnMap":{"0":{"name":"(anonymous_0)","decl":{"start":{"line":24,"column":28},"end":{"line":24,"column":29}},"loc":{"start":{"line":28,"column":30},"end":{"line":74,"column":1}},"line":28},"1":{"name":"(anonymous_1)","decl":{"start":{"line":46,"column":6},"end":{"line":46,"column":7}},"loc":{"start":{"line":46,"column":28},"end":{"line":52,"column":7}},"line":46},"2":{"name":"(anonymous_2)","decl":{"start":{"line":82,"column":25},"end":{"line":82,"column":26}},"loc":{"start":{"line":85,"column":23},"end":{"line":103,"column":1}},"line":85},"3":{"name":"(anonymous_3)","decl":{"start":{"line":112,"column":32},"end":{"line":112,"column":33}},"loc":{"start":{"line":116,"column":53},"end":{"line":129,"column":1}},"line":116},"4":{"name":"(anonymous_4)","decl":{"start":{"line":134,"column":40},"end":{"line":134,"column":41}},"loc":{"start":{"line":134,"column":70},"end":{"line":145,"column":1}},"line":134},"5":{"name":"(anonymous_5)","decl":{"start":{"line":150,"column":32},"end":{"line":150,"column":33}},"loc":{"start":{"line":150,"column":79},"end":{"line":153,"column":1}},"line":150}},"branchMap":{"0":{"loc":{"start":{"line":31,"column":4},"end":{"line":36,"column":5}},"type":"if","locations":[{"start":{"line":31,"column":4},"end":{"line":36,"column":5}},{"start":{},"end":{}}],"line":31},"1":{"loc":{"start":{"line":31,"column":8},"end":{"line":31,"column":67}},"type":"binary-expr","locations":[{"start":{"line":31,"column":8},"end":{"line":31,"column":37}},{"start":{"line":31,"column":41},"end":{"line":31,"column":67}}],"line":31},"2":{"loc":{"start":{"line":39,"column":21},"end":{"line":39,"column":78}},"type":"binary-expr","locations":[{"start":{"line":39,"column":21},"end":{"line":39,"column":46}},{"start":{"line":39,"column":50},"end":{"line":39,"column":78}}],"line":39},"3":{"loc":{"start":{"line":47,"column":8},"end":{"line":51,"column":9}},"type":"if","locations":[{"start":{"line":47,"column":8},"end":{"line":51,"column":9}},{"start":{},"end":{}}],"line":47},"4":{"loc":{"start":{"line":47,"column":12},"end":{"line":47,"column":72}},"type":"binary-expr","locations":[{"start":{"line":47,"column":12},"end":{"line":47,"column":22}},{"start":{"line":47,"column":26},"end":{"line":47,"column":72}}],"line":47},"5":{"loc":{"start":{"line":57,"column":4},"end":{"line":62,"column":5}},"type":"if","locations":[{"start":{"line":57,"column":4},"end":{"line":62,"column":5}},{"start":{},"end":{}}],"line":57},"6":{"loc":{"start":{"line":71,"column":13},"end":{"line":71,"column":70}},"type":"cond-expr","locations":[{"start":{"line":71,"column":38},"end":{"line":71,"column":51}},{"start":{"line":71,"column":54},"end":{"line":71,"column":70}}],"line":71},"7":{"loc":{"start":{"line":89,"column":4},"end":{"line":91,"column":5}},"type":"if","locations":[{"start":{"line":89,"column":4},"end":{"line":91,"column":5}},{"start":{},"end":{}}],"line":89},"8":{"loc":{"start":{"line":94,"column":19},"end":{"line":94,"column":48}},"type":"binary-expr","locations":[{"start":{"line":94,"column":19},"end":{"line":94,"column":30}},{"start":{"line":94,"column":34},"end":{"line":94,"column":48}}],"line":94},"9":{"loc":{"start":{"line":95,"column":11},"end":{"line":95,"column":60}},"type":"cond-expr","locations":[{"start":{"line":95,"column":35},"end":{"line":95,"column":48}},{"start":{"line":95,"column":51},"end":{"line":95,"column":60}}],"line":95},"10":{"loc":{"start":{"line":119,"column":2},"end":{"line":121,"column":3}},"type":"if","locations":[{"start":{"line":119,"column":2},"end":{"line":121,"column":3}},{"start":{},"end":{}}],"line":119},"11":{"loc":{"start":{"line":119,"column":6},"end":{"line":119,"column":52}},"type":"binary-expr","locations":[{"start":{"line":119,"column":6},"end":{"line":119,"column":29}},{"start":{"line":119,"column":33},"end":{"line":119,"column":52}}],"line":119},"12":{"loc":{"start":{"line":144,"column":9},"end":{"line":144,"column":35}},"type":"binary-expr","locations":[{"start":{"line":144,"column":9},"end":{"line":144,"column":26}},{"start":{"line":144,"column":30},"end":{"line":144,"column":35}}],"line":144}},"s":{"0":1,"1":5,"2":5,"3":0,"4":5,"5":5,"6":0,"7":0,"8":0,"9":5,"10":4,"11":2,"12":2,"13":1,"14":1,"15":4,"16":4,"17":4,"18":1,"19":3,"20":2,"21":1,"22":1,"23":1,"24":2,"25":2,"26":1,"27":1,"28":1,"29":1,"30":4,"31":4,"32":1,"33":3,"34":3},"f":{"0":5,"1":0,"2":4,"3":2,"4":4,"5":3},"b":{"0":[0,5],"1":[5,0],"2":[5,0],"3":[0,0],"4":[0,0],"5":[2,2],"6":[1,0],"7":[1,3],"8":[3,1],"9":[3,0],"10":[1,1],"11":[2,1],"12":[4,1]},"_coverageSchema":"1a1c01bbd47fc00a2c39e90264f33305004495a9","hash":"4b70e57789bd67c319bda8f6e6483645f4d6b532"}
,"C:\\laragon\\www\\ODOB Mobile - Terbaru\\src\\utils\\imageCompression.ts": {"path":"C:\\laragon\\www\\ODOB Mobile - Terbaru\\src\\utils\\imageCompression.ts","statementMap":{"0":{"start":{"line":5,"column":33},"end":{"line":5,"column":50}},"1":{"start":{"line":6,"column":22},"end":{"line":6,"column":26}},"2":{"start":{"line":7,"column":25},"end":{"line":7,"column":28}},"3":{"start":{"line":24,"column":2},"end":{"line":26,"column":3}},"4":{"start":{"line":25,"column":4},"end":{"line":25,"column":17}},"5":{"start":{"line":28,"column":17},"end":{"line":32,"column":3}},"6":{"start":{"line":34,"column":2},"end":{"line":39,"column":4}}},"fnMap":{"0":{"name":"compressImageIfNeeded","decl":{"start":{"line":23,"column":22},"end":{"line":23,"column":43}},"loc":{"start":{"line":23,"column":98},"end":{"line":40,"column":1}},"line":23}},"branchMap":{"0":{"loc":{"start":{"line":24,"column":2},"end":{"line":26,"column":3}},"type":"if","locations":[{"start":{"line":24,"column":2},"end":{"line":26,"column":3}},{"start":{},"end":{}}],"line":24},"1":{"loc":{"start":{"line":24,"column":6},"end":{"line":24,"column":59}},"type":"binary-expr","locations":[{"start":{"line":24,"column":6},"end":{"line":24,"column":17}},{"start":{"line":24,"column":21},"end":{"line":24,"column":59}}],"line":24}},"s":{"0":0,"1":0,"2":0,"3":0,"4":0,"5":0,"6":0},"f":{"0":0},"b":{"0":[0,0],"1":[0,0]}}
,"C:\\laragon\\www\\ODOB Mobile - Terbaru\\src\\utils\\imageValidation.ts": {"path":"C:\\laragon\\www\\ODOB Mobile - Terbaru\\src\\utils\\imageValidation.ts","statementMap":{"0":{"start":{"line":1,"column":35},"end":{"line":1,"column":89}},"1":{"start":{"line":2,"column":35},"end":{"line":2,"column":50}},"2":{"start":{"line":3,"column":26},"end":{"line":3,"column":27}},"3":{"start":{"line":14,"column":2},"end":{"line":19,"column":3}},"4":{"start":{"line":15,"column":4},"end":{"line":18,"column":6}},"5":{"start":{"line":20,"column":2},"end":{"line":25,"column":3}},"6":{"start":{"line":21,"column":4},"end":{"line":24,"column":6}},"7":{"start":{"line":26,"column":2},"end":{"line":26,"column":25}},"8":{"start":{"line":30,"column":2},"end":{"line":35,"column":3}},"9":{"start":{"line":31,"column":4},"end":{"line":34,"column":6}},"10":{"start":{"line":36,"column":2},"end":{"line":41,"column":3}},"11":{"start":{"line":37,"column":4},"end":{"line":40,"column":6}},"12":{"start":{"line":42,"column":2},"end":{"line":42,"column":25}}},"fnMap":{"0":{"name":"validateImage","decl":{"start":{"line":10,"column":16},"end":{"line":10,"column":29}},"loc":{"start":{"line":13,"column":25},"end":{"line":27,"column":1}},"line":13},"1":{"name":"validatePhotoCount","decl":{"start":{"line":29,"column":16},"end":{"line":29,"column":34}},"loc":{"start":{"line":29,"column":73},"end":{"line":43,"column":1}},"line":29}},"branchMap":{"0":{"loc":{"start":{"line":14,"column":2},"end":{"line":19,"column":3}},"type":"if","locations":[{"start":{"line":14,"column":2},"end":{"line":19,"column":3}},{"start":{},"end":{}}],"line":14},"1":{"loc":{"start":{"line":20,"column":2},"end":{"line":25,"column":3}},"type":"if","locations":[{"start":{"line":20,"column":2},"end":{"line":25,"column":3}},{"start":{},"end":{}}],"line":20},"2":{"loc":{"start":{"line":20,"column":6},"end":{"line":20,"column":54}},"type":"binary-expr","locations":[{"start":{"line":20,"column":6},"end":{"line":20,"column":24}},{"start":{"line":20,"column":28},"end":{"line":20,"column":54}}],"line":20},"3":{"loc":{"start":{"line":30,"column":2},"end":{"line":35,"column":3}},"type":"if","locations":[{"start":{"line":30,"column":2},"end":{"line":35,"column":3}},{"start":{},"end":{}}],"line":30},"4":{"loc":{"start":{"line":36,"column":2},"end":{"line":41,"column":3}},"type":"if","locations":[{"start":{"line":36,"column":2},"end":{"line":41,"column":3}},{"start":{},"end":{}}],"line":36}},"s":{"0":0,"1":0,"2":0,"3":0,"4":0,"5":0,"6":0,"7":0,"8":0,"9":0,"10":0,"11":0,"12":0},"f":{"0":0,"1":0},"b":{"0":[0,0],"1":[0,0],"2":[0,0],"3":[0,0],"4":[0,0]}}
,"C:\\laragon\\www\\ODOB Mobile - Terbaru\\src\\utils\\index.ts": {"path":"C:\\laragon\\www\\ODOB Mobile - Terbaru\\src\\utils\\index.ts","statementMap":{},"fnMap":{},"branchMap":{},"s":{},"f":{},"b":{}}
,"C:\\laragon\\www\\ODOB Mobile - Terbaru\\src\\utils\\toast.ts": {"path":"C:\\laragon\\www\\ODOB Mobile - Terbaru\\src\\utils\\toast.ts","statementMap":{"0":{"start":{"line":6,"column":2},"end":{"line":6,"column":30}},"1":{"start":{"line":10,"column":21},"end":{"line":10,"column":50}},"2":{"start":{"line":12,"column":2},"end":{"line":14,"column":3}},"3":{"start":{"line":13,"column":4},"end":{"line":13,"column":64}},"4":{"start":{"line":16,"column":27},"end":{"line":16,"column":46}},"5":{"start":{"line":18,"column":2},"end":{"line":40,"column":3}},"6":{"start":{"line":20,"column":6},"end":{"line":20,"column":64}},"7":{"start":{"line":22,"column":6},"end":{"line":22,"column":67}},"8":{"start":{"line":24,"column":6},"end":{"line":24,"column":50}},"9":{"start":{"line":26,"column":6},"end":{"line":26,"column":41}},"10":{"start":{"line":28,"column":6},"end":{"line":33,"column":7}},"11":{"start":{"line":29,"column":27},"end":{"line":29,"column":56}},"12":{"start":{"line":30,"column":8},"end":{"line":32,"column":9}},"13":{"start":{"line":31,"column":10},"end":{"line":31,"column":31}},"14":{"start":{"line":34,"column":6},"end":{"line":34,"column":69}},"15":{"start":{"line":37,"column":6},"end":{"line":37,"column":79}},"16":{"start":{"line":39,"column":6},"end":{"line":39,"column":70}},"17":{"start":{"line":46,"column":21},"end":{"line":46,"column":50}},"18":{"start":{"line":47,"column":2},"end":{"line":55,"column":3}},"19":{"start":{"line":48,"column":43},"end":{"line":48,"column":45}},"20":{"start":{"line":49,"column":4},"end":{"line":53,"column":5}},"21":{"start":{"line":52,"column":6},"end":{"line":52,"column":34}},"22":{"start":{"line":54,"column":4},"end":{"line":54,"column":18}},"23":{"start":{"line":56,"column":2},"end":{"line":56,"column":14}}},"fnMap":{"0":{"name":"showToast","decl":{"start":{"line":5,"column":16},"end":{"line":5,"column":25}},"loc":{"start":{"line":5,"column":65},"end":{"line":7,"column":1}},"line":5},"1":{"name":"handleApiError","decl":{"start":{"line":9,"column":16},"end":{"line":9,"column":30}},"loc":{"start":{"line":9,"column":55},"end":{"line":41,"column":1}},"line":9},"2":{"name":"getValidationErrors","decl":{"start":{"line":43,"column":16},"end":{"line":43,"column":35}},"loc":{"start":{"line":45,"column":33},"end":{"line":57,"column":1}},"line":45}},"branchMap":{"0":{"loc":{"start":{"line":12,"column":2},"end":{"line":14,"column":3}},"type":"if","locations":[{"start":{"line":12,"column":2},"end":{"line":14,"column":3}},{"start":{},"end":{}}],"line":12},"1":{"loc":{"start":{"line":18,"column":2},"end":{"line":40,"column":3}},"type":"switch","locations":[{"start":{"line":19,"column":4},"end":{"line":20,"column":64}},{"start":{"line":21,"column":4},"end":{"line":22,"column":67}},{"start":{"line":23,"column":4},"end":{"line":24,"column":50}},{"start":{"line":25,"column":4},"end":{"line":26,"column":41}},{"start":{"line":27,"column":4},"end":{"line":35,"column":5}},{"start":{"line":36,"column":4},"end":{"line":37,"column":79}},{"start":{"line":38,"column":4},"end":{"line":39,"column":70}}],"line":18},"2":{"loc":{"start":{"line":28,"column":6},"end":{"line":33,"column":7}},"type":"if","locations":[{"start":{"line":28,"column":6},"end":{"line":33,"column":7}},{"start":{},"end":{}}],"line":28},"3":{"loc":{"start":{"line":30,"column":8},"end":{"line":32,"column":9}},"type":"if","locations":[{"start":{"line":30,"column":8},"end":{"line":32,"column":9}},{"start":{},"end":{}}],"line":30},"4":{"loc":{"start":{"line":30,"column":12},"end":{"line":30,"column":47}},"type":"binary-expr","locations":[{"start":{"line":30,"column":12},"end":{"line":30,"column":22}},{"start":{"line":30,"column":26},"end":{"line":30,"column":47}}],"line":30},"5":{"loc":{"start":{"line":34,"column":13},"end":{"line":34,"column":68}},"type":"binary-expr","locations":[{"start":{"line":34,"column":13},"end":{"line":34,"column":26}},{"start":{"line":34,"column":30},"end":{"line":34,"column":68}}],"line":34},"6":{"loc":{"start":{"line":39,"column":13},"end":{"line":39,"column":69}},"type":"binary-expr","locations":[{"start":{"line":39,"column":13},"end":{"line":39,"column":26}},{"start":{"line":39,"column":30},"end":{"line":39,"column":69}}],"line":39},"7":{"loc":{"start":{"line":47,"column":2},"end":{"line":55,"column":3}},"type":"if","locations":[{"start":{"line":47,"column":2},"end":{"line":55,"column":3}},{"start":{},"end":{}}],"line":47},"8":{"loc":{"start":{"line":47,"column":6},"end":{"line":47,"column":77}},"type":"binary-expr","locations":[{"start":{"line":47,"column":6},"end":{"line":47,"column":41}},{"start":{"line":47,"column":45},"end":{"line":47,"column":77}}],"line":47}},"s":{"0":0,"1":8,"2":8,"3":1,"4":7,"5":7,"6":1,"7":1,"8":1,"9":1,"10":1,"11":1,"12":1,"13":1,"14":0,"15":0,"16":2,"17":3,"18":3,"19":1,"20":1,"21":2,"22":1,"23":2},"f":{"0":0,"1":8,"2":3},"b":{"0":[1,7],"1":[1,1,1,1,1,0,2],"2":[1,0],"3":[1,0],"4":[1,1],"5":[0,0],"6":[2,1],"7":[1,2],"8":[3,2]},"_coverageSchema":"1a1c01bbd47fc00a2c39e90264f33305004495a9","hash":"1236a983aecdd022027ffae3f5f4ff1ddc6be27b"}
}
