TN:
SF:src\api\admin.ts
FN:11,(anonymous_0)
FN:21,(anonymous_1)
FN:24,(anonymous_2)
FN:27,(anonymous_3)
FN:30,(anonymous_4)
FN:33,(anonymous_5)
FN:37,(anonymous_6)
FN:40,(anonymous_7)
FN:43,(anonymous_8)
FN:46,(anonymous_9)
FN:49,(anonymous_10)
FN:53,(anonymous_11)
FN:56,(anonymous_12)
FN:59,(anonymous_13)
FN:62,(anonymous_14)
FN:66,(anonymous_15)
FN:69,(anonymous_16)
FN:72,(anonymous_17)
FN:75,(anonymous_18)
FN:78,(anonymous_19)
FN:82,(anonymous_20)
FN:85,(anonymous_21)
FN:88,(anonymous_22)
FN:92,(anonymous_23)
FN:112,(anonymous_24)
FN:121,(anonymous_25)
FNF:26
FNH:0
FNDA:0,(anonymous_0)
FNDA:0,(anonymous_1)
FNDA:0,(anonymous_2)
FNDA:0,(anonymous_3)
FNDA:0,(anonymous_4)
FNDA:0,(anonymous_5)
FNDA:0,(anonymous_6)
FNDA:0,(anonymous_7)
FNDA:0,(anonymous_8)
FNDA:0,(anonymous_9)
FNDA:0,(anonymous_10)
FNDA:0,(anonymous_11)
FNDA:0,(anonymous_12)
FNDA:0,(anonymous_13)
FNDA:0,(anonymous_14)
FNDA:0,(anonymous_15)
FNDA:0,(anonymous_16)
FNDA:0,(anonymous_17)
FNDA:0,(anonymous_18)
FNDA:0,(anonymous_19)
FNDA:0,(anonymous_20)
FNDA:0,(anonymous_21)
FNDA:0,(anonymous_22)
FNDA:0,(anonymous_23)
FNDA:0,(anonymous_24)
FNDA:0,(anonymous_25)
DA:11,0
DA:12,0
DA:13,0
DA:14,0
DA:16,0
DA:19,0
DA:22,0
DA:25,0
DA:28,0
DA:31,0
DA:34,0
DA:38,0
DA:41,0
DA:44,0
DA:47,0
DA:50,0
DA:54,0
DA:57,0
DA:60,0
DA:63,0
DA:67,0
DA:70,0
DA:73,0
DA:76,0
DA:79,0
DA:83,0
DA:86,0
DA:89,0
DA:93,0
DA:94,0
DA:95,0
DA:98,0
DA:99,0
DA:100,0
DA:103,0
DA:104,0
DA:105,0
DA:107,0
DA:108,0
DA:113,0
DA:114,0
DA:116,0
DA:117,0
DA:122,0
DA:123,0
DA:125,0
DA:126,0
DA:128,0
DA:132,0
DA:133,0
DA:137,0
DA:138,0
DA:139,0
DA:140,0
DA:143,0
LF:55
LH:0
BRDA:13,0,0,0
BRDA:13,0,1,0
BRDA:21,1,0,0
BRDA:53,2,0,0
BRDA:56,3,0,0
BRDA:94,4,0,0
BRDA:94,4,1,0
BRDA:100,5,0,0
BRDA:100,5,1,0
BRDA:104,6,0,0
BRDA:104,6,1,0
BRDA:105,7,0,0
BRDA:105,7,1,0
BRDA:108,8,0,0
BRDA:108,8,1,0
BRDA:114,9,0,0
BRDA:114,9,1,0
BRDA:123,10,0,0
BRDA:123,10,1,0
BRDA:132,11,0,0
BRDA:132,11,1,0
BRDA:139,12,0,0
BRDA:139,12,1,0
BRF:23
BRH:0
end_of_record
TN:
SF:src\api\auth.ts
FN:5,(anonymous_0)
FN:8,(anonymous_1)
FN:11,(anonymous_2)
FN:13,(anonymous_3)
FN:15,(anonymous_4)
FNF:5
FNH:0
FNDA:0,(anonymous_0)
FNDA:0,(anonymous_1)
FNDA:0,(anonymous_2)
FNDA:0,(anonymous_3)
FNDA:0,(anonymous_4)
DA:4,0
DA:6,0
DA:9,0
DA:11,0
DA:13,0
DA:15,0
LF:6
LH:0
BRF:0
BRH:0
end_of_record
TN:
SF:src\api\client.ts
FN:31,(anonymous_0)
FN:37,(anonymous_1)
FN:48,(anonymous_2)
FN:66,(anonymous_3)
FN:67,(anonymous_4)
FNF:5
FNH:0
FNDA:0,(anonymous_0)
FNDA:0,(anonymous_1)
FNDA:0,(anonymous_2)
FNDA:0,(anonymous_3)
FNDA:0,(anonymous_4)
DA:24,0
DA:26,0
DA:27,0
DA:30,0
DA:31,0
DA:32,0
DA:36,0
DA:37,0
DA:38,0
DA:41,0
DA:48,0
DA:49,0
DA:50,0
DA:51,0
DA:53,0
DA:54,0
DA:56,0
DA:57,0
DA:58,0
DA:59,0
DA:61,0
DA:65,0
DA:66,0
DA:68,0
DA:69,0
DA:73,0
DA:74,0
DA:75,0
DA:76,0
DA:86,0
DA:87,0
DA:88,0
DA:90,0
DA:91,0
DA:94,0
DA:95,0
DA:100,0
LF:37
LH:0
BRDA:24,0,0,0
BRDA:24,0,1,0
BRDA:26,1,0,0
BRDA:26,1,1,0
BRDA:50,2,0,0
BRDA:50,2,1,0
BRDA:53,3,0,0
BRDA:53,3,1,0
BRDA:56,4,0,0
BRDA:56,4,1,0
BRDA:58,5,0,0
BRDA:58,5,1,0
BRDA:73,6,0,0
BRDA:73,6,1,0
BRDA:73,7,0,0
BRDA:73,7,1,0
BRDA:94,8,0,0
BRDA:94,8,1,0
BRF:18
BRH:0
end_of_record
TN:
SF:src\api\dashboard.ts
FN:5,(anonymous_0)
FN:14,(anonymous_1)
FN:16,(anonymous_2)
FNF:3
FNH:0
FNDA:0,(anonymous_0)
FNDA:0,(anonymous_1)
FNDA:0,(anonymous_2)
DA:5,0
DA:6,0
DA:7,0
DA:8,0
DA:10,0
DA:13,0
DA:14,0
DA:25,0
LF:8
LH:0
BRDA:7,0,0,0
BRDA:7,0,1,0
BRF:2
BRH:0
end_of_record
TN:
SF:src\api\index.ts
FNF:0
FNH:0
LF:0
LH:0
BRF:0
BRH:0
end_of_record
TN:
SF:src\api\profile.ts
FN:6,(anonymous_0)
FN:15,(anonymous_1)
FN:17,(anonymous_2)
FN:20,(anonymous_3)
FN:23,(anonymous_4)
FN:25,(anonymous_5)
FNF:6
FNH:0
FNDA:0,(anonymous_0)
FNDA:0,(anonymous_1)
FNDA:0,(anonymous_2)
FNDA:0,(anonymous_3)
FNDA:0,(anonymous_4)
FNDA:0,(anonymous_5)
DA:6,0
DA:7,0
DA:8,0
DA:9,0
DA:11,0
DA:14,0
DA:15,0
DA:18,0
DA:21,0
DA:23,0
DA:25,0
LF:11
LH:0
BRDA:8,0,0,0
BRDA:8,0,1,0
BRF:2
BRH:0
end_of_record
TN:
SF:src\api\rules.ts
FN:5,(anonymous_0)
FN:14,(anonymous_1)
FN:17,(anonymous_2)
FN:20,(anonymous_3)
FN:23,(anonymous_4)
FNF:5
FNH:0
FNDA:0,(anonymous_0)
FNDA:0,(anonymous_1)
FNDA:0,(anonymous_2)
FNDA:0,(anonymous_3)
FNDA:0,(anonymous_4)
DA:5,0
DA:6,0
DA:7,0
DA:8,0
DA:10,0
DA:13,0
DA:15,0
DA:18,0
DA:21,0
DA:23,0
LF:10
LH:0
BRDA:7,0,0,0
BRDA:7,0,1,0
BRF:2
BRH:0
end_of_record
TN:
SF:src\api\violations.ts
FN:9,(anonymous_0)
FN:18,(anonymous_1)
FN:23,(anonymous_2)
FN:28,(anonymous_3)
FN:31,(anonymous_4)
FN:33,(anonymous_5)
FNF:6
FNH:0
FNDA:0,(anonymous_0)
FNDA:0,(anonymous_1)
FNDA:0,(anonymous_2)
FNDA:0,(anonymous_3)
FNDA:0,(anonymous_4)
FNDA:0,(anonymous_5)
DA:9,0
DA:10,0
DA:11,0
DA:12,0
DA:14,0
DA:17,0
DA:19,0
DA:24,0
DA:29,0
DA:31,0
DA:34,0
LF:11
LH:0
BRDA:11,0,0,0
BRDA:11,0,1,0
BRDA:18,1,0,0
BRDA:23,2,0,0
BRF:4
BRH:0
end_of_record
TN:
SF:src\api\clients\baseClient.ts
FN:26,(anonymous_0)
FN:30,(anonymous_1)
FN:43,(anonymous_2)
FN:69,(anonymous_3)
FN:74,(anonymous_4)
FN:75,(anonymous_5)
FNF:6
FNH:0
FNDA:0,(anonymous_0)
FNDA:0,(anonymous_1)
FNDA:0,(anonymous_2)
FNDA:0,(anonymous_3)
FNDA:0,(anonymous_4)
FNDA:0,(anonymous_5)
DA:19,2
DA:26,2
DA:27,0
DA:30,2
DA:31,0
DA:33,0
DA:42,0
DA:45,0
DA:46,0
DA:48,0
DA:49,0
DA:53,0
DA:54,0
DA:55,0
DA:56,0
DA:61,0
DA:62,0
DA:63,0
DA:64,0
DA:67,0
DA:69,0
DA:73,0
DA:74,0
DA:82,0
DA:83,0
DA:84,0
DA:85,0
DA:91,0
DA:92,0
DA:97,0
DA:98,0
DA:100,0
DA:102,0
DA:103,0
DA:105,0
DA:117,0
DA:120,0
DA:121,0
DA:124,0
DA:125,0
DA:129,0
DA:130,0
DA:133,0
DA:137,0
DA:141,0
LF:45
LH:3
BRDA:48,0,0,0
BRDA:48,0,1,0
BRDA:53,1,0,0
BRDA:53,1,1,0
BRDA:55,2,0,0
BRDA:55,2,1,0
BRDA:61,3,0,0
BRDA:61,3,1,0
BRDA:63,4,0,0
BRDA:63,4,1,0
BRDA:82,5,0,0
BRDA:82,5,1,0
BRDA:97,6,0,0
BRDA:97,6,1,0
BRDA:97,7,0,0
BRDA:97,7,1,0
BRDA:129,8,0,0
BRDA:129,8,1,0
BRDA:129,9,0,0
BRDA:129,9,1,0
BRF:20
BRH:0
end_of_record
TN:
SF:src\api\clients\index.ts
FN:27,(anonymous_0)
FN:38,(anonymous_1)
FN:54,(anonymous_2)
FN:55,(anonymous_3)
FN:67,(anonymous_4)
FN:68,(anonymous_5)
FN:73,(anonymous_6)
FN:74,(anonymous_7)
FNF:8
FNH:0
FNDA:0,(anonymous_0)
FNDA:0,(anonymous_1)
FNDA:0,(anonymous_2)
FNDA:0,(anonymous_3)
FNDA:0,(anonymous_4)
FNDA:0,(anonymous_5)
FNDA:0,(anonymous_6)
FNDA:0,(anonymous_7)
DA:12,2
DA:15,2
DA:16,2
DA:22,2
DA:27,2
DA:31,0
DA:32,0
DA:38,2
DA:40,0
DA:41,0
DA:52,0
DA:54,0
DA:55,0
DA:59,0
DA:61,0
DA:67,2
DA:68,2
DA:73,2
DA:74,0
DA:75,0
LF:20
LH:9
BRDA:40,0,0,0
BRDA:40,0,1,0
BRDA:55,1,0,0
BRDA:55,1,1,0
BRF:4
BRH:0
end_of_record
TN:
SF:src\components\AppNavbar.tsx
FN:11,getInitials
FN:24,AppNavbar
FN:31,(anonymous_2)
FN:37,(anonymous_3)
FN:48,(anonymous_4)
FN:55,(anonymous_5)
FN:56,(anonymous_6)
FNF:7
FNH:5
FNDA:14,getInitials
FNDA:14,AppNavbar
FNDA:1,(anonymous_2)
FNDA:1,(anonymous_3)
FNDA:5,(anonymous_4)
FNDA:0,(anonymous_5)
FNDA:0,(anonymous_6)
DA:12,14
DA:13,14
DA:14,14
DA:15,14
DA:25,14
DA:26,14
DA:27,14
DA:28,14
DA:29,14
DA:31,14
DA:32,1
DA:33,1
DA:34,1
DA:37,14
DA:38,1
DA:39,1
DA:40,1
DA:44,14
DA:48,5
DA:55,0
DA:56,0
DA:78,1
LF:22
LH:20
BRDA:12,0,0,0
BRDA:12,0,1,14
BRDA:14,1,0,0
BRDA:14,1,1,14
BRDA:15,2,0,0
BRDA:15,2,1,14
BRDA:39,3,0,1
BRDA:39,3,1,0
BRDA:58,4,0,14
BRDA:58,4,1,5
BRF:10
BRH:6
end_of_record
TN:
SF:src\components\ImageViewerModal.tsx
FN:12,ImageViewerModal
FNF:1
FNH:0
FNDA:0,ImageViewerModal
DA:13,0
DA:15,0
DA:33,0
LF:3
LH:0
BRDA:25,0,0,0
BRDA:25,0,1,0
BRF:2
BRH:0
end_of_record
TN:
SF:src\components\PromptModal.tsx
FN:30,PromptModal
FN:43,(anonymous_1)
FN:47,(anonymous_2)
FNF:3
FNH:0
FNDA:0,PromptModal
FNDA:0,(anonymous_1)
FNDA:0,(anonymous_2)
DA:41,0
DA:43,0
DA:44,0
DA:47,0
DA:48,0
DA:49,0
DA:52,0
DA:89,0
LF:8
LH:0
BRDA:35,0,0,0
BRDA:36,1,0,0
BRDA:37,2,0,0
BRDA:44,3,0,0
BRDA:44,3,1,0
BRDA:48,4,0,0
BRDA:48,4,1,0
BRDA:56,5,0,0
BRDA:56,5,1,0
BRDA:60,6,0,0
BRDA:60,6,1,0
BRDA:76,7,0,0
BRDA:76,7,1,0
BRDA:76,8,0,0
BRDA:76,8,1,0
BRF:15
BRH:0
end_of_record
TN:
SF:src\components\ScreenHeader.tsx
FN:18,ScreenHeader
FN:28,(anonymous_1)
FNF:2
FNH:0
FNDA:0,ScreenHeader
FNDA:0,(anonymous_1)
DA:19,0
DA:20,0
DA:22,0
DA:28,0
DA:45,0
LF:5
LH:0
BRDA:25,0,0,0
BRDA:25,0,1,0
BRDA:28,1,0,0
BRDA:28,1,1,0
BRDA:37,2,0,0
BRDA:37,2,1,0
BRDA:39,3,0,0
BRDA:39,3,1,0
BRF:8
BRH:0
end_of_record
TN:
SF:src\config\backends.ts
FN:50,(anonymous_0)
FN:57,(anonymous_1)
FNF:2
FNH:0
FNDA:0,(anonymous_0)
FNDA:0,(anonymous_1)
DA:22,2
DA:50,2
DA:51,0
DA:57,2
DA:61,0
DA:63,0
DA:64,0
DA:67,0
LF:8
LH:3
BRDA:63,0,0,0
BRDA:63,0,1,0
BRF:2
BRH:0
end_of_record
TN:
SF:src\navigation\AdminTabNavigator.tsx
FN:20,AdminTabNavigator
FNF:1
FNH:0
FNDA:0,AdminTabNavigator
DA:18,0
DA:21,0
LF:2
LH:0
BRF:0
BRH:0
end_of_record
TN:
SF:src\navigation\AppStack.tsx
FN:12,AppStack
FNF:1
FNH:0
FNDA:0,AppStack
DA:10,0
DA:13,0
LF:2
LH:0
BRF:0
BRH:0
end_of_record
TN:
SF:src\navigation\AuthStack.tsx
FN:9,AuthStack
FNF:1
FNH:0
FNDA:0,AuthStack
DA:7,0
DA:10,0
LF:2
LH:0
BRF:0
BRH:0
end_of_record
TN:
SF:src\navigation\RoomTabsFixed.tsx
FN:24,Icon
FN:32,RoomTabsFixed
FN:37,(anonymous_2)
FN:45,(anonymous_3)
FN:48,(anonymous_4)
FNF:5
FNH:0
FNDA:0,Icon
FNDA:0,RoomTabsFixed
FNDA:0,(anonymous_2)
FNDA:0,(anonymous_3)
FNDA:0,(anonymous_4)
DA:14,0
DA:16,0
DA:25,0
DA:33,0
DA:34,0
DA:35,0
DA:37,0
DA:38,0
DA:39,0
DA:43,0
DA:45,0
DA:49,0
DA:94,0
LF:13
LH:0
BRDA:38,0,0,0
BRDA:38,0,1,0
BRDA:76,1,0,0
BRDA:76,1,1,0
BRDA:83,2,0,0
BRDA:83,2,1,0
BRF:6
BRH:0
end_of_record
TN:
SF:src\navigation\RootNavigator.tsx
FN:18,RootNavigator
FN:25,(anonymous_1)
FN:27,(anonymous_2)
FN:35,(anonymous_3)
FN:42,(anonymous_4)
FN:43,(anonymous_5)
FNF:6
FNH:0
FNDA:0,RootNavigator
FNDA:0,(anonymous_1)
FNDA:0,(anonymous_2)
FNDA:0,(anonymous_3)
FNDA:0,(anonymous_4)
FNDA:0,(anonymous_5)
DA:14,0
DA:16,0
DA:20,0
DA:21,0
DA:22,0
DA:25,0
DA:26,0
DA:30,0
DA:31,0
DA:33,0
DA:36,0
DA:42,0
DA:43,0
DA:47,0
DA:48,0
DA:62,0
DA:64,0
LF:17
LH:0
BRDA:30,0,0,0
BRDA:30,0,1,0
BRDA:36,1,0,0
BRDA:36,1,1,0
BRDA:47,2,0,0
BRDA:47,2,1,0
BRDA:67,3,0,0
BRDA:67,3,1,0
BRF:8
BRH:0
end_of_record
TN:
SF:src\navigation\navigationRef.ts
FNF:0
FNH:0
DA:2,0
LF:1
LH:0
BRF:0
BRH:0
end_of_record
TN:
SF:src\screens\admin\AdminHomeScreen.tsx
FN:29,AdminHomeScreen
FN:43,(anonymous_1)
FN:48,(anonymous_2)
FNF:3
FNH:0
FNDA:0,AdminHomeScreen
FNDA:0,(anonymous_1)
FNDA:0,(anonymous_2)
DA:18,0
DA:30,0
DA:31,0
DA:33,0
DA:44,0
DA:48,0
DA:62,0
LF:7
LH:0
BRDA:35,0,0,0
BRDA:35,0,1,0
BRF:2
BRH:0
end_of_record
TN:
SF:src\screens\admin\AdminUsersScreen.tsx
FN:15,getInitials
FN:16,(anonymous_1)
FN:22,AdminUsersScreen
FN:29,(anonymous_3)
FN:40,(anonymous_4)
FN:42,(anonymous_5)
FN:52,(anonymous_6)
FN:56,(anonymous_7)
FN:56,(anonymous_8)
FN:77,(anonymous_9)
FN:82,(anonymous_10)
FN:96,(anonymous_11)
FN:102,(anonymous_12)
FNF:13
FNH:0
FNDA:0,getInitials
FNDA:0,(anonymous_1)
FNDA:0,AdminUsersScreen
FNDA:0,(anonymous_3)
FNDA:0,(anonymous_4)
FNDA:0,(anonymous_5)
FNDA:0,(anonymous_6)
FNDA:0,(anonymous_7)
FNDA:0,(anonymous_8)
FNDA:0,(anonymous_9)
FNDA:0,(anonymous_10)
FNDA:0,(anonymous_11)
FNDA:0,(anonymous_12)
DA:16,0
DA:17,0
DA:18,0
DA:19,0
DA:23,0
DA:24,0
DA:25,0
DA:26,0
DA:27,0
DA:29,0
DA:30,0
DA:31,0
DA:32,0
DA:33,0
DA:36,0
DA:40,0
DA:42,0
DA:43,0
DA:44,0
DA:53,0
DA:54,0
DA:55,0
DA:56,0
DA:58,0
DA:60,0
DA:68,0
DA:77,0
DA:83,0
DA:96,0
DA:102,0
DA:116,0
LF:31
LH:0
BRDA:17,0,0,0
BRDA:17,0,1,0
BRDA:18,1,0,0
BRDA:18,1,1,0
BRDA:33,2,0,0
BRDA:33,2,1,0
BRDA:33,3,0,0
BRDA:33,3,1,0
BRDA:43,4,0,0
BRDA:43,4,1,0
BRDA:71,5,0,0
BRDA:71,5,1,0
BRDA:84,6,0,0
BRDA:84,6,1,0
BRDA:90,7,0,0
BRDA:90,7,1,0
BRDA:103,8,0,0
BRDA:103,8,1,0
BRF:18
BRH:0
end_of_record
TN:
SF:src\screens\admin\DepartmentManagementScreen.tsx
FN:8,DepartmentManagementScreen
FN:16,(anonymous_1)
FN:27,(anonymous_2)
FN:29,(anonymous_3)
FN:34,(anonymous_4)
FN:44,(anonymous_5)
FN:49,(anonymous_6)
FN:52,(anonymous_7)
FN:52,(anonymous_8)
FN:67,(anonymous_9)
FN:79,(anonymous_10)
FN:82,(anonymous_11)
FN:90,(anonymous_12)
FN:98,(anonymous_13)
FN:99,(anonymous_14)
FNF:15
FNH:0
FNDA:0,DepartmentManagementScreen
FNDA:0,(anonymous_1)
FNDA:0,(anonymous_2)
FNDA:0,(anonymous_3)
FNDA:0,(anonymous_4)
FNDA:0,(anonymous_5)
FNDA:0,(anonymous_6)
FNDA:0,(anonymous_7)
FNDA:0,(anonymous_8)
FNDA:0,(anonymous_9)
FNDA:0,(anonymous_10)
FNDA:0,(anonymous_11)
FNDA:0,(anonymous_12)
FNDA:0,(anonymous_13)
FNDA:0,(anonymous_14)
DA:9,0
DA:10,0
DA:11,0
DA:12,0
DA:13,0
DA:14,0
DA:16,0
DA:17,0
DA:18,0
DA:19,0
DA:20,0
DA:23,0
DA:27,0
DA:29,0
DA:30,0
DA:31,0
DA:32,0
DA:33,0
DA:34,0
DA:35,0
DA:36,0
DA:38,0
DA:40,0
DA:44,0
DA:45,0
DA:50,0
DA:51,0
DA:52,0
DA:54,0
DA:61,0
DA:67,0
DA:79,0
DA:83,0
DA:90,0
DA:98,0
DA:99,0
DA:120,0
LF:37
LH:0
BRDA:20,0,0,0
BRDA:20,0,1,0
BRDA:30,1,0,0
BRDA:30,1,1,0
BRDA:73,2,0,0
BRDA:73,2,1,0
BRDA:86,3,0,0
BRDA:86,3,1,0
BRDA:110,4,0,0
BRDA:110,4,1,0
BRDA:111,5,0,0
BRDA:111,5,1,0
BRF:12
BRH:0
end_of_record
TN:
SF:src\screens\admin\ExportScreen.tsx
FN:22,ExportScreen
FN:26,(anonymous_1)
FN:47,(anonymous_2)
FN:106,(anonymous_3)
FN:124,(anonymous_4)
FN:144,ProgressBar
FNF:6
FNH:0
FNDA:0,ExportScreen
FNDA:0,(anonymous_1)
FNDA:0,(anonymous_2)
FNDA:0,(anonymous_3)
FNDA:0,(anonymous_4)
FNDA:0,ProgressBar
DA:20,0
DA:23,0
DA:24,0
DA:26,0
DA:27,0
DA:28,0
DA:30,0
DA:31,0
DA:32,0
DA:34,0
DA:35,0
DA:36,0
DA:39,0
DA:40,0
DA:41,0
DA:43,0
DA:48,0
DA:49,0
DA:54,0
DA:56,0
DA:57,0
DA:58,0
DA:62,0
DA:63,0
DA:64,0
DA:65,0
DA:68,0
DA:69,0
DA:70,0
DA:76,0
DA:79,0
DA:80,0
DA:82,0
DA:86,0
DA:88,0
DA:106,0
DA:124,0
DA:145,0
DA:155,0
LF:39
LH:0
BRDA:27,0,0,0
BRDA:27,0,1,0
BRDA:34,1,0,0
BRDA:34,1,1,0
BRDA:39,2,0,0
BRDA:39,2,1,0
BRDA:41,3,0,0
BRDA:41,3,1,0
BRDA:41,3,2,0
BRDA:48,4,0,0
BRDA:48,4,1,0
BRDA:56,5,0,0
BRDA:56,5,1,0
BRDA:62,6,0,0
BRDA:62,6,1,0
BRDA:62,7,0,0
BRDA:62,7,1,0
BRDA:69,8,0,0
BRDA:69,8,1,0
BRDA:72,9,0,0
BRDA:72,9,1,0
BRDA:86,10,0,0
BRDA:86,10,1,0
BRDA:101,11,0,0
BRDA:101,11,1,0
BRDA:101,11,2,0
BRDA:105,12,0,0
BRDA:105,12,1,0
BRDA:108,13,0,0
BRDA:108,13,1,0
BRDA:119,14,0,0
BRDA:119,14,1,0
BRDA:119,14,2,0
BRDA:123,15,0,0
BRDA:123,15,1,0
BRDA:126,16,0,0
BRDA:126,16,1,0
BRF:37
BRH:0
end_of_record
TN:
SF:src\screens\admin\ManualPointsScreen.tsx
FN:27,ManualPointsScreen
FN:39,(anonymous_1)
FN:47,(anonymous_2)
FN:55,(anonymous_3)
FN:57,(anonymous_4)
FN:68,(anonymous_5)
FN:87,(anonymous_6)
FN:102,(anonymous_7)
FN:133,(anonymous_8)
FN:139,(anonymous_9)
FN:140,(anonymous_10)
FN:142,(anonymous_11)
FN:143,(anonymous_12)
FNF:13
FNH:0
FNDA:0,ManualPointsScreen
FNDA:0,(anonymous_1)
FNDA:0,(anonymous_2)
FNDA:0,(anonymous_3)
FNDA:0,(anonymous_4)
FNDA:0,(anonymous_5)
FNDA:0,(anonymous_6)
FNDA:0,(anonymous_7)
FNDA:0,(anonymous_8)
FNDA:0,(anonymous_9)
FNDA:0,(anonymous_10)
FNDA:0,(anonymous_11)
FNDA:0,(anonymous_12)
DA:28,0
DA:29,0
DA:30,0
DA:31,0
DA:32,0
DA:33,0
DA:34,0
DA:35,0
DA:36,0
DA:37,0
DA:39,0
DA:40,0
DA:41,0
DA:42,0
DA:43,0
DA:44,0
DA:45,0
DA:46,0
DA:47,0
DA:48,0
DA:51,0
DA:55,0
DA:57,0
DA:58,0
DA:59,0
DA:60,0
DA:61,0
DA:68,0
DA:69,0
DA:70,0
DA:71,0
DA:72,0
DA:73,0
DA:75,0
DA:76,0
DA:77,0
DA:78,0
DA:79,0
DA:80,0
DA:81,0
DA:82,0
DA:84,0
DA:86,0
DA:87,0
DA:90,0
DA:92,0
DA:96,0
DA:102,0
DA:133,0
DA:139,0
DA:140,0
DA:143,0
DA:157,0
LF:53
LH:0
BRDA:43,0,0,0
BRDA:43,0,1,0
BRDA:43,1,0,0
BRDA:43,1,1,0
BRDA:46,2,0,0
BRDA:46,2,1,0
BRDA:48,3,0,0
BRDA:48,3,1,0
BRDA:60,4,0,0
BRDA:60,4,1,0
BRDA:60,5,0,0
BRDA:60,5,1,0
BRDA:63,6,0,0
BRDA:63,6,1,0
BRDA:64,7,0,0
BRDA:64,7,1,0
BRDA:70,8,0,0
BRDA:70,8,1,0
BRDA:71,9,0,0
BRDA:71,9,1,0
BRDA:71,10,0,0
BRDA:71,10,1,0
BRDA:72,11,0,0
BRDA:72,11,1,0
BRDA:73,12,0,0
BRDA:73,12,1,0
BRDA:73,13,0,0
BRDA:73,13,1,0
BRDA:77,14,0,0
BRDA:77,14,1,0
BRDA:99,15,0,0
BRDA:99,15,1,0
BRDA:103,16,0,0
BRDA:103,16,1,0
BRDA:104,17,0,0
BRDA:104,17,1,0
BRDA:104,17,2,0
BRDA:117,18,0,0
BRDA:117,18,1,0
BRDA:127,19,0,0
BRDA:127,19,1,0
BRDA:128,20,0,0
BRDA:128,20,1,0
BRDA:137,21,0,0
BRDA:137,21,1,0
BRDA:139,22,0,0
BRDA:139,22,1,0
BRDA:145,23,0,0
BRDA:145,23,1,0
BRDA:145,24,0,0
BRDA:145,24,1,0
BRF:51
BRH:0
end_of_record
TN:
SF:src\screens\admin\PendingReportsScreen.tsx
FN:18,PendingReportsScreen
FN:26,(anonymous_1)
FN:38,(anonymous_2)
FN:40,(anonymous_3)
FN:44,(anonymous_4)
FN:44,(anonymous_5)
FN:53,(anonymous_6)
FN:57,(anonymous_7)
FN:64,(anonymous_8)
FN:64,(anonymous_9)
FN:83,(anonymous_10)
FN:93,(anonymous_11)
FN:97,(anonymous_12)
FN:102,(anonymous_13)
FN:103,(anonymous_14)
FN:115,(anonymous_15)
FN:121,(anonymous_16)
FN:138,(anonymous_17)
FN:145,(anonymous_18)
FNF:19
FNH:0
FNDA:0,PendingReportsScreen
FNDA:0,(anonymous_1)
FNDA:0,(anonymous_2)
FNDA:0,(anonymous_3)
FNDA:0,(anonymous_4)
FNDA:0,(anonymous_5)
FNDA:0,(anonymous_6)
FNDA:0,(anonymous_7)
FNDA:0,(anonymous_8)
FNDA:0,(anonymous_9)
FNDA:0,(anonymous_10)
FNDA:0,(anonymous_11)
FNDA:0,(anonymous_12)
FNDA:0,(anonymous_13)
FNDA:0,(anonymous_14)
FNDA:0,(anonymous_15)
FNDA:0,(anonymous_16)
FNDA:0,(anonymous_17)
FNDA:0,(anonymous_18)
DA:19,0
DA:20,0
DA:21,0
DA:22,0
DA:23,0
DA:24,0
DA:26,0
DA:27,0
DA:28,0
DA:29,0
DA:30,0
DA:32,0
DA:34,0
DA:38,0
DA:40,0
DA:41,0
DA:42,0
DA:43,0
DA:44,0
DA:45,0
DA:47,0
DA:49,0
DA:53,0
DA:54,0
DA:57,0
DA:58,0
DA:59,0
DA:60,0
DA:61,0
DA:62,0
DA:63,0
DA:64,0
DA:65,0
DA:67,0
DA:69,0
DA:73,0
DA:83,0
DA:94,0
DA:97,0
DA:103,0
DA:115,0
DA:121,0
DA:138,0
DA:145,0
DA:151,0
LF:45
LH:0
BRDA:30,0,0,0
BRDA:30,0,1,0
BRDA:30,1,0,0
BRDA:30,1,1,0
BRDA:59,2,0,0
BRDA:59,2,1,0
BRDA:77,3,0,0
BRDA:77,3,1,0
BRDA:86,4,0,0
BRDA:86,4,1,0
BRDA:99,5,0,0
BRDA:99,5,1,0
BRDA:100,6,0,0
BRDA:100,6,1,0
BRDA:100,7,0,0
BRDA:100,7,1,0
BRDA:114,8,0,0
BRDA:114,8,1,0
BRDA:120,9,0,0
BRDA:120,9,1,0
BRF:20
BRH:0
end_of_record
TN:
SF:src\screens\admin\ReportSummaryScreen.tsx
FN:27,num
FN:39,normalizeSummary
FN:52,StatRow
FN:61,ReportSummaryScreen
FN:70,(anonymous_4)
FN:92,(anonymous_5)
FN:101,(anonymous_6)
FN:106,(anonymous_7)
FN:110,(anonymous_8)
FN:115,(anonymous_9)
FN:142,(anonymous_10)
FN:155,(anonymous_11)
FN:175,(anonymous_12)
FN:176,(anonymous_13)
FN:179,(anonymous_14)
FN:183,(anonymous_15)
FN:191,(anonymous_16)
FN:192,(anonymous_17)
FN:195,(anonymous_18)
FN:199,(anonymous_19)
FNF:20
FNH:0
FNDA:0,num
FNDA:0,normalizeSummary
FNDA:0,StatRow
FNDA:0,ReportSummaryScreen
FNDA:0,(anonymous_4)
FNDA:0,(anonymous_5)
FNDA:0,(anonymous_6)
FNDA:0,(anonymous_7)
FNDA:0,(anonymous_8)
FNDA:0,(anonymous_9)
FNDA:0,(anonymous_10)
FNDA:0,(anonymous_11)
FNDA:0,(anonymous_12)
FNDA:0,(anonymous_13)
FNDA:0,(anonymous_14)
FNDA:0,(anonymous_15)
FNDA:0,(anonymous_16)
FNDA:0,(anonymous_17)
FNDA:0,(anonymous_18)
FNDA:0,(anonymous_19)
DA:20,0
DA:24,0
DA:25,0
DA:28,0
DA:29,0
DA:30,0
DA:33,0
DA:40,0
DA:41,0
DA:53,0
DA:62,0
DA:63,0
DA:64,0
DA:65,0
DA:66,0
DA:67,0
DA:68,0
DA:70,0
DA:71,0
DA:72,0
DA:73,0
DA:76,0
DA:81,0
DA:82,0
DA:83,0
DA:85,0
DA:88,0
DA:92,0
DA:94,0
DA:101,0
DA:106,0
DA:110,0
DA:115,0
DA:143,0
DA:156,0
DA:175,0
DA:176,0
DA:180,0
DA:183,0
DA:191,0
DA:192,0
DA:196,0
DA:199,0
DA:210,0
LF:44
LH:0
BRDA:29,0,0,0
BRDA:29,0,1,0
BRDA:29,1,0,0
BRDA:29,1,1,0
BRDA:29,1,2,0
BRDA:40,2,0,0
BRDA:40,2,1,0
BRDA:40,2,2,0
BRDA:47,3,0,0
BRDA:47,3,1,0
BRDA:47,3,2,0
BRDA:48,4,0,0
BRDA:48,4,1,0
BRDA:48,4,2,0
BRDA:56,5,0,0
BRDA:56,5,1,0
BRDA:74,6,0,0
BRDA:74,6,1,0
BRDA:100,7,0,0
BRDA:100,7,1,0
BRDA:102,8,0,0
BRDA:102,8,1,0
BRDA:105,9,0,0
BRDA:105,9,1,0
BRDA:107,10,0,0
BRDA:107,10,1,0
BRDA:109,11,0,0
BRDA:109,11,1,0
BRDA:121,12,0,0
BRDA:121,12,1,0
BRDA:125,13,0,0
BRDA:125,13,1,0
BRDA:139,14,0,0
BRDA:139,14,1,0
BRDA:139,14,2,0
BRDA:152,15,0,0
BRDA:152,15,1,0
BRDA:152,15,2,0
BRDA:182,16,0,0
BRDA:182,16,1,0
BRDA:184,17,0,0
BRDA:184,17,1,0
BRDA:198,18,0,0
BRDA:198,18,1,0
BRDA:200,19,0,0
BRDA:200,19,1,0
BRF:46
BRH:0
end_of_record
TN:
SF:src\screens\admin\RestoreRulesScreen.tsx
FN:8,daysLeft
FN:16,RestoreRulesScreen
FN:21,(anonymous_2)
FN:31,(anonymous_3)
FN:33,(anonymous_4)
FN:37,(anonymous_5)
FN:37,(anonymous_6)
FN:55,(anonymous_7)
FN:60,(anonymous_8)
FN:68,(anonymous_9)
FNF:10
FNH:0
FNDA:0,daysLeft
FNDA:0,RestoreRulesScreen
FNDA:0,(anonymous_2)
FNDA:0,(anonymous_3)
FNDA:0,(anonymous_4)
FNDA:0,(anonymous_5)
FNDA:0,(anonymous_6)
FNDA:0,(anonymous_7)
FNDA:0,(anonymous_8)
FNDA:0,(anonymous_9)
DA:9,0
DA:10,0
DA:11,0
DA:12,0
DA:13,0
DA:17,0
DA:18,0
DA:19,0
DA:21,0
DA:22,0
DA:23,0
DA:24,0
DA:25,0
DA:27,0
DA:31,0
DA:33,0
DA:34,0
DA:35,0
DA:36,0
DA:37,0
DA:38,0
DA:40,0
DA:42,0
DA:46,0
DA:55,0
DA:61,0
DA:62,0
DA:68,0
DA:80,0
LF:29
LH:0
BRDA:9,0,0,0
BRDA:9,0,1,0
BRDA:11,1,0,0
BRDA:11,1,1,0
BRDA:25,2,0,0
BRDA:25,2,1,0
BRDA:25,3,0,0
BRDA:25,3,1,0
BRDA:49,4,0,0
BRDA:49,4,1,0
BRDA:58,5,0,0
BRDA:58,5,1,0
BRDA:65,6,0,0
BRDA:65,6,1,0
BRDA:66,7,0,0
BRDA:66,7,1,0
BRDA:67,8,0,0
BRDA:67,8,1,0
BRDA:68,9,0,0
BRDA:68,9,1,0
BRDA:69,10,0,0
BRDA:69,10,1,0
BRF:22
BRH:0
end_of_record
TN:
SF:src\screens\admin\RoomSettingsScreen.tsx
FN:18,RoomSettingsScreen
FN:27,(anonymous_1)
FN:47,(anonymous_2)
FN:78,(anonymous_3)
FN:85,(anonymous_4)
FN:100,(anonymous_5)
FN:126,(anonymous_6)
FN:135,(anonymous_7)
FNF:8
FNH:0
FNDA:0,RoomSettingsScreen
FNDA:0,(anonymous_1)
FNDA:0,(anonymous_2)
FNDA:0,(anonymous_3)
FNDA:0,(anonymous_4)
FNDA:0,(anonymous_5)
FNDA:0,(anonymous_6)
FNDA:0,(anonymous_7)
DA:15,0
DA:16,0
DA:19,0
DA:20,0
DA:21,0
DA:22,0
DA:23,0
DA:24,0
DA:25,0
DA:27,0
DA:28,0
DA:29,0
DA:30,0
DA:32,0
DA:33,0
DA:34,0
DA:38,0
DA:39,0
DA:41,0
DA:43,0
DA:47,0
DA:48,0
DA:49,0
DA:50,0
DA:51,0
DA:53,0
DA:54,0
DA:55,0
DA:56,0
DA:57,0
DA:60,0
DA:61,0
DA:67,0
DA:68,0
DA:69,0
DA:70,0
DA:72,0
DA:74,0
DA:78,0
DA:79,0
DA:80,0
DA:86,0
DA:87,0
DA:88,0
DA:89,0
DA:91,0
DA:93,0
DA:100,0
DA:101,0
DA:103,0
DA:104,0
DA:105,0
DA:106,0
DA:109,0
DA:110,0
DA:111,0
DA:112,0
DA:113,0
DA:115,0
DA:116,0
DA:117,0
DA:119,0
DA:122,0
DA:126,0
DA:127,0
DA:128,0
DA:136,0
DA:137,0
DA:138,0
DA:140,0
DA:148,0
DA:149,0
DA:159,0
DA:259,0
LF:74
LH:0
BRDA:20,0,0,0
BRDA:20,0,1,0
BRDA:21,1,0,0
BRDA:21,1,1,0
BRDA:28,2,0,0
BRDA:28,2,1,0
BRDA:28,3,0,0
BRDA:28,3,1,0
BRDA:36,4,0,0
BRDA:36,4,1,0
BRDA:48,5,0,0
BRDA:48,5,1,0
BRDA:51,6,0,0
BRDA:51,6,1,0
BRDA:51,7,0,0
BRDA:51,7,1,0
BRDA:53,8,0,0
BRDA:53,8,1,0
BRDA:55,9,0,0
BRDA:55,9,1,0
BRDA:64,10,0,0
BRDA:64,10,1,0
BRDA:79,11,0,0
BRDA:79,11,1,0
BRDA:101,12,0,0
BRDA:101,12,1,0
BRDA:101,13,0,0
BRDA:101,13,1,0
BRDA:104,14,0,0
BRDA:104,14,1,0
BRDA:116,15,0,0
BRDA:116,15,1,0
BRDA:127,16,0,0
BRDA:127,16,1,0
BRDA:148,17,0,0
BRDA:148,17,1,0
BRDA:162,18,0,0
BRDA:162,18,1,0
BRDA:166,19,0,0
BRDA:166,19,1,0
BRDA:171,20,0,0
BRDA:171,20,1,0
BRDA:174,21,0,0
BRDA:174,21,1,0
BRDA:178,22,0,0
BRDA:178,22,1,0
BRDA:182,23,0,0
BRDA:182,23,1,0
BRDA:184,24,0,0
BRDA:184,24,1,0
BRDA:218,25,0,0
BRDA:218,25,1,0
BRDA:221,26,0,0
BRDA:221,26,1,0
BRDA:239,27,0,0
BRDA:239,27,1,0
BRDA:242,28,0,0
BRDA:242,28,1,0
BRF:58
BRH:0
end_of_record
TN:
SF:src\screens\admin\VerificationHistoryScreen.tsx
FN:12,VerificationHistoryScreen
FN:17,(anonymous_1)
FN:28,(anonymous_2)
FN:39,(anonymous_3)
FN:44,(anonymous_4)
FN:60,(anonymous_5)
FN:61,(anonymous_6)
FN:78,(anonymous_7)
FNF:8
FNH:0
FNDA:0,VerificationHistoryScreen
FNDA:0,(anonymous_1)
FNDA:0,(anonymous_2)
FNDA:0,(anonymous_3)
FNDA:0,(anonymous_4)
FNDA:0,(anonymous_5)
FNDA:0,(anonymous_6)
FNDA:0,(anonymous_7)
DA:9,0
DA:10,0
DA:13,0
DA:14,0
DA:15,0
DA:17,0
DA:18,0
DA:19,0
DA:20,0
DA:21,0
DA:24,0
DA:28,0
DA:30,0
DA:39,0
DA:45,0
DA:61,0
DA:78,0
DA:84,0
LF:18
LH:0
BRDA:21,0,0,0
BRDA:21,0,1,0
BRDA:21,1,0,0
BRDA:21,1,1,0
BRDA:33,2,0,0
BRDA:33,2,1,0
BRDA:55,3,0,0
BRDA:55,3,1,0
BRDA:58,4,0,0
BRDA:58,4,1,0
BRDA:58,5,0,0
BRDA:58,5,1,0
BRF:12
BRH:0
end_of_record
TN:
SF:src\screens\auth\LoginScreen.tsx
FN:28,LoginScreen
FN:39,(anonymous_1)
FN:40,(anonymous_2)
FN:48,(anonymous_3)
FN:123,(anonymous_4)
FN:123,(anonymous_5)
FN:134,(anonymous_6)
FN:134,(anonymous_7)
FNF:8
FNH:0
FNDA:0,LoginScreen
FNDA:0,(anonymous_1)
FNDA:0,(anonymous_2)
FNDA:0,(anonymous_3)
FNDA:0,(anonymous_4)
FNDA:0,(anonymous_5)
FNDA:0,(anonymous_6)
FNDA:0,(anonymous_7)
DA:26,0
DA:29,0
DA:30,0
DA:32,0
DA:34,0
DA:35,0
DA:36,0
DA:37,0
DA:39,0
DA:40,0
DA:41,0
DA:42,0
DA:43,0
DA:48,0
DA:49,0
DA:50,0
DA:51,0
DA:54,0
DA:55,0
DA:57,0
DA:58,0
DA:60,0
DA:63,0
DA:70,0
DA:123,0
DA:134,0
DA:163,0
LF:27
LH:0
BRDA:41,0,0,0
BRDA:41,0,1,0
BRDA:49,1,0,0
BRDA:49,1,1,0
BRDA:49,2,0,0
BRDA:49,2,1,0
BRDA:57,3,0,0
BRDA:57,3,1,0
BRDA:65,4,0,0
BRDA:65,4,1,0
BRDA:65,4,2,0
BRDA:73,5,0,0
BRDA:73,5,1,0
BRDA:80,6,0,0
BRDA:80,6,1,0
BRDA:126,7,0,0
BRDA:126,7,1,0
BRDA:138,8,0,0
BRDA:138,8,1,0
BRDA:139,9,0,0
BRDA:139,9,1,0
BRDA:146,10,0,0
BRDA:146,10,1,0
BRDA:150,11,0,0
BRDA:150,11,1,0
BRF:25
BRH:0
end_of_record
TN:
SF:src\screens\auth\SplashScreen.tsx
FN:11,SplashScreen
FN:15,(anonymous_1)
FN:37,(anonymous_2)
FN:43,(anonymous_3)
FNF:4
FNH:0
FNDA:0,SplashScreen
FNDA:0,(anonymous_1)
FNDA:0,(anonymous_2)
FNDA:0,(anonymous_3)
DA:9,0
DA:12,0
DA:13,0
DA:15,0
DA:16,0
DA:37,0
DA:38,0
DA:39,0
DA:43,0
DA:46,0
DA:60,0
LF:11
LH:0
BRDA:38,0,0,0
BRDA:38,0,1,0
BRF:2
BRH:0
end_of_record
TN:
SF:src\screens\home\HomeScreen.tsx
FN:34,firstName
FN:39,initials
FN:46,normalizeList
FN:50,pointsOf
FN:54,HomeScreen
FN:73,(anonymous_5)
FN:85,(anonymous_6)
FN:87,(anonymous_7)
FN:97,(anonymous_8)
FN:107,(anonymous_9)
FN:109,(anonymous_10)
FN:115,(anonymous_11)
FN:119,(anonymous_12)
FN:119,(anonymous_13)
FN:127,(anonymous_14)
FN:131,(anonymous_15)
FN:138,(anonymous_16)
FN:138,(anonymous_17)
FN:146,(anonymous_18)
FN:147,(anonymous_19)
FN:148,(anonymous_20)
FN:198,(anonymous_21)
FN:202,(anonymous_22)
FN:207,(anonymous_23)
FN:208,(anonymous_24)
FN:215,(anonymous_25)
FN:218,(anonymous_26)
FN:237,(anonymous_27)
FN:244,(anonymous_28)
FN:258,(anonymous_29)
FN:296,LeaderboardPodium
FN:308,(anonymous_31)
FNF:32
FNH:0
FNDA:0,firstName
FNDA:0,initials
FNDA:0,normalizeList
FNDA:0,pointsOf
FNDA:0,HomeScreen
FNDA:0,(anonymous_5)
FNDA:0,(anonymous_6)
FNDA:0,(anonymous_7)
FNDA:0,(anonymous_8)
FNDA:0,(anonymous_9)
FNDA:0,(anonymous_10)
FNDA:0,(anonymous_11)
FNDA:0,(anonymous_12)
FNDA:0,(anonymous_13)
FNDA:0,(anonymous_14)
FNDA:0,(anonymous_15)
FNDA:0,(anonymous_16)
FNDA:0,(anonymous_17)
FNDA:0,(anonymous_18)
FNDA:0,(anonymous_19)
FNDA:0,(anonymous_20)
FNDA:0,(anonymous_21)
FNDA:0,(anonymous_22)
FNDA:0,(anonymous_23)
FNDA:0,(anonymous_24)
FNDA:0,(anonymous_25)
FNDA:0,(anonymous_26)
FNDA:0,(anonymous_27)
FNDA:0,(anonymous_28)
FNDA:0,(anonymous_29)
FNDA:0,LeaderboardPodium
FNDA:0,(anonymous_31)
DA:35,0
DA:36,0
DA:40,0
DA:41,0
DA:42,0
DA:43,0
DA:47,0
DA:51,0
DA:55,0
DA:56,0
DA:57,0
DA:58,0
DA:59,0
DA:61,0
DA:62,0
DA:63,0
DA:64,0
DA:65,0
DA:66,0
DA:67,0
DA:68,0
DA:69,0
DA:70,0
DA:71,0
DA:73,0
DA:74,0
DA:75,0
DA:76,0
DA:77,0
DA:83,0
DA:84,0
DA:85,0
DA:86,0
DA:87,0
DA:89,0
DA:94,0
DA:95,0
DA:96,0
DA:97,0
DA:100,0
DA:101,0
DA:103,0
DA:107,0
DA:109,0
DA:110,0
DA:111,0
DA:112,0
DA:115,0
DA:116,0
DA:117,0
DA:118,0
DA:119,0
DA:121,0
DA:123,0
DA:127,0
DA:128,0
DA:131,0
DA:132,0
DA:133,0
DA:134,0
DA:135,0
DA:136,0
DA:137,0
DA:138,0
DA:140,0
DA:142,0
DA:146,0
DA:147,0
DA:148,0
DA:150,0
DA:151,0
DA:199,0
DA:202,0
DA:208,0
DA:215,0
DA:218,0
DA:237,0
DA:244,0
DA:250,0
DA:258,0
DA:297,0
DA:298,0
DA:309,0
DA:310,0
DA:311,0
DA:312,0
DA:332,0
LF:87
LH:0
BRDA:35,0,0,0
BRDA:35,0,1,0
BRDA:36,1,0,0
BRDA:36,1,1,0
BRDA:40,2,0,0
BRDA:40,2,1,0
BRDA:42,3,0,0
BRDA:42,3,1,0
BRDA:43,4,0,0
BRDA:43,4,1,0
BRDA:47,5,0,0
BRDA:47,5,1,0
BRDA:47,6,0,0
BRDA:47,6,1,0
BRDA:51,7,0,0
BRDA:51,7,1,0
BRDA:51,7,2,0
BRDA:58,8,0,0
BRDA:58,8,1,0
BRDA:76,9,0,0
BRDA:76,9,1,0
BRDA:87,10,0,0
BRDA:87,10,1,0
BRDA:87,10,2,0
BRDA:87,11,0,0
BRDA:87,11,1,0
BRDA:97,12,0,0
BRDA:97,12,1,0
BRDA:97,12,2,0
BRDA:97,13,0,0
BRDA:97,13,1,0
BRDA:100,14,0,0
BRDA:100,14,1,0
BRDA:133,15,0,0
BRDA:133,15,1,0
BRDA:147,16,0,0
BRDA:147,16,1,0
BRDA:148,17,0,0
BRDA:148,17,1,0
BRDA:150,18,0,0
BRDA:150,18,1,0
BRDA:153,19,0,0
BRDA:153,19,1,0
BRDA:163,20,0,0
BRDA:163,20,1,0
BRDA:192,21,0,0
BRDA:192,21,1,0
BRDA:200,22,0,0
BRDA:200,22,1,0
BRDA:202,23,0,0
BRDA:202,23,1,0
BRDA:202,24,0,0
BRDA:202,24,1,0
BRDA:204,25,0,0
BRDA:204,25,1,0
BRDA:205,26,0,0
BRDA:205,26,1,0
BRDA:205,27,0,0
BRDA:205,27,1,0
BRDA:215,28,0,0
BRDA:215,28,1,0
BRDA:218,29,0,0
BRDA:218,29,1,0
BRDA:227,30,0,0
BRDA:227,30,1,0
BRDA:252,31,0,0
BRDA:252,31,1,0
BRDA:263,32,0,0
BRDA:263,32,1,0
BRDA:269,33,0,0
BRDA:269,33,1,0
BRDA:269,33,2,0
BRDA:274,34,0,0
BRDA:274,34,1,0
BRDA:279,35,0,0
BRDA:279,35,1,0
BRDA:279,35,2,0
BRDA:279,35,3,0
BRDA:284,36,0,0
BRDA:284,36,1,0
BRDA:284,36,2,0
BRDA:304,37,0,0
BRDA:304,37,1,0
BRDA:309,38,0,0
BRDA:309,38,1,0
BRDA:311,39,0,0
BRDA:311,39,1,0
BRDA:311,40,0,0
BRDA:311,40,1,0
BRDA:318,41,0,0
BRDA:318,41,1,0
BRDA:318,42,0,0
BRDA:318,42,1,0
BRF:93
BRH:0
end_of_record
TN:
SF:src\screens\leaderboard\LeaderboardScreen.tsx
FN:32,getInitials
FN:40,normalizeEntry
FN:48,LeaderboardScreen
FN:63,(anonymous_3)
FN:74,(anonymous_4)
FN:75,(anonymous_5)
FN:84,(anonymous_6)
FN:86,(anonymous_7)
FN:89,(anonymous_8)
FN:95,(anonymous_9)
FN:102,(anonymous_10)
FN:103,(anonymous_11)
FN:105,(anonymous_12)
FN:137,(anonymous_13)
FN:141,(anonymous_14)
FN:160,(anonymous_15)
FN:174,(anonymous_16)
FN:178,(anonymous_17)
FN:195,(anonymous_18)
FN:196,(anonymous_19)
FN:199,(anonymous_20)
FN:200,(anonymous_21)
FN:208,(anonymous_22)
FN:209,(anonymous_23)
FN:212,(anonymous_24)
FN:213,(anonymous_25)
FNF:26
FNH:0
FNDA:0,getInitials
FNDA:0,normalizeEntry
FNDA:0,LeaderboardScreen
FNDA:0,(anonymous_3)
FNDA:0,(anonymous_4)
FNDA:0,(anonymous_5)
FNDA:0,(anonymous_6)
FNDA:0,(anonymous_7)
FNDA:0,(anonymous_8)
FNDA:0,(anonymous_9)
FNDA:0,(anonymous_10)
FNDA:0,(anonymous_11)
FNDA:0,(anonymous_12)
FNDA:0,(anonymous_13)
FNDA:0,(anonymous_14)
FNDA:0,(anonymous_15)
FNDA:0,(anonymous_16)
FNDA:0,(anonymous_17)
FNDA:0,(anonymous_18)
FNDA:0,(anonymous_19)
FNDA:0,(anonymous_20)
FNDA:0,(anonymous_21)
FNDA:0,(anonymous_22)
FNDA:0,(anonymous_23)
FNDA:0,(anonymous_24)
FNDA:0,(anonymous_25)
DA:20,0
DA:27,0
DA:33,0
DA:34,0
DA:35,0
DA:41,0
DA:49,0
DA:50,0
DA:51,0
DA:52,0
DA:53,0
DA:54,0
DA:55,0
DA:56,0
DA:57,0
DA:58,0
DA:59,0
DA:60,0
DA:61,0
DA:63,0
DA:64,0
DA:65,0
DA:66,0
DA:73,0
DA:74,0
DA:75,0
DA:76,0
DA:77,0
DA:78,0
DA:80,0
DA:84,0
DA:85,0
DA:86,0
DA:89,0
DA:90,0
DA:91,0
DA:92,0
DA:95,0
DA:96,0
DA:97,0
DA:98,0
DA:99,0
DA:102,0
DA:103,0
DA:105,0
DA:106,0
DA:107,0
DA:109,0
DA:133,0
DA:137,0
DA:141,0
DA:160,0
DA:174,0
DA:178,0
DA:195,0
DA:196,0
DA:200,0
DA:208,0
DA:209,0
DA:213,0
DA:225,0
LF:61
LH:0
BRDA:34,0,0,0
BRDA:34,0,1,0
BRDA:35,1,0,0
BRDA:35,1,1,0
BRDA:43,2,0,0
BRDA:43,2,1,0
BRDA:43,2,2,0
BRDA:44,3,0,0
BRDA:44,3,1,0
BRDA:63,4,0,0
BRDA:63,5,0,0
BRDA:69,6,0,0
BRDA:69,6,1,0
BRDA:73,7,0,0
BRDA:73,7,1,0
BRDA:73,8,0,0
BRDA:73,8,1,0
BRDA:75,9,0,0
BRDA:75,9,1,0
BRDA:76,10,0,0
BRDA:76,10,1,0
BRDA:76,11,0,0
BRDA:76,11,1,0
BRDA:77,12,0,0
BRDA:77,12,1,0
BRDA:77,13,0,0
BRDA:77,13,1,0
BRDA:78,14,0,0
BRDA:78,14,1,0
BRDA:78,15,0,0
BRDA:78,15,1,0
BRDA:96,16,0,0
BRDA:96,16,1,0
BRDA:96,17,0,0
BRDA:96,17,1,0
BRDA:102,18,0,0
BRDA:102,18,1,0
BRDA:103,19,0,0
BRDA:103,19,1,0
BRDA:106,20,0,0
BRDA:106,20,1,0
BRDA:106,21,0,0
BRDA:106,21,1,0
BRDA:106,22,0,0
BRDA:106,22,1,0
BRDA:110,23,0,0
BRDA:110,23,1,0
BRDA:110,24,0,0
BRDA:110,24,1,0
BRDA:112,25,0,0
BRDA:112,25,1,0
BRDA:114,26,0,0
BRDA:114,26,1,0
BRDA:117,27,0,0
BRDA:117,27,1,0
BRDA:123,28,0,0
BRDA:123,28,1,0
BRDA:125,29,0,0
BRDA:125,29,1,0
BRDA:126,30,0,0
BRDA:126,30,1,0
BRDA:127,31,0,0
BRDA:127,31,1,0
BRDA:157,32,0,0
BRDA:157,32,1,0
BRDA:165,33,0,0
BRDA:165,33,1,0
BRDA:165,34,0,0
BRDA:165,34,1,0
BRDA:176,35,0,0
BRDA:176,35,1,0
BRDA:180,36,0,0
BRDA:180,36,1,0
BRDA:180,37,0,0
BRDA:180,37,1,0
BRDA:182,38,0,0
BRDA:182,38,1,0
BRDA:200,39,0,0
BRDA:200,39,1,0
BRDA:201,40,0,0
BRDA:201,40,1,0
BRDA:202,41,0,0
BRDA:202,41,1,0
BRDA:213,42,0,0
BRDA:213,42,1,0
BRDA:214,43,0,0
BRDA:214,43,1,0
BRDA:215,44,0,0
BRDA:215,44,1,0
BRF:89
BRH:0
end_of_record
TN:
SF:src\screens\profile\ProfileScreenFixed.tsx
FN:58,getInitials
FN:67,unwrapProfile
FN:83,ProfileScreenFixed
FN:110,(anonymous_3)
FN:117,(anonymous_4)
FN:135,(anonymous_5)
FN:139,(anonymous_6)
FN:147,(anonymous_7)
FN:159,(anonymous_8)
FN:161,(anonymous_9)
FN:164,(anonymous_10)
FN:165,(anonymous_11)
FN:177,(anonymous_12)
FN:180,(anonymous_13)
FN:183,(anonymous_14)
FN:189,(anonymous_15)
FN:214,(anonymous_16)
FN:235,(anonymous_17)
FN:247,(anonymous_18)
FN:251,(anonymous_19)
FN:315,(anonymous_20)
FN:328,(anonymous_21)
FN:329,(anonymous_22)
FN:332,(anonymous_23)
FN:333,(anonymous_24)
FN:336,(anonymous_25)
FN:349,(anonymous_26)
FN:352,(anonymous_27)
FN:375,(anonymous_28)
FN:376,(anonymous_29)
FN:378,(anonymous_30)
FN:395,(anonymous_31)
FN:399,(anonymous_32)
FN:408,(anonymous_33)
FN:409,(anonymous_34)
FN:410,(anonymous_35)
FN:410,(anonymous_36)
FN:415,(anonymous_37)
FNF:38
FNH:0
FNDA:0,getInitials
FNDA:0,unwrapProfile
FNDA:0,ProfileScreenFixed
FNDA:0,(anonymous_3)
FNDA:0,(anonymous_4)
FNDA:0,(anonymous_5)
FNDA:0,(anonymous_6)
FNDA:0,(anonymous_7)
FNDA:0,(anonymous_8)
FNDA:0,(anonymous_9)
FNDA:0,(anonymous_10)
FNDA:0,(anonymous_11)
FNDA:0,(anonymous_12)
FNDA:0,(anonymous_13)
FNDA:0,(anonymous_14)
FNDA:0,(anonymous_15)
FNDA:0,(anonymous_16)
FNDA:0,(anonymous_17)
FNDA:0,(anonymous_18)
FNDA:0,(anonymous_19)
FNDA:0,(anonymous_20)
FNDA:0,(anonymous_21)
FNDA:0,(anonymous_22)
FNDA:0,(anonymous_23)
FNDA:0,(anonymous_24)
FNDA:0,(anonymous_25)
FNDA:0,(anonymous_26)
FNDA:0,(anonymous_27)
FNDA:0,(anonymous_28)
FNDA:0,(anonymous_29)
FNDA:0,(anonymous_30)
FNDA:0,(anonymous_31)
FNDA:0,(anonymous_32)
FNDA:0,(anonymous_33)
FNDA:0,(anonymous_34)
FNDA:0,(anonymous_35)
FNDA:0,(anonymous_36)
FNDA:0,(anonymous_37)
DA:29,0
DA:36,0
DA:44,0
DA:46,0
DA:52,0
DA:59,0
DA:60,0
DA:61,0
DA:62,0
DA:68,0
DA:69,0
DA:84,0
DA:85,0
DA:86,0
DA:87,0
DA:88,0
DA:89,0
DA:90,0
DA:91,0
DA:92,0
DA:93,0
DA:94,0
DA:95,0
DA:96,0
DA:97,0
DA:98,0
DA:99,0
DA:100,0
DA:101,0
DA:102,0
DA:103,0
DA:104,0
DA:105,0
DA:106,0
DA:107,0
DA:108,0
DA:110,0
DA:111,0
DA:112,0
DA:113,0
DA:114,0
DA:117,0
DA:118,0
DA:119,0
DA:120,0
DA:121,0
DA:122,0
DA:123,0
DA:125,0
DA:126,0
DA:127,0
DA:128,0
DA:130,0
DA:135,0
DA:136,0
DA:137,0
DA:138,0
DA:139,0
DA:140,0
DA:143,0
DA:147,0
DA:148,0
DA:149,0
DA:150,0
DA:151,0
DA:153,0
DA:155,0
DA:159,0
DA:160,0
DA:161,0
DA:164,0
DA:165,0
DA:166,0
DA:167,0
DA:168,0
DA:169,0
DA:170,0
DA:171,0
DA:172,0
DA:173,0
DA:177,0
DA:178,0
DA:179,0
DA:180,0
DA:183,0
DA:184,0
DA:185,0
DA:186,0
DA:189,0
DA:190,0
DA:191,0
DA:192,0
DA:194,0
DA:195,0
DA:196,0
DA:197,0
DA:203,0
DA:204,0
DA:205,0
DA:206,0
DA:208,0
DA:210,0
DA:214,0
DA:215,0
DA:216,0
DA:217,0
DA:218,0
DA:219,0
DA:220,0
DA:221,0
DA:222,0
DA:224,0
DA:225,0
DA:226,0
DA:227,0
DA:228,0
DA:229,0
DA:231,0
DA:235,0
DA:243,0
DA:248,0
DA:251,0
DA:260,0
DA:261,0
DA:268,0
DA:269,0
DA:270,0
DA:272,0
DA:315,0
DA:328,0
DA:329,0
DA:332,0
DA:333,0
DA:336,0
DA:350,0
DA:352,0
DA:375,0
DA:376,0
DA:378,0
DA:396,0
DA:399,0
DA:408,0
DA:409,0
DA:410,0
DA:415,0
DA:421,0
LF:146
LH:0
BRDA:59,0,0,0
BRDA:59,0,1,0
BRDA:61,1,0,0
BRDA:61,1,1,0
BRDA:62,2,0,0
BRDA:62,2,1,0
BRDA:68,3,0,0
BRDA:68,3,1,0
BRDA:68,3,2,0
BRDA:68,3,3,0
BRDA:68,3,4,0
BRDA:70,4,0,0
BRDA:70,4,1,0
BRDA:70,4,2,0
BRDA:71,5,0,0
BRDA:71,5,1,0
BRDA:71,5,2,0
BRDA:72,6,0,0
BRDA:72,6,1,0
BRDA:72,6,2,0
BRDA:73,7,0,0
BRDA:73,7,1,0
BRDA:73,7,2,0
BRDA:74,8,0,0
BRDA:74,8,1,0
BRDA:74,8,2,0
BRDA:74,8,3,0
BRDA:75,9,0,0
BRDA:75,9,1,0
BRDA:75,9,2,0
BRDA:76,10,0,0
BRDA:76,10,1,0
BRDA:77,11,0,0
BRDA:77,11,1,0
BRDA:77,11,2,0
BRDA:77,11,3,0
BRDA:78,12,0,0
BRDA:78,12,1,0
BRDA:78,12,2,0
BRDA:79,13,0,0
BRDA:79,13,1,0
BRDA:79,13,2,0
BRDA:79,13,3,0
BRDA:111,14,0,0
BRDA:111,14,1,0
BRDA:112,15,0,0
BRDA:112,15,1,0
BRDA:113,16,0,0
BRDA:113,16,1,0
BRDA:114,17,0,0
BRDA:114,17,1,0
BRDA:125,18,0,0
BRDA:125,18,1,0
BRDA:126,19,0,0
BRDA:126,19,1,0
BRDA:138,20,0,0
BRDA:138,20,1,0
BRDA:138,21,0,0
BRDA:138,21,1,0
BRDA:140,22,0,0
BRDA:140,22,1,0
BRDA:151,23,0,0
BRDA:151,23,1,0
BRDA:151,24,0,0
BRDA:151,24,1,0
BRDA:166,25,0,0
BRDA:166,25,1,0
BRDA:166,26,0,0
BRDA:166,26,1,0
BRDA:168,27,0,0
BRDA:168,27,1,0
BRDA:169,28,0,0
BRDA:169,28,1,0
BRDA:169,29,0,0
BRDA:169,29,1,0
BRDA:170,30,0,0
BRDA:170,30,1,0
BRDA:170,31,0,0
BRDA:170,31,1,0
BRDA:173,32,0,0
BRDA:173,32,1,0
BRDA:179,33,0,0
BRDA:179,33,1,0
BRDA:190,34,0,0
BRDA:190,34,1,0
BRDA:199,35,0,0
BRDA:199,35,1,0
BRDA:200,36,0,0
BRDA:200,36,1,0
BRDA:201,37,0,0
BRDA:201,37,1,0
BRDA:217,38,0,0
BRDA:217,38,1,0
BRDA:217,39,0,0
BRDA:217,39,1,0
BRDA:218,40,0,0
BRDA:218,40,1,0
BRDA:220,41,0,0
BRDA:220,41,1,0
BRDA:225,42,0,0
BRDA:225,42,1,0
BRDA:250,43,0,0
BRDA:250,43,1,0
BRDA:252,44,0,0
BRDA:252,44,1,0
BRDA:260,45,0,0
BRDA:260,45,1,0
BRDA:268,46,0,0
BRDA:268,46,1,0
BRDA:268,46,2,0
BRDA:269,47,0,0
BRDA:269,47,1,0
BRDA:269,47,2,0
BRDA:270,48,0,0
BRDA:270,48,1,0
BRDA:270,48,2,0
BRDA:270,48,3,0
BRDA:278,49,0,0
BRDA:278,49,1,0
BRDA:289,50,0,0
BRDA:289,50,1,0
BRDA:303,51,0,0
BRDA:303,51,1,0
BRDA:309,52,0,0
BRDA:309,52,1,0
BRDA:316,53,0,0
BRDA:316,53,1,0
BRDA:316,54,0,0
BRDA:316,54,1,0
BRDA:321,55,0,0
BRDA:321,55,1,0
BRDA:322,56,0,0
BRDA:322,56,1,0
BRDA:341,57,0,0
BRDA:341,57,1,0
BRDA:343,58,0,0
BRDA:343,58,1,0
BRDA:351,59,0,0
BRDA:351,59,1,0
BRDA:351,60,0,0
BRDA:351,60,1,0
BRDA:357,61,0,0
BRDA:357,61,1,0
BRDA:360,62,0,0
BRDA:360,62,1,0
BRDA:361,63,0,0
BRDA:361,63,1,0
BRDA:362,64,0,0
BRDA:362,64,1,0
BRDA:390,65,0,0
BRDA:390,65,1,0
BRDA:392,66,0,0
BRDA:392,66,1,0
BRDA:398,67,0,0
BRDA:398,67,1,0
BRDA:400,68,0,0
BRDA:400,68,1,0
BRF:157
BRH:0
end_of_record
TN:
SF:src\screens\room\CreateRoomScreen.tsx
FN:31,CreateRoomScreen
FN:46,(anonymous_1)
FN:78,(anonymous_2)
FN:108,(anonymous_3)
FN:129,(anonymous_4)
FNF:5
FNH:0
FNDA:0,CreateRoomScreen
FNDA:0,(anonymous_1)
FNDA:0,(anonymous_2)
FNDA:0,(anonymous_3)
FNDA:0,(anonymous_4)
DA:22,0
DA:32,0
DA:33,0
DA:34,0
DA:41,0
DA:46,0
DA:47,0
DA:48,0
DA:49,0
DA:50,0
DA:54,0
DA:56,0
DA:57,0
DA:58,0
DA:59,0
DA:60,0
DA:62,0
DA:65,0
DA:69,0
DA:78,0
DA:109,0
DA:130,0
DA:171,0
LF:23
LH:0
BRDA:52,0,0,0
BRDA:52,0,1,0
BRDA:57,1,0,0
BRDA:57,1,1,0
BRDA:58,2,0,0
BRDA:58,2,1,0
BRDA:59,3,0,0
BRDA:59,3,1,0
BRDA:73,4,0,0
BRDA:73,4,1,0
BRDA:94,5,0,0
BRDA:94,5,1,0
BRDA:110,6,0,0
BRDA:110,6,1,0
BRDA:119,7,0,0
BRDA:119,7,1,0
BRDA:133,8,0,0
BRDA:133,8,1,0
BRDA:140,9,0,0
BRDA:140,9,1,0
BRDA:146,10,0,0
BRDA:146,10,1,0
BRDA:153,11,0,0
BRDA:153,11,1,0
BRDA:159,12,0,0
BRDA:159,12,1,0
BRF:26
BRH:0
end_of_record
TN:
SF:src\screens\room\JoinRoomScreen.tsx
FN:30,JoinRoomScreen
FN:45,(anonymous_1)
FN:52,(anonymous_2)
FN:75,(anonymous_3)
FN:113,(anonymous_4)
FNF:5
FNH:0
FNDA:0,JoinRoomScreen
FNDA:0,(anonymous_1)
FNDA:0,(anonymous_2)
FNDA:0,(anonymous_3)
FNDA:0,(anonymous_4)
DA:22,0
DA:31,0
DA:32,0
DA:33,0
DA:40,0
DA:45,0
DA:46,0
DA:47,0
DA:48,0
DA:49,0
DA:50,0
DA:52,0
DA:53,0
DA:55,0
DA:56,0
DA:57,0
DA:59,0
DA:62,0
DA:66,0
DA:75,0
DA:114,0
DA:151,0
LF:22
LH:0
BRDA:56,0,0,0
BRDA:56,0,1,0
BRDA:70,1,0,0
BRDA:70,1,1,0
BRDA:99,2,0,0
BRDA:99,2,1,0
BRDA:115,3,0,0
BRDA:115,3,1,0
BRDA:126,4,0,0
BRDA:126,4,1,0
BRDA:133,5,0,0
BRDA:133,5,1,0
BRDA:139,6,0,0
BRDA:139,6,1,0
BRF:14
BRH:0
end_of_record
TN:
SF:src\screens\room\RoomListScreen.tsx
FN:30,RoomListScreen
FN:39,(anonymous_1)
FN:43,(anonymous_2)
FN:56,(anonymous_3)
FN:60,(anonymous_4)
FN:66,(anonymous_5)
FN:117,(anonymous_6)
FN:127,(anonymous_7)
FN:133,(anonymous_8)
FN:143,(anonymous_9)
FN:152,(anonymous_10)
FNF:11
FNH:0
FNDA:0,RoomListScreen
FNDA:0,(anonymous_1)
FNDA:0,(anonymous_2)
FNDA:0,(anonymous_3)
FNDA:0,(anonymous_4)
FNDA:0,(anonymous_5)
FNDA:0,(anonymous_6)
FNDA:0,(anonymous_7)
FNDA:0,(anonymous_8)
FNDA:0,(anonymous_9)
FNDA:0,(anonymous_10)
DA:26,0
DA:31,0
DA:33,0
DA:34,0
DA:35,0
DA:36,0
DA:39,0
DA:40,0
DA:43,0
DA:44,0
DA:45,0
DA:46,0
DA:47,0
DA:48,0
DA:50,0
DA:52,0
DA:56,0
DA:57,0
DA:60,0
DA:61,0
DA:62,0
DA:63,0
DA:66,0
DA:67,0
DA:68,0
DA:71,0
DA:72,0
DA:82,0
DA:118,0
DA:127,0
DA:133,0
DA:143,0
DA:150,0
DA:152,0
DA:192,0
LF:35
LH:0
BRDA:50,0,0,0
BRDA:50,0,1,0
BRDA:71,1,0,0
BRDA:71,1,1,0
BRDA:71,2,0,0
BRDA:71,2,1,0
BRDA:87,3,0,0
BRDA:87,3,1,0
BRDA:107,4,0,0
BRDA:107,4,1,0
BRDA:157,5,0,0
BRDA:157,5,1,0
BRDA:158,6,0,0
BRDA:158,6,1,0
BRDA:166,7,0,0
BRDA:166,7,1,0
BRDA:166,7,2,0
BRDA:166,7,3,0
BRDA:173,8,0,0
BRDA:173,8,1,0
BRDA:179,9,0,0
BRDA:179,9,1,0
BRDA:184,10,0,0
BRDA:184,10,1,0
BRF:24
BRH:0
end_of_record
TN:
SF:src\screens\rules\RulesScreen.tsx
FN:21,RulesScreen
FN:41,(anonymous_1)
FN:42,(anonymous_2)
FN:47,(anonymous_3)
FN:52,(anonymous_4)
FN:63,(anonymous_5)
FN:65,(anonymous_6)
FN:71,(anonymous_7)
FN:82,(anonymous_8)
FN:93,(anonymous_9)
FN:121,(anonymous_10)
FN:130,(anonymous_11)
FN:131,(anonymous_12)
FN:141,(anonymous_13)
FN:147,(anonymous_14)
FN:150,(anonymous_15)
FN:150,(anonymous_16)
FN:159,(anonymous_17)
FN:185,(anonymous_18)
FN:194,(anonymous_19)
FN:204,(anonymous_20)
FN:205,(anonymous_21)
FN:218,(anonymous_22)
FN:223,(anonymous_23)
FNF:24
FNH:0
FNDA:0,RulesScreen
FNDA:0,(anonymous_1)
FNDA:0,(anonymous_2)
FNDA:0,(anonymous_3)
FNDA:0,(anonymous_4)
FNDA:0,(anonymous_5)
FNDA:0,(anonymous_6)
FNDA:0,(anonymous_7)
FNDA:0,(anonymous_8)
FNDA:0,(anonymous_9)
FNDA:0,(anonymous_10)
FNDA:0,(anonymous_11)
FNDA:0,(anonymous_12)
FNDA:0,(anonymous_13)
FNDA:0,(anonymous_14)
FNDA:0,(anonymous_15)
FNDA:0,(anonymous_16)
FNDA:0,(anonymous_17)
FNDA:0,(anonymous_18)
FNDA:0,(anonymous_19)
FNDA:0,(anonymous_20)
FNDA:0,(anonymous_21)
FNDA:0,(anonymous_22)
FNDA:0,(anonymous_23)
DA:22,0
DA:23,0
DA:24,0
DA:25,0
DA:26,0
DA:27,0
DA:28,0
DA:29,0
DA:30,0
DA:31,0
DA:32,0
DA:33,0
DA:34,0
DA:35,0
DA:36,0
DA:37,0
DA:38,0
DA:39,0
DA:41,0
DA:42,0
DA:47,0
DA:48,0
DA:49,0
DA:50,0
DA:51,0
DA:52,0
DA:53,0
DA:54,0
DA:56,0
DA:58,0
DA:59,0
DA:63,0
DA:65,0
DA:66,0
DA:67,0
DA:68,0
DA:71,0
DA:72,0
DA:73,0
DA:74,0
DA:75,0
DA:76,0
DA:77,0
DA:78,0
DA:79,0
DA:82,0
DA:83,0
DA:84,0
DA:85,0
DA:86,0
DA:87,0
DA:88,0
DA:89,0
DA:90,0
DA:93,0
DA:94,0
DA:95,0
DA:96,0
DA:97,0
DA:98,0
DA:100,0
DA:101,0
DA:102,0
DA:104,0
DA:105,0
DA:106,0
DA:108,0
DA:109,0
DA:110,0
DA:112,0
DA:121,0
DA:122,0
DA:123,0
DA:124,0
DA:125,0
DA:126,0
DA:127,0
DA:130,0
DA:131,0
DA:133,0
DA:135,0
DA:137,0
DA:141,0
DA:142,0
DA:148,0
DA:149,0
DA:150,0
DA:152,0
DA:159,0
DA:160,0
DA:161,0
DA:162,0
DA:165,0
DA:185,0
DA:195,0
DA:204,0
DA:205,0
DA:218,0
DA:223,0
DA:252,0
LF:100
LH:0
BRDA:24,0,0,0
BRDA:24,0,1,0
BRDA:42,1,0,0
BRDA:42,1,1,0
BRDA:42,2,0,0
BRDA:42,2,1,0
BRDA:43,3,0,0
BRDA:43,3,1,0
BRDA:43,4,0,0
BRDA:43,4,1,0
BRDA:44,5,0,0
BRDA:44,5,1,0
BRDA:44,6,0,0
BRDA:44,6,1,0
BRDA:47,7,0,0
BRDA:47,8,0,0
BRDA:48,9,0,0
BRDA:48,9,1,0
BRDA:52,10,0,0
BRDA:52,10,1,0
BRDA:84,11,0,0
BRDA:84,11,1,0
BRDA:85,12,0,0
BRDA:85,12,1,0
BRDA:86,13,0,0
BRDA:86,13,1,0
BRDA:87,14,0,0
BRDA:87,14,1,0
BRDA:88,15,0,0
BRDA:88,15,1,0
BRDA:96,16,0,0
BRDA:96,16,1,0
BRDA:100,17,0,0
BRDA:100,17,1,0
BRDA:100,18,0,0
BRDA:100,18,1,0
BRDA:104,19,0,0
BRDA:104,19,1,0
BRDA:104,20,0,0
BRDA:104,20,1,0
BRDA:108,21,0,0
BRDA:108,21,1,0
BRDA:108,22,0,0
BRDA:108,22,1,0
BRDA:108,22,2,0
BRDA:108,22,3,0
BRDA:114,23,0,0
BRDA:114,23,1,0
BRDA:115,24,0,0
BRDA:115,24,1,0
BRDA:123,25,0,0
BRDA:123,25,1,0
BRDA:127,26,0,0
BRDA:127,26,1,0
BRDA:130,27,0,0
BRDA:130,27,1,0
BRDA:131,28,0,0
BRDA:131,28,1,0
BRDA:160,29,0,0
BRDA:160,29,1,0
BRDA:160,30,0,0
BRDA:160,30,1,0
BRDA:171,31,0,0
BRDA:171,31,1,0
BRDA:179,32,0,0
BRDA:179,32,1,0
BRDA:187,33,0,0
BRDA:187,33,1,0
BRDA:189,34,0,0
BRDA:189,34,1,0
BRDA:191,35,0,0
BRDA:191,35,1,0
BRDA:198,36,0,0
BRDA:198,36,1,0
BRDA:200,37,0,0
BRDA:200,37,1,0
BRDA:202,38,0,0
BRDA:202,38,1,0
BRDA:210,39,0,0
BRDA:210,39,1,0
BRDA:211,40,0,0
BRDA:211,40,1,0
BRDA:222,41,0,0
BRDA:222,41,1,0
BRDA:225,42,0,0
BRDA:225,42,1,0
BRDA:242,43,0,0
BRDA:242,43,1,0
BRDA:243,44,0,0
BRDA:243,44,1,0
BRF:90
BRH:0
end_of_record
TN:
SF:src\screens\spot\SpotScreen.tsx
FN:51,SpotScreen
FN:68,(anonymous_1)
FN:77,(anonymous_2)
FN:88,(anonymous_3)
FN:91,(anonymous_4)
FN:99,(anonymous_5)
FN:101,(anonymous_6)
FN:109,(anonymous_7)
FN:118,(anonymous_8)
FN:120,(anonymous_9)
FN:155,(anonymous_10)
FN:174,(anonymous_11)
FN:176,(anonymous_12)
FN:183,(anonymous_13)
FN:185,(anonymous_14)
FN:200,(anonymous_15)
FN:208,(anonymous_16)
FN:208,(anonymous_17)
FN:208,(anonymous_18)
FN:210,(anonymous_19)
FN:211,(anonymous_20)
FN:212,(anonymous_21)
FN:213,(anonymous_22)
FN:214,(anonymous_23)
FN:219,(anonymous_24)
FN:228,(anonymous_25)
FN:230,(anonymous_26)
FN:293,(anonymous_27)
FN:308,(anonymous_28)
FN:311,(anonymous_29)
FN:324,(anonymous_30)
FN:348,(anonymous_31)
FN:351,(anonymous_32)
FN:377,(anonymous_33)
FN:378,(anonymous_34)
FN:404,(anonymous_35)
FN:412,(anonymous_36)
FN:417,(anonymous_37)
FN:421,(anonymous_38)
FN:422,(anonymous_39)
FN:425,(anonymous_40)
FN:441,(anonymous_41)
FN:442,(anonymous_42)
FN:448,(anonymous_43)
FN:462,(anonymous_44)
FN:463,(anonymous_45)
FN:464,(anonymous_46)
FN:468,(anonymous_47)
FN:479,(anonymous_48)
FNF:49
FNH:0
FNDA:0,SpotScreen
FNDA:0,(anonymous_1)
FNDA:0,(anonymous_2)
FNDA:0,(anonymous_3)
FNDA:0,(anonymous_4)
FNDA:0,(anonymous_5)
FNDA:0,(anonymous_6)
FNDA:0,(anonymous_7)
FNDA:0,(anonymous_8)
FNDA:0,(anonymous_9)
FNDA:0,(anonymous_10)
FNDA:0,(anonymous_11)
FNDA:0,(anonymous_12)
FNDA:0,(anonymous_13)
FNDA:0,(anonymous_14)
FNDA:0,(anonymous_15)
FNDA:0,(anonymous_16)
FNDA:0,(anonymous_17)
FNDA:0,(anonymous_18)
FNDA:0,(anonymous_19)
FNDA:0,(anonymous_20)
FNDA:0,(anonymous_21)
FNDA:0,(anonymous_22)
FNDA:0,(anonymous_23)
FNDA:0,(anonymous_24)
FNDA:0,(anonymous_25)
FNDA:0,(anonymous_26)
FNDA:0,(anonymous_27)
FNDA:0,(anonymous_28)
FNDA:0,(anonymous_29)
FNDA:0,(anonymous_30)
FNDA:0,(anonymous_31)
FNDA:0,(anonymous_32)
FNDA:0,(anonymous_33)
FNDA:0,(anonymous_34)
FNDA:0,(anonymous_35)
FNDA:0,(anonymous_36)
FNDA:0,(anonymous_37)
FNDA:0,(anonymous_38)
FNDA:0,(anonymous_39)
FNDA:0,(anonymous_40)
FNDA:0,(anonymous_41)
FNDA:0,(anonymous_42)
FNDA:0,(anonymous_43)
FNDA:0,(anonymous_44)
FNDA:0,(anonymous_45)
FNDA:0,(anonymous_46)
FNDA:0,(anonymous_47)
FNDA:0,(anonymous_48)
DA:36,0
DA:52,0
DA:53,0
DA:54,0
DA:55,0
DA:56,0
DA:57,0
DA:58,0
DA:59,0
DA:60,0
DA:61,0
DA:62,0
DA:63,0
DA:64,0
DA:65,0
DA:66,0
DA:68,0
DA:69,0
DA:72,0
DA:77,0
DA:78,0
DA:79,0
DA:80,0
DA:88,0
DA:89,0
DA:90,0
DA:91,0
DA:93,0
DA:95,0
DA:99,0
DA:101,0
DA:102,0
DA:103,0
DA:104,0
DA:105,0
DA:106,0
DA:107,0
DA:109,0
DA:110,0
DA:111,0
DA:114,0
DA:118,0
DA:119,0
DA:120,0
DA:122,0
DA:123,0
DA:124,0
DA:134,0
DA:135,0
DA:139,0
DA:142,0
DA:143,0
DA:147,0
DA:156,0
DA:157,0
DA:158,0
DA:160,0
DA:161,0
DA:162,0
DA:163,0
DA:174,0
DA:175,0
DA:176,0
DA:177,0
DA:184,0
DA:185,0
DA:186,0
DA:187,0
DA:200,0
DA:201,0
DA:202,0
DA:203,0
DA:205,0
DA:208,0
DA:210,0
DA:211,0
DA:212,0
DA:213,0
DA:214,0
DA:215,0
DA:219,0
DA:220,0
DA:221,0
DA:222,0
DA:223,0
DA:224,0
DA:225,0
DA:226,0
DA:227,0
DA:228,0
DA:229,0
DA:230,0
DA:231,0
DA:233,0
DA:234,0
DA:235,0
DA:236,0
DA:237,0
DA:238,0
DA:240,0
DA:242,0
DA:247,0
DA:248,0
DA:262,0
DA:293,0
DA:308,0
DA:311,0
DA:325,0
DA:349,0
DA:351,0
DA:377,0
DA:378,0
DA:404,0
DA:412,0
DA:417,0
DA:421,0
DA:423,0
DA:425,0
DA:441,0
DA:442,0
DA:448,0
DA:462,0
DA:464,0
DA:465,0
DA:468,0
DA:479,0
DA:489,0
LF:127
LH:0
BRDA:90,0,0,0
BRDA:90,0,1,0
BRDA:90,1,0,0
BRDA:90,1,1,0
BRDA:105,2,0,0
BRDA:105,2,1,0
BRDA:110,3,0,0
BRDA:110,3,1,0
BRDA:122,4,0,0
BRDA:122,4,1,0
BRDA:134,5,0,0
BRDA:134,5,1,0
BRDA:156,6,0,0
BRDA:156,6,1,0
BRDA:157,7,0,0
BRDA:157,7,1,0
BRDA:160,8,0,0
BRDA:160,8,1,0
BRDA:162,9,0,0
BRDA:162,9,1,0
BRDA:165,10,0,0
BRDA:165,10,1,0
BRDA:166,11,0,0
BRDA:166,11,1,0
BRDA:184,12,0,0
BRDA:184,12,1,0
BRDA:184,13,0,0
BRDA:184,13,1,0
BRDA:186,14,0,0
BRDA:186,14,1,0
BRDA:189,15,0,0
BRDA:189,15,1,0
BRDA:190,16,0,0
BRDA:190,16,1,0
BRDA:201,17,0,0
BRDA:201,17,1,0
BRDA:213,18,0,0
BRDA:213,18,1,0
BRDA:221,19,0,0
BRDA:221,19,1,0
BRDA:229,20,0,0
BRDA:229,20,1,0
BRDA:247,21,0,0
BRDA:247,21,1,0
BRDA:269,22,0,0
BRDA:269,22,1,0
BRDA:275,23,0,0
BRDA:275,23,1,0
BRDA:281,24,0,0
BRDA:281,24,1,0
BRDA:292,25,0,0
BRDA:292,25,1,0
BRDA:295,26,0,0
BRDA:295,26,1,0
BRDA:296,27,0,0
BRDA:296,27,1,0
BRDA:300,28,0,0
BRDA:300,28,1,0
BRDA:307,29,0,0
BRDA:307,29,1,0
BRDA:310,30,0,0
BRDA:310,30,1,0
BRDA:311,31,0,0
BRDA:311,31,1,0
BRDA:315,32,0,0
BRDA:315,32,1,0
BRDA:333,33,0,0
BRDA:333,33,1,0
BRDA:356,34,0,0
BRDA:356,34,1,0
BRDA:367,35,0,0
BRDA:367,35,1,0
BRDA:370,36,0,0
BRDA:370,36,1,0
BRDA:424,37,0,0
BRDA:424,37,1,0
BRDA:426,38,0,0
BRDA:426,38,1,0
BRDA:427,39,0,0
BRDA:427,39,1,0
BRDA:467,40,0,0
BRDA:467,40,1,0
BRDA:470,41,0,0
BRDA:470,41,1,0
BRDA:471,42,0,0
BRDA:471,42,1,0
BRDA:475,43,0,0
BRDA:475,43,1,0
BRF:88
BRH:0
end_of_record
TN:
SF:src\services\secureStorage.ts
FN:12,setItem
FN:17,getItem
FN:23,removeItem
FN:33,saveToken
FN:39,getToken
FN:53,removeToken
FNF:6
FNH:0
FNDA:0,setItem
FNDA:0,getItem
FNDA:0,removeItem
FNDA:0,saveToken
FNDA:0,getToken
FNDA:0,removeToken
DA:3,2
DA:6,2
DA:13,0
DA:14,0
DA:18,0
DA:19,0
DA:20,0
DA:24,0
DA:25,0
DA:35,0
DA:36,0
DA:41,0
DA:42,0
DA:43,0
DA:44,0
DA:46,0
DA:47,0
DA:50,0
DA:55,0
DA:56,0
LF:20
LH:2
BRDA:20,0,0,0
BRDA:20,0,1,0
BRDA:42,1,0,0
BRDA:42,1,1,0
BRDA:44,2,0,0
BRDA:44,2,1,0
BRDA:46,3,0,0
BRDA:46,3,1,0
BRF:8
BRH:0
end_of_record
TN:
SF:src\services\unifiedRoomService.ts
FN:11,(anonymous_0)
FN:16,(anonymous_1)
FN:32,(anonymous_2)
FN:39,(anonymous_3)
FN:48,(anonymous_4)
FN:67,(anonymous_5)
FN:81,(anonymous_6)
FNF:7
FNH:0
FNDA:0,(anonymous_0)
FNDA:0,(anonymous_1)
FNDA:0,(anonymous_2)
FNDA:0,(anonymous_3)
FNDA:0,(anonymous_4)
FNDA:0,(anonymous_5)
FNDA:0,(anonymous_6)
DA:11,1
DA:12,0
DA:13,0
DA:16,1
DA:17,0
DA:18,0
DA:33,0
DA:42,0
DA:44,0
DA:45,0
DA:48,0
DA:51,0
DA:52,0
DA:53,0
DA:55,0
DA:59,0
DA:60,0
DA:71,0
DA:73,0
DA:75,0
DA:85,0
DA:87,0
DA:92,0
LF:23
LH:2
BRDA:12,0,0,0
BRDA:12,0,1,0
BRDA:12,0,2,0
BRDA:13,1,0,0
BRDA:13,1,1,0
BRDA:20,2,0,0
BRDA:20,2,1,0
BRDA:22,3,0,0
BRDA:22,3,1,0
BRDA:51,4,0,0
BRDA:51,4,1,0
BRDA:52,5,0,0
BRDA:52,5,1,0
BRF:13
BRH:0
end_of_record
TN:
SF:src\stores\authStore.ts
FN:24,(anonymous_0)
FN:30,(anonymous_1)
FN:50,(anonymous_2)
FN:70,(anonymous_3)
FN:78,(anonymous_4)
FN:93,(anonymous_5)
FNF:6
FNH:0
FNDA:0,(anonymous_0)
FNDA:0,(anonymous_1)
FNDA:0,(anonymous_2)
FNDA:0,(anonymous_3)
FNDA:0,(anonymous_4)
FNDA:0,(anonymous_5)
DA:24,0
DA:31,0
DA:32,0
DA:33,0
DA:37,0
DA:38,0
DA:45,0
DA:46,0
DA:51,0
DA:52,0
DA:53,0
DA:57,0
DA:58,0
DA:65,0
DA:66,0
DA:71,0
DA:72,0
DA:74,0
DA:75,0
DA:79,0
DA:80,0
DA:81,0
DA:82,0
DA:84,0
DA:85,0
DA:86,0
DA:88,0
DA:89,0
DA:94,0
LF:29
LH:0
BRDA:80,0,0,0
BRDA:80,0,1,0
BRF:2
BRH:0
end_of_record
TN:
SF:src\stores\index.ts
FNF:0
FNH:0
LF:0
LH:0
BRF:0
BRH:0
end_of_record
TN:
SF:src\stores\multiAuthStore.ts
FN:57,(anonymous_0)
FN:66,(anonymous_1)
FN:110,(anonymous_2)
FN:154,(anonymous_3)
FN:172,(anonymous_4)
FN:184,(anonymous_5)
FN:198,(anonymous_6)
FN:204,(anonymous_7)
FN:216,(anonymous_8)
FN:229,(anonymous_9)
FN:244,(anonymous_10)
FN:265,(anonymous_11)
FN:274,(anonymous_12)
FN:282,(anonymous_13)
FNF:14
FNH:1
FNDA:1,(anonymous_0)
FNDA:0,(anonymous_1)
FNDA:0,(anonymous_2)
FNDA:0,(anonymous_3)
FNDA:0,(anonymous_4)
FNDA:0,(anonymous_5)
FNDA:0,(anonymous_6)
FNDA:0,(anonymous_7)
FNDA:0,(anonymous_8)
FNDA:0,(anonymous_9)
FNDA:0,(anonymous_10)
FNDA:0,(anonymous_11)
FNDA:0,(anonymous_12)
FNDA:0,(anonymous_13)
DA:51,1
DA:57,1
DA:68,0
DA:69,0
DA:76,0
DA:78,0
DA:79,0
DA:80,0
DA:86,0
DA:89,0
DA:92,0
DA:102,0
DA:103,0
DA:112,0
DA:113,0
DA:120,0
DA:122,0
DA:123,0
DA:124,0
DA:130,0
DA:133,0
DA:136,0
DA:146,0
DA:147,0
DA:156,0
DA:157,0
DA:158,0
DA:159,0
DA:162,0
DA:163,0
DA:169,0
DA:172,0
DA:185,0
DA:187,0
DA:199,0
DA:203,0
DA:204,0
DA:207,0
DA:211,0
DA:212,0
DA:213,0
DA:216,0
DA:228,0
DA:229,0
DA:234,0
DA:235,0
DA:246,0
DA:248,0
DA:249,0
DA:252,0
DA:253,0
DA:254,0
DA:258,0
DA:266,0
DA:268,0
DA:275,0
DA:276,0
DA:283,0
DA:284,0
LF:59
LH:2
BRDA:68,0,0,0
BRDA:68,0,1,0
BRDA:70,1,0,0
BRDA:70,1,1,0
BRDA:112,2,0,0
BRDA:112,2,1,0
BRDA:114,3,0,0
BRDA:114,3,1,0
BRDA:154,4,0,0
BRDA:156,5,0,0
BRDA:156,5,1,0
BRDA:162,6,0,0
BRDA:162,6,1,0
BRDA:175,7,0,0
BRDA:175,7,1,0
BRDA:203,8,0,0
BRDA:203,8,1,0
BRDA:222,9,0,0
BRDA:222,9,1,0
BRDA:234,10,0,0
BRDA:234,10,1,0
BRDA:253,11,0,0
BRDA:253,11,1,0
BRF:23
BRH:0
end_of_record
TN:
SF:src\stores\roomStore.ts
FN:28,(anonymous_0)
FN:38,(anonymous_1)
FN:59,(anonymous_2)
FN:79,(anonymous_3)
FN:97,(anonymous_4)
FN:107,(anonymous_5)
FN:120,(anonymous_6)
FN:132,(anonymous_7)
FN:146,(anonymous_8)
FN:147,(anonymous_9)
FN:159,(anonymous_10)
FN:161,(anonymous_11)
FNF:12
FNH:5
FNDA:2,(anonymous_0)
FNDA:0,(anonymous_1)
FNDA:0,(anonymous_2)
FNDA:5,(anonymous_3)
FNDA:1,(anonymous_4)
FNDA:0,(anonymous_5)
FNDA:0,(anonymous_6)
FNDA:0,(anonymous_7)
FNDA:0,(anonymous_8)
FNDA:0,(anonymous_9)
FNDA:2,(anonymous_10)
FNDA:12,(anonymous_11)
DA:26,2
DA:28,2
DA:39,0
DA:40,0
DA:41,0
DA:43,0
DA:44,0
DA:45,0
DA:46,0
DA:57,0
DA:58,0
DA:59,0
DA:62,0
DA:68,0
DA:69,0
DA:71,0
DA:72,0
DA:80,5
DA:83,5
DA:88,5
DA:89,5
DA:91,5
DA:98,1
DA:99,1
DA:101,1
DA:108,0
DA:110,0
DA:111,0
DA:114,0
DA:115,0
DA:118,0
DA:120,0
DA:124,0
DA:125,0
DA:133,0
DA:135,0
DA:136,0
DA:139,0
DA:140,0
DA:143,0
DA:146,0
DA:147,0
DA:150,0
DA:151,0
DA:154,0
DA:159,2
DA:161,12
LF:47
LH:12
BRDA:43,0,0,0
BRDA:43,0,1,0
BRDA:45,1,0,0
BRDA:45,1,1,0
BRDA:58,2,0,0
BRDA:58,2,1,0
BRDA:65,3,0,0
BRDA:65,3,1,0
BRDA:68,4,0,0
BRDA:68,4,1,0
BRDA:80,5,0,3
BRDA:80,5,1,2
BRDA:80,6,0,5
BRDA:80,6,1,3
BRDA:80,6,2,2
BRDA:86,7,0,5
BRDA:86,7,1,1
BRDA:88,8,0,5
BRDA:88,8,1,0
BRDA:98,9,0,1
BRDA:98,9,1,0
BRDA:110,10,0,0
BRDA:110,10,1,0
BRDA:114,11,0,0
BRDA:114,11,1,0
BRDA:124,12,0,0
BRDA:124,12,1,0
BRDA:135,13,0,0
BRDA:135,13,1,0
BRDA:139,14,0,0
BRDA:139,14,1,0
BRDA:150,15,0,0
BRDA:150,15,1,0
BRF:33
BRH:9
end_of_record
TN:
SF:src\theme\colors.ts
FNF:0
FNH:0
DA:9,0
DA:31,0
LF:2
LH:0
BRF:0
BRH:0
end_of_record
TN:
SF:src\types\admin.ts
FNF:0
FNH:0
LF:0
LH:0
BRF:0
BRH:0
end_of_record
TN:
SF:src\types\auth.ts
FNF:0
FNH:0
LF:0
LH:0
BRF:0
BRH:0
end_of_record
TN:
SF:src\types\common.ts
FNF:0
FNH:0
LF:0
LH:0
BRF:0
BRH:0
end_of_record
TN:
SF:src\types\dashboard.ts
FNF:0
FNH:0
LF:0
LH:0
BRF:0
BRH:0
end_of_record
TN:
SF:src\types\index.ts
FNF:0
FNH:0
LF:0
LH:0
BRF:0
BRH:0
end_of_record
TN:
SF:src\types\profile.ts
FNF:0
FNH:0
LF:0
LH:0
BRF:0
BRH:0
end_of_record
TN:
SF:src\types\room.ts
FNF:0
FNH:0
LF:0
LH:0
BRF:0
BRH:0
end_of_record
TN:
SF:src\types\rule.ts
FNF:0
FNH:0
LF:0
LH:0
BRF:0
BRH:0
end_of_record
TN:
SF:src\types\violation.ts
FNF:0
FNH:0
LF:0
LH:0
BRF:0
BRH:0
end_of_record
TN:
SF:src\utils\avatar.ts
FN:4,getAvatarUri
FN:17,getInitials
FNF:2
FNH:0
FNDA:0,getAvatarUri
FNDA:0,getInitials
DA:8,0
DA:9,0
DA:11,0
DA:12,0
DA:18,0
DA:19,0
DA:20,0
LF:7
LH:0
BRDA:8,0,0,0
BRDA:8,0,1,0
BRDA:11,1,0,0
BRDA:11,1,1,0
BRDA:19,2,0,0
BRDA:19,2,1,0
BRF:6
BRH:0
end_of_record
TN:
SF:src\utils\fileDownload.ts
FN:24,(anonymous_0)
FN:46,(anonymous_1)
FN:82,(anonymous_2)
FN:112,(anonymous_3)
FN:134,(anonymous_4)
FN:150,(anonymous_5)
FNF:6
FNH:5
FNDA:5,(anonymous_0)
FNDA:0,(anonymous_1)
FNDA:4,(anonymous_2)
FNDA:2,(anonymous_3)
FNDA:4,(anonymous_4)
FNDA:3,(anonymous_5)
DA:24,1
DA:29,5
DA:31,5
DA:32,0
DA:39,5
DA:42,5
DA:47,0
DA:49,0
DA:50,0
DA:55,5
DA:57,4
DA:58,2
DA:64,2
DA:69,1
DA:82,1
DA:86,4
DA:87,4
DA:89,4
DA:90,1
DA:93,3
DA:98,2
DA:100,1
DA:101,1
DA:112,1
DA:117,2
DA:119,2
DA:120,1
DA:123,1
DA:125,1
DA:134,1
DA:135,4
DA:144,4
DA:150,1
DA:151,3
DA:152,3
LF:35
LH:31
BRDA:31,0,0,0
BRDA:31,0,1,5
BRDA:31,1,0,5
BRDA:31,1,1,0
BRDA:39,2,0,5
BRDA:39,2,1,0
BRDA:47,3,0,0
BRDA:47,3,1,0
BRDA:47,4,0,0
BRDA:47,4,1,0
BRDA:57,5,0,2
BRDA:57,5,1,2
BRDA:71,6,0,1
BRDA:71,6,1,0
BRDA:89,7,0,1
BRDA:89,7,1,3
BRDA:94,8,0,3
BRDA:94,8,1,1
BRDA:95,9,0,3
BRDA:95,9,1,0
BRDA:119,10,0,1
BRDA:119,10,1,1
BRDA:119,11,0,2
BRDA:119,11,1,1
BRDA:144,12,0,4
BRDA:144,12,1,1
BRF:26
BRH:17
end_of_record
TN:
SF:src\utils\imageCompression.ts
FN:23,compressImageIfNeeded
FNF:1
FNH:0
FNDA:0,compressImageIfNeeded
DA:5,0
DA:6,0
DA:7,0
DA:24,0
DA:25,0
DA:28,0
DA:34,0
LF:7
LH:0
BRDA:24,0,0,0
BRDA:24,0,1,0
BRDA:24,1,0,0
BRDA:24,1,1,0
BRF:4
BRH:0
end_of_record
TN:
SF:src\utils\imageValidation.ts
FN:10,validateImage
FN:29,validatePhotoCount
FNF:2
FNH:0
FNDA:0,validateImage
FNDA:0,validatePhotoCount
DA:1,0
DA:2,0
DA:3,0
DA:14,0
DA:15,0
DA:20,0
DA:21,0
DA:26,0
DA:30,0
DA:31,0
DA:36,0
DA:37,0
DA:42,0
LF:13
LH:0
BRDA:14,0,0,0
BRDA:14,0,1,0
BRDA:20,1,0,0
BRDA:20,1,1,0
BRDA:20,2,0,0
BRDA:20,2,1,0
BRDA:30,3,0,0
BRDA:30,3,1,0
BRDA:36,4,0,0
BRDA:36,4,1,0
BRF:10
BRH:0
end_of_record
TN:
SF:src\utils\index.ts
FNF:0
FNH:0
LF:0
LH:0
BRF:0
BRH:0
end_of_record
TN:
SF:src\utils\toast.ts
FN:5,showToast
FN:9,handleApiError
FN:43,getValidationErrors
FNF:3
FNH:2
FNDA:0,showToast
FNDA:8,handleApiError
FNDA:3,getValidationErrors
DA:6,0
DA:10,8
DA:12,8
DA:13,1
DA:16,7
DA:18,7
DA:20,1
DA:22,1
DA:24,1
DA:26,1
DA:28,1
DA:29,1
DA:30,1
DA:31,1
DA:34,0
DA:37,0
DA:39,2
DA:46,3
DA:47,3
DA:48,1
DA:49,1
DA:52,2
DA:54,1
DA:56,2
LF:24
LH:21
BRDA:12,0,0,1
BRDA:12,0,1,7
BRDA:18,1,0,1
BRDA:18,1,1,1
BRDA:18,1,2,1
BRDA:18,1,3,1
BRDA:18,1,4,1
BRDA:18,1,5,0
BRDA:18,1,6,2
BRDA:28,2,0,1
BRDA:28,2,1,0
BRDA:30,3,0,1
BRDA:30,3,1,0
BRDA:30,4,0,1
BRDA:30,4,1,1
BRDA:34,5,0,0
BRDA:34,5,1,0
BRDA:39,6,0,2
BRDA:39,6,1,1
BRDA:47,7,0,1
BRDA:47,7,1,2
BRDA:47,8,0,3
BRDA:47,8,1,2
BRF:23
BRH:18
end_of_record
